{"C:\\Users\\ASUS\\Desktop\\ProjectReact Copy\\node-back\\controllers\\coachcontrollers\\Location.js": {"path":"C:\\Users\\ASUS\\Desktop\\ProjectReact Copy\\node-back\\controllers\\coachcontrollers\\Location.js","statementMap":{"0":{"start":{"line":2,"column":11},"end":{"line":2,"column":39}},"1":{"start":{"line":3,"column":24},"end":{"line":3,"column":65}},"2":{"start":{"line":6,"column":0},"end":{"line":19,"column":2}},"3":{"start":{"line":7,"column":16},"end":{"line":7,"column":55}},"4":{"start":{"line":8,"column":17},"end":{"line":14,"column":4}},"5":{"start":{"line":15,"column":2},"end":{"line":15,"column":35}},"6":{"start":{"line":16,"column":2},"end":{"line":16,"column":40}},"7":{"start":{"line":17,"column":2},"end":{"line":17,"column":21}},"8":{"start":{"line":18,"column":2},"end":{"line":18,"column":42}},"9":{"start":{"line":22,"column":0},"end":{"line":30,"column":2}},"10":{"start":{"line":23,"column":2},"end":{"line":29,"column":5}},"11":{"start":{"line":24,"column":4},"end":{"line":28,"column":5}},"12":{"start":{"line":25,"column":6},"end":{"line":25,"column":41}},"13":{"start":{"line":27,"column":6},"end":{"line":27,"column":26}},"14":{"start":{"line":32,"column":0},"end":{"line":41,"column":2}},"15":{"start":{"line":33,"column":16},"end":{"line":33,"column":55}},"16":{"start":{"line":34,"column":2},"end":{"line":40,"column":5}},"17":{"start":{"line":35,"column":4},"end":{"line":39,"column":5}},"18":{"start":{"line":36,"column":6},"end":{"line":36,"column":41}},"19":{"start":{"line":38,"column":6},"end":{"line":38,"column":26}},"20":{"start":{"line":44,"column":0},"end":{"line":66,"column":2}},"21":{"start":{"line":47,"column":2},"end":{"line":65,"column":4}},"22":{"start":{"line":58,"column":6},"end":{"line":63,"column":7}},"23":{"start":{"line":59,"column":8},"end":{"line":59,"column":77}},"24":{"start":{"line":61,"column":8},"end":{"line":61,"column":31}},"25":{"start":{"line":62,"column":8},"end":{"line":62,"column":30}},"26":{"start":{"line":69,"column":0},"end":{"line":84,"column":2}},"27":{"start":{"line":70,"column":2},"end":{"line":83,"column":4}},"28":{"start":{"line":73,"column":6},"end":{"line":81,"column":7}},"29":{"start":{"line":74,"column":8},"end":{"line":76,"column":11}},"30":{"start":{"line":78,"column":8},"end":{"line":80,"column":11}},"31":{"start":{"line":87,"column":0},"end":{"line":95,"column":2}},"32":{"start":{"line":88,"column":2},"end":{"line":94,"column":3}},"33":{"start":{"line":89,"column":21},"end":{"line":89,"column":68}},"34":{"start":{"line":90,"column":4},"end":{"line":90,"column":37}},"35":{"start":{"line":93,"column":4},"end":{"line":93,"column":56}}},"fnMap":{"0":{"name":"(anonymous_0)","decl":{"start":{"line":6,"column":25},"end":{"line":6,"column":26}},"loc":{"start":{"line":6,"column":45},"end":{"line":19,"column":1}},"line":6},"1":{"name":"(anonymous_1)","decl":{"start":{"line":22,"column":23},"end":{"line":22,"column":24}},"loc":{"start":{"line":22,"column":43},"end":{"line":30,"column":1}},"line":22},"2":{"name":"(anonymous_2)","decl":{"start":{"line":23,"column":29},"end":{"line":23,"column":30}},"loc":{"start":{"line":23,"column":55},"end":{"line":29,"column":3}},"line":23},"3":{"name":"(anonymous_3)","decl":{"start":{"line":32,"column":30},"end":{"line":32,"column":31}},"loc":{"start":{"line":32,"column":50},"end":{"line":41,"column":1}},"line":32},"4":{"name":"(anonymous_4)","decl":{"start":{"line":34,"column":47},"end":{"line":34,"column":48}},"loc":{"start":{"line":34,"column":73},"end":{"line":40,"column":3}},"line":34},"5":{"name":"(anonymous_5)","decl":{"start":{"line":44,"column":25},"end":{"line":44,"column":26}},"loc":{"start":{"line":44,"column":39},"end":{"line":66,"column":1}},"line":44},"6":{"name":"(anonymous_6)","decl":{"start":{"line":57,"column":4},"end":{"line":57,"column":5}},"loc":{"start":{"line":57,"column":29},"end":{"line":64,"column":5}},"line":57},"7":{"name":"(anonymous_7)","decl":{"start":{"line":69,"column":25},"end":{"line":69,"column":26}},"loc":{"start":{"line":69,"column":39},"end":{"line":84,"column":1}},"line":69},"8":{"name":"(anonymous_8)","decl":{"start":{"line":72,"column":4},"end":{"line":72,"column":5}},"loc":{"start":{"line":72,"column":29},"end":{"line":82,"column":5}},"line":72},"9":{"name":"(anonymous_9)","decl":{"start":{"line":87,"column":26},"end":{"line":87,"column":27}},"loc":{"start":{"line":87,"column":46},"end":{"line":95,"column":1}},"line":87}},"branchMap":{"0":{"loc":{"start":{"line":24,"column":4},"end":{"line":28,"column":5}},"type":"if","locations":[{"start":{"line":24,"column":4},"end":{"line":28,"column":5}},{"start":{"line":26,"column":11},"end":{"line":28,"column":5}}],"line":24},"1":{"loc":{"start":{"line":35,"column":4},"end":{"line":39,"column":5}},"type":"if","locations":[{"start":{"line":35,"column":4},"end":{"line":39,"column":5}},{"start":{"line":37,"column":11},"end":{"line":39,"column":5}}],"line":35},"2":{"loc":{"start":{"line":58,"column":6},"end":{"line":63,"column":7}},"type":"if","locations":[{"start":{"line":58,"column":6},"end":{"line":63,"column":7}},{"start":{"line":60,"column":13},"end":{"line":63,"column":7}}],"line":58},"3":{"loc":{"start":{"line":73,"column":6},"end":{"line":81,"column":7}},"type":"if","locations":[{"start":{"line":73,"column":6},"end":{"line":81,"column":7}},{"start":{"line":77,"column":13},"end":{"line":81,"column":7}}],"line":73}},"s":{"0":5,"1":5,"2":5,"3":3,"4":3,"5":3,"6":3,"7":3,"8":3,"9":5,"10":0,"11":0,"12":0,"13":0,"14":5,"15":0,"16":0,"17":0,"18":0,"19":0,"20":5,"21":0,"22":0,"23":0,"24":0,"25":0,"26":5,"27":0,"28":0,"29":0,"30":0,"31":5,"32":0,"33":0,"34":0,"35":0},"f":{"0":3,"1":0,"2":0,"3":0,"4":0,"5":0,"6":0,"7":0,"8":0,"9":0},"b":{"0":[0,0],"1":[0,0],"2":[0,0],"3":[0,0]},"_coverageSchema":"1a1c01bbd47fc00a2c39e90264f33305004495a9","hash":"094df22b4cad5aca8f20ea225117d81ae117dbfd"}
,"C:\\Users\\ASUS\\Desktop\\ProjectReact Copy\\node-back\\controllers\\coachcontrollers\\challenge.js": {"path":"C:\\Users\\ASUS\\Desktop\\ProjectReact Copy\\node-back\\controllers\\coachcontrollers\\challenge.js","statementMap":{"0":{"start":{"line":1,"column":11},"end":{"line":1,"column":39}},"1":{"start":{"line":2,"column":16},"end":{"line":2,"column":49}},"2":{"start":{"line":3,"column":22},"end":{"line":3,"column":61}},"3":{"start":{"line":5,"column":0},"end":{"line":27,"column":2}},"4":{"start":{"line":7,"column":16},"end":{"line":7,"column":55}},"5":{"start":{"line":8,"column":17},"end":{"line":8,"column":61}},"6":{"start":{"line":9,"column":18},"end":{"line":16,"column":4}},"7":{"start":{"line":20,"column":2},"end":{"line":20,"column":25}},"8":{"start":{"line":21,"column":2},"end":{"line":21,"column":35}},"9":{"start":{"line":22,"column":2},"end":{"line":22,"column":21}},"10":{"start":{"line":24,"column":2},"end":{"line":24,"column":36}},"11":{"start":{"line":25,"column":2},"end":{"line":25,"column":22}},"12":{"start":{"line":26,"column":2},"end":{"line":26,"column":33}},"13":{"start":{"line":29,"column":0},"end":{"line":47,"column":2}},"14":{"start":{"line":30,"column":17},"end":{"line":30,"column":61}},"15":{"start":{"line":31,"column":16},"end":{"line":31,"column":55}},"16":{"start":{"line":32,"column":16},"end":{"line":32,"column":68}},"17":{"start":{"line":33,"column":24},"end":{"line":43,"column":4}},"18":{"start":{"line":44,"column":2},"end":{"line":44,"column":31}},"19":{"start":{"line":46,"column":2},"end":{"line":46,"column":39}},"20":{"start":{"line":49,"column":0},"end":{"line":64,"column":2}},"21":{"start":{"line":51,"column":1},"end":{"line":63,"column":2}},"22":{"start":{"line":52,"column":20},"end":{"line":54,"column":20}},"23":{"start":{"line":55,"column":2},"end":{"line":60,"column":3}},"24":{"start":{"line":56,"column":4},"end":{"line":56,"column":40}},"25":{"start":{"line":58,"column":10},"end":{"line":58,"column":54}},"26":{"start":{"line":62,"column":2},"end":{"line":62,"column":46}},"27":{"start":{"line":66,"column":0},"end":{"line":73,"column":2}},"28":{"start":{"line":67,"column":2},"end":{"line":72,"column":7}},"29":{"start":{"line":71,"column":6},"end":{"line":71,"column":43}},"30":{"start":{"line":75,"column":0},"end":{"line":87,"column":2}},"31":{"start":{"line":76,"column":2},"end":{"line":86,"column":5}},"32":{"start":{"line":77,"column":4},"end":{"line":85,"column":5}},"33":{"start":{"line":78,"column":6},"end":{"line":80,"column":9}},"34":{"start":{"line":82,"column":6},"end":{"line":84,"column":9}},"35":{"start":{"line":154,"column":0},"end":{"line":174,"column":2}},"36":{"start":{"line":155,"column":2},"end":{"line":173,"column":4}},"37":{"start":{"line":166,"column":6},"end":{"line":171,"column":7}},"38":{"start":{"line":167,"column":8},"end":{"line":167,"column":77}},"39":{"start":{"line":169,"column":8},"end":{"line":169,"column":32}},"40":{"start":{"line":170,"column":8},"end":{"line":170,"column":31}}},"fnMap":{"0":{"name":"(anonymous_0)","decl":{"start":{"line":5,"column":26},"end":{"line":5,"column":27}},"loc":{"start":{"line":5,"column":46},"end":{"line":27,"column":1}},"line":5},"1":{"name":"(anonymous_1)","decl":{"start":{"line":29,"column":26},"end":{"line":29,"column":27}},"loc":{"start":{"line":29,"column":46},"end":{"line":47,"column":1}},"line":29},"2":{"name":"(anonymous_2)","decl":{"start":{"line":49,"column":33},"end":{"line":49,"column":34}},"loc":{"start":{"line":49,"column":53},"end":{"line":64,"column":1}},"line":49},"3":{"name":"(anonymous_3)","decl":{"start":{"line":66,"column":25},"end":{"line":66,"column":26}},"loc":{"start":{"line":66,"column":45},"end":{"line":73,"column":1}},"line":66},"4":{"name":"(anonymous_4)","decl":{"start":{"line":70,"column":10},"end":{"line":70,"column":11}},"loc":{"start":{"line":70,"column":31},"end":{"line":72,"column":5}},"line":70},"5":{"name":"(anonymous_5)","decl":{"start":{"line":75,"column":26},"end":{"line":75,"column":27}},"loc":{"start":{"line":75,"column":40},"end":{"line":87,"column":1}},"line":75},"6":{"name":"(anonymous_6)","decl":{"start":{"line":76,"column":53},"end":{"line":76,"column":54}},"loc":{"start":{"line":76,"column":79},"end":{"line":86,"column":3}},"line":76},"7":{"name":"(anonymous_7)","decl":{"start":{"line":154,"column":26},"end":{"line":154,"column":27}},"loc":{"start":{"line":154,"column":40},"end":{"line":174,"column":1}},"line":154},"8":{"name":"(anonymous_8)","decl":{"start":{"line":165,"column":4},"end":{"line":165,"column":5}},"loc":{"start":{"line":165,"column":30},"end":{"line":172,"column":5}},"line":165}},"branchMap":{"0":{"loc":{"start":{"line":55,"column":2},"end":{"line":60,"column":3}},"type":"if","locations":[{"start":{"line":55,"column":2},"end":{"line":60,"column":3}},{"start":{"line":58,"column":8},"end":{"line":60,"column":3}}],"line":55},"1":{"loc":{"start":{"line":77,"column":4},"end":{"line":85,"column":5}},"type":"if","locations":[{"start":{"line":77,"column":4},"end":{"line":85,"column":5}},{"start":{"line":81,"column":11},"end":{"line":85,"column":5}}],"line":77},"2":{"loc":{"start":{"line":166,"column":6},"end":{"line":171,"column":7}},"type":"if","locations":[{"start":{"line":166,"column":6},"end":{"line":171,"column":7}},{"start":{"line":168,"column":13},"end":{"line":171,"column":7}}],"line":166}},"s":{"0":5,"1":5,"2":5,"3":5,"4":1,"5":1,"6":1,"7":1,"8":1,"9":1,"10":1,"11":1,"12":1,"13":5,"14":0,"15":0,"16":0,"17":0,"18":0,"19":0,"20":5,"21":2,"22":2,"23":1,"24":1,"25":0,"26":1,"27":5,"28":1,"29":1,"30":5,"31":1,"32":1,"33":0,"34":1,"35":5,"36":1,"37":1,"38":0,"39":1,"40":1},"f":{"0":1,"1":0,"2":2,"3":1,"4":1,"5":1,"6":1,"7":1,"8":1},"b":{"0":[1,0],"1":[0,1],"2":[0,1]},"_coverageSchema":"1a1c01bbd47fc00a2c39e90264f33305004495a9","hash":"2bf9132d80150dd822bc29af235b9450a9585e9c"}
,"C:\\Users\\ASUS\\Desktop\\ProjectReact Copy\\node-back\\controllers\\coachcontrollers\\events.js": {"path":"C:\\Users\\ASUS\\Desktop\\ProjectReact Copy\\node-back\\controllers\\coachcontrollers\\events.js","statementMap":{"0":{"start":{"line":2,"column":11},"end":{"line":2,"column":39}},"1":{"start":{"line":3,"column":13},"end":{"line":3,"column":43}},"2":{"start":{"line":4,"column":15},"end":{"line":4,"column":57}},"3":{"start":{"line":7,"column":0},"end":{"line":21,"column":2}},"4":{"start":{"line":8,"column":18},"end":{"line":8,"column":49}},"5":{"start":{"line":13,"column":4},"end":{"line":13,"column":29}},"6":{"start":{"line":14,"column":17},"end":{"line":14,"column":37}},"7":{"start":{"line":15,"column":4},"end":{"line":15,"column":24}},"8":{"start":{"line":16,"column":4},"end":{"line":16,"column":30}},"9":{"start":{"line":17,"column":4},"end":{"line":17,"column":23}},"10":{"start":{"line":20,"column":4},"end":{"line":20,"column":32}},"11":{"start":{"line":25,"column":0},"end":{"line":29,"column":4}},"12":{"start":{"line":26,"column":4},"end":{"line":28,"column":9}},"13":{"start":{"line":27,"column":8},"end":{"line":27,"column":37}},"14":{"start":{"line":32,"column":0},"end":{"line":47,"column":6}},"15":{"start":{"line":33,"column":4},"end":{"line":46,"column":8}},"16":{"start":{"line":36,"column":10},"end":{"line":44,"column":11}},"17":{"start":{"line":37,"column":12},"end":{"line":39,"column":15}},"18":{"start":{"line":41,"column":12},"end":{"line":43,"column":15}},"19":{"start":{"line":51,"column":2},"end":{"line":78,"column":4}},"20":{"start":{"line":52,"column":21},"end":{"line":52,"column":63}},"21":{"start":{"line":54,"column":4},"end":{"line":77,"column":6}},"22":{"start":{"line":68,"column":8},"end":{"line":75,"column":9}},"23":{"start":{"line":70,"column":10},"end":{"line":70,"column":79}},"24":{"start":{"line":72,"column":10},"end":{"line":72,"column":31}},"25":{"start":{"line":73,"column":10},"end":{"line":73,"column":30}},"26":{"start":{"line":74,"column":10},"end":{"line":74,"column":41}},"27":{"start":{"line":81,"column":6},"end":{"line":89,"column":8}},"28":{"start":{"line":82,"column":8},"end":{"line":88,"column":9}},"29":{"start":{"line":83,"column":25},"end":{"line":83,"column":61}},"30":{"start":{"line":84,"column":10},"end":{"line":84,"column":31}},"31":{"start":{"line":87,"column":10},"end":{"line":87,"column":62}},"32":{"start":{"line":92,"column":6},"end":{"line":100,"column":10}},"33":{"start":{"line":95,"column":9},"end":{"line":98,"column":11}},"34":{"start":{"line":97,"column":10},"end":{"line":97,"column":39}},"35":{"start":{"line":105,"column":6},"end":{"line":113,"column":9}},"36":{"start":{"line":108,"column":8},"end":{"line":111,"column":10}},"37":{"start":{"line":110,"column":9},"end":{"line":110,"column":38}},"38":{"start":{"line":115,"column":0},"end":{"line":135,"column":2}},"39":{"start":{"line":116,"column":2},"end":{"line":134,"column":2}},"40":{"start":{"line":127,"column":4},"end":{"line":132,"column":5}},"41":{"start":{"line":128,"column":6},"end":{"line":128,"column":75}},"42":{"start":{"line":130,"column":6},"end":{"line":130,"column":33}},"43":{"start":{"line":131,"column":6},"end":{"line":131,"column":32}}},"fnMap":{"0":{"name":"(anonymous_0)","decl":{"start":{"line":7,"column":23},"end":{"line":7,"column":24}},"loc":{"start":{"line":7,"column":39},"end":{"line":21,"column":1}},"line":7},"1":{"name":"(anonymous_1)","decl":{"start":{"line":25,"column":21},"end":{"line":25,"column":22}},"loc":{"start":{"line":25,"column":41},"end":{"line":29,"column":3}},"line":25},"2":{"name":"(anonymous_2)","decl":{"start":{"line":26,"column":39},"end":{"line":26,"column":40}},"loc":{"start":{"line":26,"column":62},"end":{"line":28,"column":7}},"line":26},"3":{"name":"(anonymous_3)","decl":{"start":{"line":32,"column":23},"end":{"line":32,"column":24}},"loc":{"start":{"line":32,"column":37},"end":{"line":47,"column":5}},"line":32},"4":{"name":"(anonymous_4)","decl":{"start":{"line":35,"column":8},"end":{"line":35,"column":9}},"loc":{"start":{"line":35,"column":31},"end":{"line":45,"column":9}},"line":35},"5":{"name":"(anonymous_5)","decl":{"start":{"line":51,"column":26},"end":{"line":51,"column":27}},"loc":{"start":{"line":51,"column":46},"end":{"line":78,"column":3}},"line":51},"6":{"name":"(anonymous_6)","decl":{"start":{"line":67,"column":6},"end":{"line":67,"column":7}},"loc":{"start":{"line":67,"column":29},"end":{"line":76,"column":7}},"line":67},"7":{"name":"(anonymous_7)","decl":{"start":{"line":81,"column":30},"end":{"line":81,"column":31}},"loc":{"start":{"line":81,"column":50},"end":{"line":89,"column":7}},"line":81},"8":{"name":"(anonymous_8)","decl":{"start":{"line":92,"column":35},"end":{"line":92,"column":36}},"loc":{"start":{"line":92,"column":55},"end":{"line":100,"column":9}},"line":92},"9":{"name":"(anonymous_9)","decl":{"start":{"line":96,"column":73},"end":{"line":96,"column":74}},"loc":{"start":{"line":96,"column":90},"end":{"line":98,"column":10}},"line":96},"10":{"name":"(anonymous_10)","decl":{"start":{"line":105,"column":32},"end":{"line":105,"column":33}},"loc":{"start":{"line":105,"column":52},"end":{"line":113,"column":8}},"line":105},"11":{"name":"(anonymous_11)","decl":{"start":{"line":109,"column":87},"end":{"line":109,"column":88}},"loc":{"start":{"line":109,"column":104},"end":{"line":111,"column":9}},"line":109},"12":{"name":"(anonymous_12)","decl":{"start":{"line":115,"column":30},"end":{"line":115,"column":31}},"loc":{"start":{"line":115,"column":44},"end":{"line":135,"column":1}},"line":115},"13":{"name":"(anonymous_13)","decl":{"start":{"line":126,"column":2},"end":{"line":126,"column":3}},"loc":{"start":{"line":126,"column":31},"end":{"line":133,"column":3}},"line":126}},"branchMap":{"0":{"loc":{"start":{"line":36,"column":10},"end":{"line":44,"column":11}},"type":"if","locations":[{"start":{"line":36,"column":10},"end":{"line":44,"column":11}},{"start":{"line":40,"column":17},"end":{"line":44,"column":11}}],"line":36},"1":{"loc":{"start":{"line":68,"column":8},"end":{"line":75,"column":9}},"type":"if","locations":[{"start":{"line":68,"column":8},"end":{"line":75,"column":9}},{"start":{"line":71,"column":15},"end":{"line":75,"column":9}}],"line":68},"2":{"loc":{"start":{"line":127,"column":4},"end":{"line":132,"column":5}},"type":"if","locations":[{"start":{"line":127,"column":4},"end":{"line":132,"column":5}},{"start":{"line":129,"column":11},"end":{"line":132,"column":5}}],"line":127}},"s":{"0":5,"1":5,"2":5,"3":5,"4":2,"5":2,"6":2,"7":2,"8":2,"9":2,"10":2,"11":5,"12":1,"13":1,"14":5,"15":1,"16":1,"17":0,"18":1,"19":5,"20":1,"21":1,"22":1,"23":0,"24":1,"25":1,"26":1,"27":5,"28":2,"29":2,"30":2,"31":0,"32":5,"33":0,"34":0,"35":5,"36":0,"37":0,"38":5,"39":1,"40":1,"41":0,"42":1,"43":1},"f":{"0":2,"1":1,"2":1,"3":1,"4":1,"5":1,"6":1,"7":2,"8":0,"9":0,"10":0,"11":0,"12":1,"13":1},"b":{"0":[0,1],"1":[0,1],"2":[0,1]},"_coverageSchema":"1a1c01bbd47fc00a2c39e90264f33305004495a9","hash":"f0eda267164b7626cc88127661d3cb5281f7e282"}
,"C:\\Users\\ASUS\\Desktop\\ProjectReact Copy\\node-back\\controllers\\coachcontrollers\\login.js": {"path":"C:\\Users\\ASUS\\Desktop\\ProjectReact Copy\\node-back\\controllers\\coachcontrollers\\login.js","statementMap":{"0":{"start":{"line":2,"column":12},"end":{"line":2,"column":35}},"1":{"start":{"line":3,"column":11},"end":{"line":3,"column":39}},"2":{"start":{"line":4,"column":13},"end":{"line":4,"column":30}},"3":{"start":{"line":6,"column":0},"end":{"line":45,"column":2}},"4":{"start":{"line":7,"column":2},"end":{"line":44,"column":5}},"5":{"start":{"line":8,"column":4},"end":{"line":43,"column":5}},"6":{"start":{"line":9,"column":6},"end":{"line":9,"column":23}},"7":{"start":{"line":10,"column":6},"end":{"line":10,"column":59}},"8":{"start":{"line":12,"column":6},"end":{"line":42,"column":7}},"9":{"start":{"line":13,"column":8},"end":{"line":15,"column":70}},"10":{"start":{"line":17,"column":8},"end":{"line":41,"column":13}},"11":{"start":{"line":21,"column":12},"end":{"line":36,"column":13}},"12":{"start":{"line":22,"column":14},"end":{"line":22,"column":45}},"13":{"start":{"line":23,"column":28},"end":{"line":27,"column":15}},"14":{"start":{"line":28,"column":26},"end":{"line":28,"column":56}},"15":{"start":{"line":29,"column":14},"end":{"line":32,"column":17}},"16":{"start":{"line":34,"column":14},"end":{"line":34,"column":46}},"17":{"start":{"line":35,"column":14},"end":{"line":35,"column":77}},"18":{"start":{"line":39,"column":12},"end":{"line":39,"column":29}},"19":{"start":{"line":40,"column":12},"end":{"line":40,"column":70}},"20":{"start":{"line":47,"column":0},"end":{"line":55,"column":2}},"21":{"start":{"line":48,"column":2},"end":{"line":54,"column":3}},"22":{"start":{"line":49,"column":17},"end":{"line":49,"column":48}},"23":{"start":{"line":50,"column":4},"end":{"line":50,"column":29}},"24":{"start":{"line":53,"column":4},"end":{"line":53,"column":40}}},"fnMap":{"0":{"name":"(anonymous_0)","decl":{"start":{"line":6,"column":21},"end":{"line":6,"column":22}},"loc":{"start":{"line":6,"column":35},"end":{"line":45,"column":1}},"line":6},"1":{"name":"(anonymous_1)","decl":{"start":{"line":7,"column":42},"end":{"line":7,"column":43}},"loc":{"start":{"line":7,"column":57},"end":{"line":44,"column":3}},"line":7},"2":{"name":"(anonymous_2)","decl":{"start":{"line":20,"column":16},"end":{"line":20,"column":17}},"loc":{"start":{"line":20,"column":27},"end":{"line":37,"column":11}},"line":20},"3":{"name":"(anonymous_3)","decl":{"start":{"line":38,"column":17},"end":{"line":38,"column":18}},"loc":{"start":{"line":38,"column":26},"end":{"line":41,"column":11}},"line":38},"4":{"name":"(anonymous_4)","decl":{"start":{"line":47,"column":22},"end":{"line":47,"column":23}},"loc":{"start":{"line":47,"column":42},"end":{"line":55,"column":1}},"line":47}},"branchMap":{"0":{"loc":{"start":{"line":8,"column":4},"end":{"line":43,"column":5}},"type":"if","locations":[{"start":{"line":8,"column":4},"end":{"line":43,"column":5}},{"start":{"line":11,"column":11},"end":{"line":43,"column":5}}],"line":8},"1":{"loc":{"start":{"line":12,"column":6},"end":{"line":42,"column":7}},"type":"if","locations":[{"start":{"line":12,"column":6},"end":{"line":42,"column":7}},{"start":{"line":16,"column":13},"end":{"line":42,"column":7}}],"line":12},"2":{"loc":{"start":{"line":21,"column":12},"end":{"line":36,"column":13}},"type":"if","locations":[{"start":{"line":21,"column":12},"end":{"line":36,"column":13}},{"start":{"line":33,"column":19},"end":{"line":36,"column":13}}],"line":21}},"s":{"0":5,"1":5,"2":5,"3":5,"4":8,"5":8,"6":0,"7":0,"8":8,"9":1,"10":7,"11":7,"12":6,"13":6,"14":6,"15":6,"16":1,"17":1,"18":0,"19":0,"20":5,"21":0,"22":0,"23":0,"24":0},"f":{"0":8,"1":8,"2":7,"3":0,"4":0},"b":{"0":[0,8],"1":[1,7],"2":[6,1]},"_coverageSchema":"1a1c01bbd47fc00a2c39e90264f33305004495a9","hash":"7def881e13935fef21c89798ba44b951462cc338"}
,"C:\\Users\\ASUS\\Desktop\\ProjectReact Copy\\node-back\\controllers\\coachcontrollers\\playerProfile.js": {"path":"C:\\Users\\ASUS\\Desktop\\ProjectReact Copy\\node-back\\controllers\\coachcontrollers\\playerProfile.js","statementMap":{"0":{"start":{"line":1,"column":11},"end":{"line":1,"column":39}},"1":{"start":{"line":4,"column":0},"end":{"line":31,"column":8}},"2":{"start":{"line":5,"column":2},"end":{"line":30,"column":10}},"3":{"start":{"line":22,"column":9},"end":{"line":24,"column":12}},"4":{"start":{"line":27,"column":9},"end":{"line":29,"column":12}}},"fnMap":{"0":{"name":"(anonymous_0)","decl":{"start":{"line":4,"column":23},"end":{"line":4,"column":24}},"loc":{"start":{"line":4,"column":39},"end":{"line":31,"column":7}},"line":4},"1":{"name":"(anonymous_1)","decl":{"start":{"line":21,"column":13},"end":{"line":21,"column":14}},"loc":{"start":{"line":21,"column":19},"end":{"line":25,"column":8}},"line":21},"2":{"name":"(anonymous_2)","decl":{"start":{"line":26,"column":14},"end":{"line":26,"column":15}},"loc":{"start":{"line":26,"column":25},"end":{"line":30,"column":8}},"line":26}},"branchMap":{},"s":{"0":5,"1":5,"2":0,"3":0,"4":0},"f":{"0":0,"1":0,"2":0},"b":{},"_coverageSchema":"1a1c01bbd47fc00a2c39e90264f33305004495a9","hash":"72d6e246d2f1ab6d88e3e9b7bd96f8edbc358be9"}
,"C:\\Users\\ASUS\\Desktop\\ProjectReact Copy\\node-back\\controllers\\coachcontrollers\\players.js": {"path":"C:\\Users\\ASUS\\Desktop\\ProjectReact Copy\\node-back\\controllers\\coachcontrollers\\players.js","statementMap":{"0":{"start":{"line":1,"column":11},"end":{"line":1,"column":39}},"1":{"start":{"line":3,"column":0},"end":{"line":15,"column":2}},"2":{"start":{"line":4,"column":17},"end":{"line":4,"column":76}},"3":{"start":{"line":5,"column":2},"end":{"line":14,"column":3}},"4":{"start":{"line":6,"column":4},"end":{"line":8,"column":7}},"5":{"start":{"line":10,"column":4},"end":{"line":13,"column":7}},"6":{"start":{"line":17,"column":0},"end":{"line":21,"column":2}},"7":{"start":{"line":18,"column":2},"end":{"line":20,"column":5}},"8":{"start":{"line":19,"column":4},"end":{"line":19,"column":35}}},"fnMap":{"0":{"name":"(anonymous_0)","decl":{"start":{"line":3,"column":18},"end":{"line":3,"column":19}},"loc":{"start":{"line":3,"column":38},"end":{"line":15,"column":1}},"line":3},"1":{"name":"(anonymous_1)","decl":{"start":{"line":17,"column":22},"end":{"line":17,"column":23}},"loc":{"start":{"line":17,"column":42},"end":{"line":21,"column":1}},"line":17},"2":{"name":"(anonymous_2)","decl":{"start":{"line":18,"column":32},"end":{"line":18,"column":33}},"loc":{"start":{"line":18,"column":56},"end":{"line":20,"column":3}},"line":18}},"branchMap":{"0":{"loc":{"start":{"line":5,"column":2},"end":{"line":14,"column":3}},"type":"if","locations":[{"start":{"line":5,"column":2},"end":{"line":14,"column":3}},{"start":{"line":9,"column":9},"end":{"line":14,"column":3}}],"line":5}},"s":{"0":5,"1":5,"2":0,"3":0,"4":0,"5":0,"6":5,"7":0,"8":0},"f":{"0":0,"1":0,"2":0},"b":{"0":[0,0]},"_coverageSchema":"1a1c01bbd47fc00a2c39e90264f33305004495a9","hash":"e09d36a7178ef90fb745715ed6a65ef46eb68d14"}
,"C:\\Users\\ASUS\\Desktop\\ProjectReact Copy\\node-back\\controllers\\coachcontrollers\\program.js": {"path":"C:\\Users\\ASUS\\Desktop\\ProjectReact Copy\\node-back\\controllers\\coachcontrollers\\program.js","statementMap":{"0":{"start":{"line":5,"column":14},"end":{"line":5,"column":45}},"1":{"start":{"line":15,"column":2},"end":{"line":23,"column":5}},"2":{"start":{"line":18,"column":4},"end":{"line":21,"column":6}},"3":{"start":{"line":20,"column":5},"end":{"line":20,"column":36}}},"fnMap":{"0":{"name":"(anonymous_0)","decl":{"start":{"line":15,"column":23},"end":{"line":15,"column":24}},"loc":{"start":{"line":15,"column":43},"end":{"line":23,"column":4}},"line":15},"1":{"name":"(anonymous_1)","decl":{"start":{"line":19,"column":10},"end":{"line":19,"column":11}},"loc":{"start":{"line":19,"column":28},"end":{"line":21,"column":5}},"line":19}},"branchMap":{},"s":{"0":5,"1":5,"2":0,"3":0},"f":{"0":0,"1":0},"b":{},"_coverageSchema":"1a1c01bbd47fc00a2c39e90264f33305004495a9","hash":"cd1a42a73c863da6a4458120516ab695e740de96"}
,"C:\\Users\\ASUS\\Desktop\\ProjectReact Copy\\node-back\\controllers\\coachcontrollers\\register.js": {"path":"C:\\Users\\ASUS\\Desktop\\ProjectReact Copy\\node-back\\controllers\\coachcontrollers\\register.js","statementMap":{"0":{"start":{"line":1,"column":12},"end":{"line":1,"column":35}},"1":{"start":{"line":2,"column":11},"end":{"line":2,"column":39}},"2":{"start":{"line":3,"column":13},"end":{"line":3,"column":30}},"3":{"start":{"line":5,"column":0},"end":{"line":42,"column":2}},"4":{"start":{"line":6,"column":2},"end":{"line":41,"column":5}},"5":{"start":{"line":7,"column":18},"end":{"line":14,"column":6}},"6":{"start":{"line":16,"column":4},"end":{"line":40,"column":7}},"7":{"start":{"line":17,"column":6},"end":{"line":20,"column":7}},"8":{"start":{"line":18,"column":8},"end":{"line":18,"column":45}},"9":{"start":{"line":19,"column":8},"end":{"line":19,"column":53}},"10":{"start":{"line":21,"column":6},"end":{"line":39,"column":7}},"11":{"start":{"line":22,"column":8},"end":{"line":22,"column":52}},"12":{"start":{"line":23,"column":8},"end":{"line":23,"column":70}},"13":{"start":{"line":25,"column":8},"end":{"line":38,"column":11}},"14":{"start":{"line":26,"column":10},"end":{"line":37,"column":11}},"15":{"start":{"line":27,"column":12},"end":{"line":27,"column":31}},"16":{"start":{"line":28,"column":12},"end":{"line":28,"column":57}},"17":{"start":{"line":30,"column":26},"end":{"line":33,"column":13}},"18":{"start":{"line":34,"column":24},"end":{"line":34,"column":54}},"19":{"start":{"line":35,"column":12},"end":{"line":35,"column":31}},"20":{"start":{"line":36,"column":12},"end":{"line":36,"column":51}}},"fnMap":{"0":{"name":"(anonymous_0)","decl":{"start":{"line":5,"column":24},"end":{"line":5,"column":25}},"loc":{"start":{"line":5,"column":44},"end":{"line":42,"column":1}},"line":5},"1":{"name":"(anonymous_1)","decl":{"start":{"line":6,"column":42},"end":{"line":6,"column":43}},"loc":{"start":{"line":6,"column":52},"end":{"line":41,"column":3}},"line":6},"2":{"name":"(anonymous_2)","decl":{"start":{"line":16,"column":41},"end":{"line":16,"column":42}},"loc":{"start":{"line":16,"column":57},"end":{"line":40,"column":5}},"line":16},"3":{"name":"(anonymous_3)","decl":{"start":{"line":25,"column":19},"end":{"line":25,"column":20}},"loc":{"start":{"line":25,"column":46},"end":{"line":38,"column":9}},"line":25}},"branchMap":{"0":{"loc":{"start":{"line":17,"column":6},"end":{"line":20,"column":7}},"type":"if","locations":[{"start":{"line":17,"column":6},"end":{"line":20,"column":7}},{"start":{},"end":{}}],"line":17},"1":{"loc":{"start":{"line":21,"column":6},"end":{"line":39,"column":7}},"type":"if","locations":[{"start":{"line":21,"column":6},"end":{"line":39,"column":7}},{"start":{"line":24,"column":13},"end":{"line":39,"column":7}}],"line":21},"2":{"loc":{"start":{"line":26,"column":10},"end":{"line":37,"column":11}},"type":"if","locations":[{"start":{"line":26,"column":10},"end":{"line":37,"column":11}},{"start":{"line":29,"column":17},"end":{"line":37,"column":11}}],"line":26}},"s":{"0":5,"1":5,"2":5,"3":5,"4":7,"5":7,"6":7,"7":7,"8":0,"9":0,"10":7,"11":0,"12":0,"13":7,"14":7,"15":0,"16":0,"17":7,"18":7,"19":7,"20":7},"f":{"0":7,"1":7,"2":7,"3":7},"b":{"0":[0,7],"1":[0,7],"2":[0,7]},"_coverageSchema":"1a1c01bbd47fc00a2c39e90264f33305004495a9","hash":"9f87d0210cf34c822894a27c087d98be776d29f1"}
,"C:\\Users\\ASUS\\Desktop\\ProjectReact Copy\\node-back\\controllers\\coachcontrollers\\session.js": {"path":"C:\\Users\\ASUS\\Desktop\\ProjectReact Copy\\node-back\\controllers\\coachcontrollers\\session.js","statementMap":{"0":{"start":{"line":1,"column":30},"end":{"line":1,"column":49}},"1":{"start":{"line":2,"column":15},"end":{"line":2,"column":45}},"2":{"start":{"line":3,"column":14},"end":{"line":3,"column":45}},"3":{"start":{"line":4,"column":11},"end":{"line":4,"column":39}},"4":{"start":{"line":5,"column":15},"end":{"line":5,"column":56}},"5":{"start":{"line":6,"column":14},"end":{"line":6,"column":45}},"6":{"start":{"line":11,"column":0},"end":{"line":33,"column":2}},"7":{"start":{"line":12,"column":16},"end":{"line":12,"column":47}},"8":{"start":{"line":14,"column":17},"end":{"line":14,"column":61}},"9":{"start":{"line":15,"column":19},"end":{"line":15,"column":61}},"10":{"start":{"line":16,"column":18},"end":{"line":16,"column":58}},"11":{"start":{"line":17,"column":2},"end":{"line":17,"column":51}},"12":{"start":{"line":18,"column":2},"end":{"line":18,"column":40}},"13":{"start":{"line":19,"column":16},"end":{"line":28,"column":4}},"14":{"start":{"line":29,"column":2},"end":{"line":29,"column":23}},"15":{"start":{"line":30,"column":2},"end":{"line":30,"column":31}},"16":{"start":{"line":31,"column":2},"end":{"line":31,"column":21}},"17":{"start":{"line":32,"column":2},"end":{"line":32,"column":31}},"18":{"start":{"line":49,"column":0},"end":{"line":58,"column":2}},"19":{"start":{"line":50,"column":2},"end":{"line":50,"column":42}},"20":{"start":{"line":51,"column":2},"end":{"line":57,"column":7}},"21":{"start":{"line":56,"column":6},"end":{"line":56,"column":37}},"22":{"start":{"line":61,"column":0},"end":{"line":73,"column":2}},"23":{"start":{"line":62,"column":2},"end":{"line":72,"column":5}},"24":{"start":{"line":63,"column":4},"end":{"line":71,"column":5}},"25":{"start":{"line":64,"column":6},"end":{"line":66,"column":9}},"26":{"start":{"line":68,"column":6},"end":{"line":70,"column":9}},"27":{"start":{"line":76,"column":0},"end":{"line":104,"column":2}},"28":{"start":{"line":77,"column":19},"end":{"line":77,"column":61}},"29":{"start":{"line":80,"column":2},"end":{"line":103,"column":4}},"30":{"start":{"line":94,"column":6},"end":{"line":101,"column":7}},"31":{"start":{"line":95,"column":8},"end":{"line":95,"column":77}},"32":{"start":{"line":97,"column":8},"end":{"line":97,"column":30}},"33":{"start":{"line":98,"column":8},"end":{"line":98,"column":29}},"34":{"start":{"line":99,"column":8},"end":{"line":99,"column":39}},"35":{"start":{"line":106,"column":0},"end":{"line":114,"column":2}},"36":{"start":{"line":107,"column":2},"end":{"line":113,"column":3}},"37":{"start":{"line":108,"column":20},"end":{"line":108,"column":57}},"38":{"start":{"line":109,"column":4},"end":{"line":109,"column":26}},"39":{"start":{"line":112,"column":4},"end":{"line":112,"column":56}},"40":{"start":{"line":117,"column":0},"end":{"line":124,"column":2}},"41":{"start":{"line":118,"column":2},"end":{"line":123,"column":7}},"42":{"start":{"line":122,"column":6},"end":{"line":122,"column":37}},"43":{"start":{"line":140,"column":0},"end":{"line":144,"column":2}},"44":{"start":{"line":141,"column":2},"end":{"line":143,"column":5}},"45":{"start":{"line":142,"column":4},"end":{"line":142,"column":32}},"46":{"start":{"line":146,"column":0},"end":{"line":164,"column":2}},"47":{"start":{"line":147,"column":2},"end":{"line":163,"column":4}},"48":{"start":{"line":156,"column":6},"end":{"line":161,"column":7}},"49":{"start":{"line":157,"column":8},"end":{"line":157,"column":77}},"50":{"start":{"line":159,"column":8},"end":{"line":159,"column":30}},"51":{"start":{"line":160,"column":8},"end":{"line":160,"column":29}},"52":{"start":{"line":167,"column":0},"end":{"line":189,"column":2}},"53":{"start":{"line":168,"column":17},"end":{"line":170,"column":4}},"54":{"start":{"line":171,"column":2},"end":{"line":188,"column":4}},"55":{"start":{"line":181,"column":6},"end":{"line":186,"column":7}},"56":{"start":{"line":182,"column":8},"end":{"line":182,"column":77}},"57":{"start":{"line":184,"column":8},"end":{"line":184,"column":30}},"58":{"start":{"line":185,"column":8},"end":{"line":185,"column":29}}},"fnMap":{"0":{"name":"(anonymous_0)","decl":{"start":{"line":11,"column":24},"end":{"line":11,"column":25}},"loc":{"start":{"line":11,"column":44},"end":{"line":33,"column":1}},"line":11},"1":{"name":"(anonymous_1)","decl":{"start":{"line":49,"column":22},"end":{"line":49,"column":23}},"loc":{"start":{"line":49,"column":42},"end":{"line":58,"column":1}},"line":49},"2":{"name":"(anonymous_2)","decl":{"start":{"line":55,"column":10},"end":{"line":55,"column":11}},"loc":{"start":{"line":55,"column":28},"end":{"line":57,"column":5}},"line":55},"3":{"name":"(anonymous_3)","decl":{"start":{"line":61,"column":24},"end":{"line":61,"column":25}},"loc":{"start":{"line":61,"column":38},"end":{"line":73,"column":1}},"line":61},"4":{"name":"(anonymous_4)","decl":{"start":{"line":62,"column":51},"end":{"line":62,"column":52}},"loc":{"start":{"line":62,"column":75},"end":{"line":72,"column":3}},"line":62},"5":{"name":"(anonymous_5)","decl":{"start":{"line":76,"column":25},"end":{"line":76,"column":26}},"loc":{"start":{"line":76,"column":45},"end":{"line":104,"column":1}},"line":76},"6":{"name":"(anonymous_6)","decl":{"start":{"line":93,"column":4},"end":{"line":93,"column":5}},"loc":{"start":{"line":93,"column":28},"end":{"line":102,"column":5}},"line":93},"7":{"name":"(anonymous_7)","decl":{"start":{"line":106,"column":25},"end":{"line":106,"column":26}},"loc":{"start":{"line":106,"column":45},"end":{"line":114,"column":1}},"line":106},"8":{"name":"(anonymous_8)","decl":{"start":{"line":117,"column":30},"end":{"line":117,"column":31}},"loc":{"start":{"line":117,"column":50},"end":{"line":124,"column":1}},"line":117},"9":{"name":"(anonymous_9)","decl":{"start":{"line":121,"column":10},"end":{"line":121,"column":11}},"loc":{"start":{"line":121,"column":28},"end":{"line":123,"column":5}},"line":121},"10":{"name":"(anonymous_10)","decl":{"start":{"line":140,"column":33},"end":{"line":140,"column":34}},"loc":{"start":{"line":140,"column":53},"end":{"line":144,"column":1}},"line":140},"11":{"name":"(anonymous_11)","decl":{"start":{"line":141,"column":57},"end":{"line":141,"column":58}},"loc":{"start":{"line":141,"column":78},"end":{"line":143,"column":3}},"line":141},"12":{"name":"(anonymous_12)","decl":{"start":{"line":146,"column":19},"end":{"line":146,"column":20}},"loc":{"start":{"line":146,"column":33},"end":{"line":164,"column":1}},"line":146},"13":{"name":"(anonymous_13)","decl":{"start":{"line":155,"column":4},"end":{"line":155,"column":5}},"loc":{"start":{"line":155,"column":28},"end":{"line":162,"column":5}},"line":155},"14":{"name":"(anonymous_14)","decl":{"start":{"line":167,"column":24},"end":{"line":167,"column":25}},"loc":{"start":{"line":167,"column":44},"end":{"line":189,"column":1}},"line":167},"15":{"name":"(anonymous_15)","decl":{"start":{"line":180,"column":4},"end":{"line":180,"column":5}},"loc":{"start":{"line":180,"column":28},"end":{"line":187,"column":5}},"line":180}},"branchMap":{"0":{"loc":{"start":{"line":20,"column":12},"end":{"line":20,"column":56}},"type":"cond-expr","locations":[{"start":{"line":20,"column":34},"end":{"line":20,"column":43}},{"start":{"line":20,"column":46},"end":{"line":20,"column":56}}],"line":20},"1":{"loc":{"start":{"line":63,"column":4},"end":{"line":71,"column":5}},"type":"if","locations":[{"start":{"line":63,"column":4},"end":{"line":71,"column":5}},{"start":{"line":67,"column":11},"end":{"line":71,"column":5}}],"line":63},"2":{"loc":{"start":{"line":94,"column":6},"end":{"line":101,"column":7}},"type":"if","locations":[{"start":{"line":94,"column":6},"end":{"line":101,"column":7}},{"start":{"line":96,"column":13},"end":{"line":101,"column":7}}],"line":94},"3":{"loc":{"start":{"line":156,"column":6},"end":{"line":161,"column":7}},"type":"if","locations":[{"start":{"line":156,"column":6},"end":{"line":161,"column":7}},{"start":{"line":158,"column":13},"end":{"line":161,"column":7}}],"line":156},"4":{"loc":{"start":{"line":181,"column":6},"end":{"line":186,"column":7}},"type":"if","locations":[{"start":{"line":181,"column":6},"end":{"line":186,"column":7}},{"start":{"line":183,"column":13},"end":{"line":186,"column":7}}],"line":181}},"s":{"0":5,"1":5,"2":5,"3":5,"4":5,"5":5,"6":5,"7":1,"8":1,"9":1,"10":1,"11":1,"12":1,"13":1,"14":1,"15":1,"16":1,"17":1,"18":5,"19":1,"20":1,"21":1,"22":5,"23":2,"24":2,"25":1,"26":1,"27":5,"28":1,"29":1,"30":1,"31":0,"32":1,"33":1,"34":1,"35":5,"36":2,"37":2,"38":2,"39":0,"40":5,"41":0,"42":0,"43":5,"44":0,"45":0,"46":5,"47":0,"48":0,"49":0,"50":0,"51":0,"52":5,"53":0,"54":0,"55":0,"56":0,"57":0,"58":0},"f":{"0":1,"1":1,"2":1,"3":2,"4":2,"5":1,"6":1,"7":2,"8":0,"9":0,"10":0,"11":0,"12":0,"13":0,"14":0,"15":0},"b":{"0":[1,0],"1":[1,1],"2":[0,1],"3":[0,0],"4":[0,0]},"_coverageSchema":"1a1c01bbd47fc00a2c39e90264f33305004495a9","hash":"abda38db7b185ea97f8f9552935c7bfde383fb05"}
,"C:\\Users\\ASUS\\Desktop\\ProjectReact Copy\\node-back\\controllers\\coachcontrollers\\skills.js": {"path":"C:\\Users\\ASUS\\Desktop\\ProjectReact Copy\\node-back\\controllers\\coachcontrollers\\skills.js","statementMap":{"0":{"start":{"line":1,"column":13},"end":{"line":1,"column":43}},"1":{"start":{"line":2,"column":11},"end":{"line":2,"column":39}},"2":{"start":{"line":3,"column":17},"end":{"line":3,"column":51}},"3":{"start":{"line":6,"column":0},"end":{"line":22,"column":2}},"4":{"start":{"line":7,"column":16},"end":{"line":7,"column":47}},"5":{"start":{"line":8,"column":21},"end":{"line":8,"column":74}},"6":{"start":{"line":9,"column":15},"end":{"line":17,"column":4}},"7":{"start":{"line":18,"column":2},"end":{"line":18,"column":22}},"8":{"start":{"line":19,"column":2},"end":{"line":19,"column":28}},"9":{"start":{"line":20,"column":2},"end":{"line":20,"column":21}},"10":{"start":{"line":21,"column":2},"end":{"line":21,"column":30}},"11":{"start":{"line":26,"column":0},"end":{"line":31,"column":2}},"12":{"start":{"line":27,"column":16},"end":{"line":27,"column":55}},"13":{"start":{"line":28,"column":2},"end":{"line":30,"column":5}},"14":{"start":{"line":29,"column":4},"end":{"line":29,"column":20}},"15":{"start":{"line":35,"column":0},"end":{"line":47,"column":2}},"16":{"start":{"line":36,"column":2},"end":{"line":46,"column":7}},"17":{"start":{"line":38,"column":6},"end":{"line":40,"column":9}},"18":{"start":{"line":43,"column":6},"end":{"line":45,"column":9}},"19":{"start":{"line":50,"column":0},"end":{"line":71,"column":2}},"20":{"start":{"line":52,"column":17},"end":{"line":52,"column":59}},"21":{"start":{"line":53,"column":21},"end":{"line":53,"column":74}},"22":{"start":{"line":56,"column":14},"end":{"line":64,"column":4}},"23":{"start":{"line":65,"column":2},"end":{"line":65,"column":21}},"24":{"start":{"line":66,"column":2},"end":{"line":66,"column":21}},"25":{"start":{"line":67,"column":2},"end":{"line":67,"column":28}},"26":{"start":{"line":68,"column":2},"end":{"line":68,"column":22}},"27":{"start":{"line":70,"column":2},"end":{"line":70,"column":29}},"28":{"start":{"line":75,"column":0},"end":{"line":101,"column":2}},"29":{"start":{"line":76,"column":21},"end":{"line":76,"column":74}},"30":{"start":{"line":78,"column":2},"end":{"line":100,"column":7}},"31":{"start":{"line":92,"column":6},"end":{"line":94,"column":9}},"32":{"start":{"line":97,"column":6},"end":{"line":99,"column":9}},"33":{"start":{"line":106,"column":0},"end":{"line":135,"column":2}},"34":{"start":{"line":107,"column":21},"end":{"line":107,"column":74}},"35":{"start":{"line":108,"column":17},"end":{"line":108,"column":59}},"36":{"start":{"line":111,"column":2},"end":{"line":134,"column":7}},"37":{"start":{"line":126,"column":6},"end":{"line":128,"column":9}},"38":{"start":{"line":131,"column":6},"end":{"line":133,"column":9}}},"fnMap":{"0":{"name":"(anonymous_0)","decl":{"start":{"line":6,"column":23},"end":{"line":6,"column":24}},"loc":{"start":{"line":6,"column":43},"end":{"line":22,"column":1}},"line":6},"1":{"name":"(anonymous_1)","decl":{"start":{"line":26,"column":17},"end":{"line":26,"column":18}},"loc":{"start":{"line":26,"column":37},"end":{"line":31,"column":1}},"line":26},"2":{"name":"(anonymous_2)","decl":{"start":{"line":28,"column":36},"end":{"line":28,"column":37}},"loc":{"start":{"line":28,"column":58},"end":{"line":30,"column":3}},"line":28},"3":{"name":"(anonymous_3)","decl":{"start":{"line":35,"column":23},"end":{"line":35,"column":24}},"loc":{"start":{"line":35,"column":37},"end":{"line":47,"column":1}},"line":35},"4":{"name":"(anonymous_4)","decl":{"start":{"line":37,"column":10},"end":{"line":37,"column":11}},"loc":{"start":{"line":37,"column":16},"end":{"line":41,"column":5}},"line":37},"5":{"name":"(anonymous_5)","decl":{"start":{"line":42,"column":11},"end":{"line":42,"column":12}},"loc":{"start":{"line":42,"column":22},"end":{"line":46,"column":5}},"line":42},"6":{"name":"(anonymous_6)","decl":{"start":{"line":50,"column":23},"end":{"line":50,"column":24}},"loc":{"start":{"line":50,"column":49},"end":{"line":71,"column":1}},"line":50},"7":{"name":"(anonymous_7)","decl":{"start":{"line":75,"column":24},"end":{"line":75,"column":25}},"loc":{"start":{"line":75,"column":44},"end":{"line":101,"column":1}},"line":75},"8":{"name":"(anonymous_8)","decl":{"start":{"line":91,"column":10},"end":{"line":91,"column":11}},"loc":{"start":{"line":91,"column":16},"end":{"line":95,"column":5}},"line":91},"9":{"name":"(anonymous_9)","decl":{"start":{"line":96,"column":11},"end":{"line":96,"column":12}},"loc":{"start":{"line":96,"column":22},"end":{"line":100,"column":5}},"line":96},"10":{"name":"(anonymous_10)","decl":{"start":{"line":106,"column":25},"end":{"line":106,"column":26}},"loc":{"start":{"line":106,"column":45},"end":{"line":135,"column":1}},"line":106},"11":{"name":"(anonymous_11)","decl":{"start":{"line":125,"column":10},"end":{"line":125,"column":11}},"loc":{"start":{"line":125,"column":16},"end":{"line":129,"column":5}},"line":125},"12":{"name":"(anonymous_12)","decl":{"start":{"line":130,"column":11},"end":{"line":130,"column":12}},"loc":{"start":{"line":130,"column":22},"end":{"line":134,"column":5}},"line":130}},"branchMap":{},"s":{"0":5,"1":5,"2":5,"3":5,"4":0,"5":0,"6":0,"7":0,"8":0,"9":0,"10":0,"11":5,"12":0,"13":0,"14":0,"15":5,"16":0,"17":0,"18":0,"19":5,"20":0,"21":0,"22":0,"23":0,"24":0,"25":0,"26":0,"27":0,"28":5,"29":0,"30":0,"31":0,"32":0,"33":5,"34":0,"35":0,"36":0,"37":0,"38":0},"f":{"0":0,"1":0,"2":0,"3":0,"4":0,"5":0,"6":0,"7":0,"8":0,"9":0,"10":0,"11":0,"12":0},"b":{},"_coverageSchema":"1a1c01bbd47fc00a2c39e90264f33305004495a9","hash":"72f0d9a19b6263a6bc57bf389f8942e008aaae1f"}
,"C:\\Users\\ASUS\\Desktop\\ProjectReact Copy\\node-back\\controllers\\coachcontrollers\\speciality.js": {"path":"C:\\Users\\ASUS\\Desktop\\ProjectReact Copy\\node-back\\controllers\\coachcontrollers\\speciality.js","statementMap":{"0":{"start":{"line":1,"column":17},"end":{"line":1,"column":51}},"1":{"start":{"line":4,"column":0},"end":{"line":13,"column":4}},"2":{"start":{"line":5,"column":21},"end":{"line":9,"column":6}},"3":{"start":{"line":10,"column":4},"end":{"line":10,"column":28}},"4":{"start":{"line":12,"column":4},"end":{"line":12,"column":36}}},"fnMap":{"0":{"name":"(anonymous_0)","decl":{"start":{"line":4,"column":27},"end":{"line":4,"column":28}},"loc":{"start":{"line":4,"column":47},"end":{"line":13,"column":3}},"line":4}},"branchMap":{},"s":{"0":5,"1":5,"2":0,"3":0,"4":0},"f":{"0":0},"b":{},"_coverageSchema":"1a1c01bbd47fc00a2c39e90264f33305004495a9","hash":"ab6ffa530af3773b67575fe5dd076a26049f7537"}
,"C:\\Users\\ASUS\\Desktop\\ProjectReact Copy\\node-back\\controllers\\coachcontrollers\\statistic.js": {"path":"C:\\Users\\ASUS\\Desktop\\ProjectReact Copy\\node-back\\controllers\\coachcontrollers\\statistic.js","statementMap":{"0":{"start":{"line":1,"column":17},"end":{"line":1,"column":55}},"1":{"start":{"line":2,"column":11},"end":{"line":2,"column":39}},"2":{"start":{"line":3,"column":17},"end":{"line":3,"column":51}},"3":{"start":{"line":7,"column":0},"end":{"line":26,"column":2}},"4":{"start":{"line":8,"column":16},"end":{"line":8,"column":47}},"5":{"start":{"line":9,"column":21},"end":{"line":9,"column":74}},"6":{"start":{"line":10,"column":18},"end":{"line":20,"column":4}},"7":{"start":{"line":21,"column":2},"end":{"line":21,"column":25}},"8":{"start":{"line":22,"column":2},"end":{"line":23,"column":21}},"9":{"start":{"line":25,"column":2},"end":{"line":25,"column":33}},"10":{"start":{"line":29,"column":0},"end":{"line":57,"column":2}},"11":{"start":{"line":30,"column":21},"end":{"line":30,"column":74}},"12":{"start":{"line":32,"column":2},"end":{"line":56,"column":7}},"13":{"start":{"line":48,"column":6},"end":{"line":50,"column":9}},"14":{"start":{"line":53,"column":6},"end":{"line":55,"column":9}},"15":{"start":{"line":61,"column":0},"end":{"line":73,"column":2}},"16":{"start":{"line":62,"column":2},"end":{"line":72,"column":7}},"17":{"start":{"line":64,"column":6},"end":{"line":66,"column":9}},"18":{"start":{"line":69,"column":6},"end":{"line":71,"column":9}},"19":{"start":{"line":78,"column":0},"end":{"line":97,"column":2}},"20":{"start":{"line":79,"column":16},"end":{"line":79,"column":47}},"21":{"start":{"line":80,"column":21},"end":{"line":80,"column":74}},"22":{"start":{"line":81,"column":18},"end":{"line":91,"column":4}},"23":{"start":{"line":92,"column":2},"end":{"line":92,"column":25}},"24":{"start":{"line":93,"column":2},"end":{"line":94,"column":22}},"25":{"start":{"line":96,"column":2},"end":{"line":96,"column":33}},"26":{"start":{"line":100,"column":0},"end":{"line":129,"column":2}},"27":{"start":{"line":101,"column":21},"end":{"line":101,"column":74}},"28":{"start":{"line":102,"column":17},"end":{"line":102,"column":59}},"29":{"start":{"line":103,"column":2},"end":{"line":128,"column":7}},"30":{"start":{"line":120,"column":6},"end":{"line":122,"column":9}},"31":{"start":{"line":125,"column":6},"end":{"line":127,"column":9}}},"fnMap":{"0":{"name":"(anonymous_0)","decl":{"start":{"line":7,"column":26},"end":{"line":7,"column":27}},"loc":{"start":{"line":7,"column":46},"end":{"line":26,"column":1}},"line":7},"1":{"name":"(anonymous_1)","decl":{"start":{"line":29,"column":27},"end":{"line":29,"column":28}},"loc":{"start":{"line":29,"column":47},"end":{"line":57,"column":1}},"line":29},"2":{"name":"(anonymous_2)","decl":{"start":{"line":47,"column":10},"end":{"line":47,"column":11}},"loc":{"start":{"line":47,"column":16},"end":{"line":51,"column":5}},"line":47},"3":{"name":"(anonymous_3)","decl":{"start":{"line":52,"column":11},"end":{"line":52,"column":12}},"loc":{"start":{"line":52,"column":22},"end":{"line":56,"column":5}},"line":52},"4":{"name":"(anonymous_4)","decl":{"start":{"line":61,"column":26},"end":{"line":61,"column":27}},"loc":{"start":{"line":61,"column":40},"end":{"line":73,"column":1}},"line":61},"5":{"name":"(anonymous_5)","decl":{"start":{"line":63,"column":10},"end":{"line":63,"column":11}},"loc":{"start":{"line":63,"column":16},"end":{"line":67,"column":5}},"line":63},"6":{"name":"(anonymous_6)","decl":{"start":{"line":68,"column":11},"end":{"line":68,"column":12}},"loc":{"start":{"line":68,"column":22},"end":{"line":72,"column":5}},"line":68},"7":{"name":"(anonymous_7)","decl":{"start":{"line":78,"column":27},"end":{"line":78,"column":28}},"loc":{"start":{"line":78,"column":47},"end":{"line":97,"column":1}},"line":78},"8":{"name":"(anonymous_8)","decl":{"start":{"line":100,"column":28},"end":{"line":100,"column":29}},"loc":{"start":{"line":100,"column":48},"end":{"line":129,"column":1}},"line":100},"9":{"name":"(anonymous_9)","decl":{"start":{"line":119,"column":10},"end":{"line":119,"column":11}},"loc":{"start":{"line":119,"column":16},"end":{"line":123,"column":5}},"line":119},"10":{"name":"(anonymous_10)","decl":{"start":{"line":124,"column":11},"end":{"line":124,"column":12}},"loc":{"start":{"line":124,"column":22},"end":{"line":128,"column":5}},"line":124}},"branchMap":{},"s":{"0":5,"1":5,"2":5,"3":5,"4":0,"5":0,"6":0,"7":0,"8":0,"9":0,"10":5,"11":0,"12":0,"13":0,"14":0,"15":5,"16":0,"17":0,"18":0,"19":5,"20":0,"21":0,"22":0,"23":0,"24":0,"25":0,"26":5,"27":0,"28":0,"29":0,"30":0,"31":0},"f":{"0":0,"1":0,"2":0,"3":0,"4":0,"5":0,"6":0,"7":0,"8":0,"9":0,"10":0},"b":{},"_coverageSchema":"1a1c01bbd47fc00a2c39e90264f33305004495a9","hash":"0a9c58b1d5f0ba1f8058c7c1b62d29b62f6812e8"}
,"C:\\Users\\ASUS\\Desktop\\ProjectReact Copy\\node-back\\controllers\\playercontrollers\\challenge.js": {"path":"C:\\Users\\ASUS\\Desktop\\ProjectReact Copy\\node-back\\controllers\\playercontrollers\\challenge.js","statementMap":{"0":{"start":{"line":1,"column":18},"end":{"line":1,"column":51}},"1":{"start":{"line":2,"column":24},"end":{"line":2,"column":63}},"2":{"start":{"line":3,"column":13},"end":{"line":3,"column":41}},"3":{"start":{"line":5,"column":0},"end":{"line":10,"column":2}},"4":{"start":{"line":6,"column":17},"end":{"line":6,"column":56}},"5":{"start":{"line":7,"column":2},"end":{"line":9,"column":5}},"6":{"start":{"line":8,"column":4},"end":{"line":8,"column":34}},"7":{"start":{"line":13,"column":0},"end":{"line":30,"column":2}},"8":{"start":{"line":14,"column":2},"end":{"line":29,"column":4}},"9":{"start":{"line":22,"column":6},"end":{"line":27,"column":7}},"10":{"start":{"line":23,"column":8},"end":{"line":23,"column":77}},"11":{"start":{"line":25,"column":8},"end":{"line":25,"column":38}},"12":{"start":{"line":26,"column":8},"end":{"line":26,"column":37}}},"fnMap":{"0":{"name":"(anonymous_0)","decl":{"start":{"line":5,"column":30},"end":{"line":5,"column":31}},"loc":{"start":{"line":5,"column":50},"end":{"line":10,"column":1}},"line":5},"1":{"name":"(anonymous_1)","decl":{"start":{"line":7,"column":47},"end":{"line":7,"column":48}},"loc":{"start":{"line":7,"column":79},"end":{"line":9,"column":3}},"line":7},"2":{"name":"(anonymous_2)","decl":{"start":{"line":13,"column":24},"end":{"line":13,"column":25}},"loc":{"start":{"line":13,"column":38},"end":{"line":30,"column":1}},"line":13},"3":{"name":"(anonymous_3)","decl":{"start":{"line":21,"column":4},"end":{"line":21,"column":5}},"loc":{"start":{"line":21,"column":36},"end":{"line":28,"column":5}},"line":21}},"branchMap":{"0":{"loc":{"start":{"line":22,"column":6},"end":{"line":27,"column":7}},"type":"if","locations":[{"start":{"line":22,"column":6},"end":{"line":27,"column":7}},{"start":{"line":24,"column":13},"end":{"line":27,"column":7}}],"line":22}},"s":{"0":5,"1":5,"2":5,"3":5,"4":0,"5":0,"6":0,"7":5,"8":0,"9":0,"10":0,"11":0,"12":0},"f":{"0":0,"1":0,"2":0,"3":0},"b":{"0":[0,0]},"_coverageSchema":"1a1c01bbd47fc00a2c39e90264f33305004495a9","hash":"41bd0b002a364f23d3d23093766dceff46904bd3"}
,"C:\\Users\\ASUS\\Desktop\\ProjectReact Copy\\node-back\\controllers\\playercontrollers\\events.js": {"path":"C:\\Users\\ASUS\\Desktop\\ProjectReact Copy\\node-back\\controllers\\playercontrollers\\events.js","statementMap":{"0":{"start":{"line":1,"column":15},"end":{"line":1,"column":45}},"1":{"start":{"line":3,"column":13},"end":{"line":3,"column":41}},"2":{"start":{"line":4,"column":17},"end":{"line":4,"column":58}}},"fnMap":{},"branchMap":{},"s":{"0":5,"1":5,"2":5},"f":{},"b":{},"_coverageSchema":"1a1c01bbd47fc00a2c39e90264f33305004495a9","hash":"63e0fbf8e0bc29fabe0f75676c1f42ff85396bb6"}
,"C:\\Users\\ASUS\\Desktop\\ProjectReact Copy\\node-back\\controllers\\playercontrollers\\profile.js": {"path":"C:\\Users\\ASUS\\Desktop\\ProjectReact Copy\\node-back\\controllers\\playercontrollers\\profile.js","statementMap":{"0":{"start":{"line":1,"column":11},"end":{"line":1,"column":39}},"1":{"start":{"line":2,"column":13},"end":{"line":2,"column":30}},"2":{"start":{"line":4,"column":0},"end":{"line":36,"column":8}},"3":{"start":{"line":6,"column":4},"end":{"line":36,"column":6}},"4":{"start":{"line":8,"column":5},"end":{"line":35,"column":11}},"5":{"start":{"line":27,"column":10},"end":{"line":29,"column":13}},"6":{"start":{"line":32,"column":10},"end":{"line":34,"column":13}},"7":{"start":{"line":38,"column":4},"end":{"line":52,"column":8}},"8":{"start":{"line":39,"column":23},"end":{"line":39,"column":56}},"9":{"start":{"line":40,"column":8},"end":{"line":49,"column":11}},"10":{"start":{"line":41,"column":10},"end":{"line":43,"column":12}},"11":{"start":{"line":45,"column":12},"end":{"line":48,"column":14}}},"fnMap":{"0":{"name":"(anonymous_0)","decl":{"start":{"line":4,"column":24},"end":{"line":4,"column":25}},"loc":{"start":{"line":4,"column":40},"end":{"line":36,"column":7}},"line":4},"1":{"name":"(anonymous_1)","decl":{"start":{"line":6,"column":44},"end":{"line":6,"column":45}},"loc":{"start":{"line":6,"column":54},"end":{"line":36,"column":5}},"line":6},"2":{"name":"(anonymous_2)","decl":{"start":{"line":24,"column":14},"end":{"line":24,"column":15}},"loc":{"start":{"line":24,"column":20},"end":{"line":30,"column":9}},"line":24},"3":{"name":"(anonymous_3)","decl":{"start":{"line":31,"column":15},"end":{"line":31,"column":16}},"loc":{"start":{"line":31,"column":26},"end":{"line":35,"column":9}},"line":31},"4":{"name":"(anonymous_4)","decl":{"start":{"line":38,"column":22},"end":{"line":38,"column":23}},"loc":{"start":{"line":38,"column":42},"end":{"line":52,"column":7}},"line":38}},"branchMap":{"0":{"loc":{"start":{"line":40,"column":8},"end":{"line":49,"column":11}},"type":"if","locations":[{"start":{"line":40,"column":8},"end":{"line":49,"column":11}},{"start":{"line":44,"column":14},"end":{"line":49,"column":11}}],"line":40}},"s":{"0":5,"1":5,"2":5,"3":0,"4":0,"5":0,"6":0,"7":5,"8":0,"9":0,"10":0,"11":0},"f":{"0":0,"1":0,"2":0,"3":0,"4":0},"b":{"0":[0,0]},"_coverageSchema":"1a1c01bbd47fc00a2c39e90264f33305004495a9","hash":"a07187b68487a2dc8eff9b36e95f5a8869d705ca"}
,"C:\\Users\\ASUS\\Desktop\\ProjectReact Copy\\node-back\\middleware\\auth.js": {"path":"C:\\Users\\ASUS\\Desktop\\ProjectReact Copy\\node-back\\middleware\\auth.js","statementMap":{"0":{"start":{"line":1,"column":12},"end":{"line":1,"column":35}},"1":{"start":{"line":2,"column":13},"end":{"line":2,"column":38}},"2":{"start":{"line":4,"column":0},"end":{"line":23,"column":2}},"3":{"start":{"line":5,"column":2},"end":{"line":7,"column":3}},"4":{"start":{"line":6,"column":4},"end":{"line":6,"column":52}},"5":{"start":{"line":8,"column":14},"end":{"line":8,"column":53}},"6":{"start":{"line":10,"column":2},"end":{"line":12,"column":3}},"7":{"start":{"line":11,"column":4},"end":{"line":11,"column":55}},"8":{"start":{"line":14,"column":2},"end":{"line":22,"column":5}},"9":{"start":{"line":15,"column":4},"end":{"line":21,"column":5}},"10":{"start":{"line":16,"column":6},"end":{"line":16,"column":54}},"11":{"start":{"line":19,"column":6},"end":{"line":19,"column":35}},"12":{"start":{"line":20,"column":6},"end":{"line":20,"column":13}},"13":{"start":{"line":25,"column":0},"end":{"line":40,"column":2}},"14":{"start":{"line":26,"column":2},"end":{"line":39,"column":5}},"15":{"start":{"line":27,"column":4},"end":{"line":30,"column":5}},"16":{"start":{"line":28,"column":6},"end":{"line":28,"column":45}},"17":{"start":{"line":29,"column":6},"end":{"line":29,"column":13}},"18":{"start":{"line":31,"column":4},"end":{"line":31,"column":22}},"19":{"start":{"line":32,"column":4},"end":{"line":38,"column":5}},"20":{"start":{"line":33,"column":6},"end":{"line":33,"column":13}},"21":{"start":{"line":34,"column":6},"end":{"line":34,"column":13}},"22":{"start":{"line":36,"column":6},"end":{"line":36,"column":63}},"23":{"start":{"line":37,"column":6},"end":{"line":37,"column":13}},"24":{"start":{"line":41,"column":0},"end":{"line":56,"column":2}},"25":{"start":{"line":42,"column":2},"end":{"line":55,"column":5}},"26":{"start":{"line":43,"column":4},"end":{"line":46,"column":5}},"27":{"start":{"line":44,"column":6},"end":{"line":44,"column":45}},"28":{"start":{"line":45,"column":6},"end":{"line":45,"column":13}},"29":{"start":{"line":47,"column":4},"end":{"line":47,"column":34}},"30":{"start":{"line":48,"column":4},"end":{"line":54,"column":5}},"31":{"start":{"line":49,"column":6},"end":{"line":49,"column":13}},"32":{"start":{"line":50,"column":6},"end":{"line":50,"column":13}},"33":{"start":{"line":52,"column":6},"end":{"line":52,"column":64}},"34":{"start":{"line":53,"column":6},"end":{"line":53,"column":13}},"35":{"start":{"line":57,"column":16},"end":{"line":61,"column":1}},"36":{"start":{"line":62,"column":0},"end":{"line":62,"column":25}}},"fnMap":{"0":{"name":"(anonymous_0)","decl":{"start":{"line":4,"column":14},"end":{"line":4,"column":15}},"loc":{"start":{"line":4,"column":34},"end":{"line":23,"column":1}},"line":4},"1":{"name":"(anonymous_1)","decl":{"start":{"line":14,"column":33},"end":{"line":14,"column":34}},"loc":{"start":{"line":14,"column":62},"end":{"line":22,"column":3}},"line":14},"2":{"name":"(anonymous_2)","decl":{"start":{"line":25,"column":10},"end":{"line":25,"column":11}},"loc":{"start":{"line":25,"column":30},"end":{"line":40,"column":1}},"line":25},"3":{"name":"(anonymous_3)","decl":{"start":{"line":26,"column":33},"end":{"line":26,"column":34}},"loc":{"start":{"line":26,"column":48},"end":{"line":39,"column":3}},"line":26},"4":{"name":"(anonymous_4)","decl":{"start":{"line":41,"column":11},"end":{"line":41,"column":12}},"loc":{"start":{"line":41,"column":31},"end":{"line":56,"column":1}},"line":41},"5":{"name":"(anonymous_5)","decl":{"start":{"line":42,"column":33},"end":{"line":42,"column":34}},"loc":{"start":{"line":42,"column":48},"end":{"line":55,"column":3}},"line":42}},"branchMap":{"0":{"loc":{"start":{"line":5,"column":2},"end":{"line":7,"column":3}},"type":"if","locations":[{"start":{"line":5,"column":2},"end":{"line":7,"column":3}},{"start":{},"end":{}}],"line":5},"1":{"loc":{"start":{"line":10,"column":2},"end":{"line":12,"column":3}},"type":"if","locations":[{"start":{"line":10,"column":2},"end":{"line":12,"column":3}},{"start":{},"end":{}}],"line":10},"2":{"loc":{"start":{"line":15,"column":4},"end":{"line":21,"column":5}},"type":"if","locations":[{"start":{"line":15,"column":4},"end":{"line":21,"column":5}},{"start":{"line":17,"column":11},"end":{"line":21,"column":5}}],"line":15},"3":{"loc":{"start":{"line":27,"column":4},"end":{"line":30,"column":5}},"type":"if","locations":[{"start":{"line":27,"column":4},"end":{"line":30,"column":5}},{"start":{},"end":{}}],"line":27},"4":{"loc":{"start":{"line":32,"column":4},"end":{"line":38,"column":5}},"type":"if","locations":[{"start":{"line":32,"column":4},"end":{"line":38,"column":5}},{"start":{"line":35,"column":11},"end":{"line":38,"column":5}}],"line":32},"5":{"loc":{"start":{"line":43,"column":4},"end":{"line":46,"column":5}},"type":"if","locations":[{"start":{"line":43,"column":4},"end":{"line":46,"column":5}},{"start":{},"end":{}}],"line":43},"6":{"loc":{"start":{"line":48,"column":4},"end":{"line":54,"column":5}},"type":"if","locations":[{"start":{"line":48,"column":4},"end":{"line":54,"column":5}},{"start":{"line":51,"column":11},"end":{"line":54,"column":5}}],"line":48}},"s":{"0":5,"1":5,"2":5,"3":24,"4":0,"5":24,"6":24,"7":0,"8":24,"9":24,"10":0,"11":24,"12":24,"13":5,"14":23,"15":23,"16":0,"17":0,"18":23,"19":23,"20":23,"21":23,"22":0,"23":0,"24":5,"25":1,"26":1,"27":0,"28":0,"29":1,"30":1,"31":1,"32":1,"33":0,"34":0,"35":5,"36":5},"f":{"0":24,"1":24,"2":23,"3":23,"4":1,"5":1},"b":{"0":[0,24],"1":[0,24],"2":[0,24],"3":[0,23],"4":[23,0],"5":[0,1],"6":[1,0]},"_coverageSchema":"1a1c01bbd47fc00a2c39e90264f33305004495a9","hash":"daefb45855e9d1027b2e1c26e8ab50df69a38d72"}
,"C:\\Users\\ASUS\\Desktop\\ProjectReact Copy\\node-back\\models\\challenge.js": {"path":"C:\\Users\\ASUS\\Desktop\\ProjectReact Copy\\node-back\\models\\challenge.js","statementMap":{"0":{"start":{"line":1,"column":17},"end":{"line":1,"column":36}},"1":{"start":{"line":2,"column":13},"end":{"line":2,"column":28}},"2":{"start":{"line":4,"column":22},"end":{"line":24,"column":2}},"3":{"start":{"line":26,"column":0},"end":{"line":26,"column":62}}},"fnMap":{},"branchMap":{},"s":{"0":5,"1":5,"2":5,"3":5},"f":{},"b":{},"_coverageSchema":"1a1c01bbd47fc00a2c39e90264f33305004495a9","hash":"40003ab758fc8807e1e8adba78574ea8eb2b0fc2"}
,"C:\\Users\\ASUS\\Desktop\\ProjectReact Copy\\node-back\\models\\challengeplayer.js": {"path":"C:\\Users\\ASUS\\Desktop\\ProjectReact Copy\\node-back\\models\\challengeplayer.js","statementMap":{"0":{"start":{"line":1,"column":17},"end":{"line":1,"column":36}},"1":{"start":{"line":2,"column":13},"end":{"line":2,"column":28}},"2":{"start":{"line":4,"column":28},"end":{"line":23,"column":2}},"3":{"start":{"line":25,"column":0},"end":{"line":25,"column":74}}},"fnMap":{},"branchMap":{},"s":{"0":5,"1":5,"2":5,"3":5},"f":{},"b":{},"_coverageSchema":"1a1c01bbd47fc00a2c39e90264f33305004495a9","hash":"69e1864df2c4737c0570e1d59e43098a435ac921"}
,"C:\\Users\\ASUS\\Desktop\\ProjectReact Copy\\node-back\\models\\events.js": {"path":"C:\\Users\\ASUS\\Desktop\\ProjectReact Copy\\node-back\\models\\events.js","statementMap":{"0":{"start":{"line":1,"column":17},"end":{"line":1,"column":36}},"1":{"start":{"line":2,"column":13},"end":{"line":2,"column":28}},"2":{"start":{"line":6,"column":19},"end":{"line":46,"column":2}},"3":{"start":{"line":50,"column":0},"end":{"line":50,"column":56}}},"fnMap":{},"branchMap":{},"s":{"0":5,"1":5,"2":5,"3":5},"f":{},"b":{},"_coverageSchema":"1a1c01bbd47fc00a2c39e90264f33305004495a9","hash":"e2b2953dafd4bd03e72aac6bc8557d49ce92bfcd"}
,"C:\\Users\\ASUS\\Desktop\\ProjectReact Copy\\node-back\\models\\program.js": {"path":"C:\\Users\\ASUS\\Desktop\\ProjectReact Copy\\node-back\\models\\program.js","statementMap":{"0":{"start":{"line":1,"column":17},"end":{"line":1,"column":36}},"1":{"start":{"line":2,"column":13},"end":{"line":2,"column":28}},"2":{"start":{"line":4,"column":20},"end":{"line":29,"column":2}},"3":{"start":{"line":31,"column":0},"end":{"line":31,"column":58}}},"fnMap":{},"branchMap":{},"s":{"0":5,"1":5,"2":5,"3":5},"f":{},"b":{},"_coverageSchema":"1a1c01bbd47fc00a2c39e90264f33305004495a9","hash":"8eb2bbe5dee6fbc327b3685ccb8f90c9aa2a39b1"}
,"C:\\Users\\ASUS\\Desktop\\ProjectReact Copy\\node-back\\models\\reason.js": {"path":"C:\\Users\\ASUS\\Desktop\\ProjectReact Copy\\node-back\\models\\reason.js","statementMap":{"0":{"start":{"line":1,"column":17},"end":{"line":1,"column":36}},"1":{"start":{"line":2,"column":13},"end":{"line":2,"column":28}},"2":{"start":{"line":10,"column":19},"end":{"line":15,"column":2}},"3":{"start":{"line":17,"column":0},"end":{"line":17,"column":56}}},"fnMap":{},"branchMap":{},"s":{"0":5,"1":5,"2":5,"3":5},"f":{},"b":{},"_coverageSchema":"1a1c01bbd47fc00a2c39e90264f33305004495a9","hash":"6baf3f2736827f5c580b7c89794e7f93c475c37d"}
,"C:\\Users\\ASUS\\Desktop\\ProjectReact Copy\\node-back\\models\\session.js": {"path":"C:\\Users\\ASUS\\Desktop\\ProjectReact Copy\\node-back\\models\\session.js","statementMap":{"0":{"start":{"line":1,"column":17},"end":{"line":1,"column":36}},"1":{"start":{"line":2,"column":13},"end":{"line":2,"column":28}},"2":{"start":{"line":4,"column":20},"end":{"line":43,"column":1}},"3":{"start":{"line":45,"column":0},"end":{"line":45,"column":58}}},"fnMap":{},"branchMap":{},"s":{"0":5,"1":5,"2":5,"3":5},"f":{},"b":{},"_coverageSchema":"1a1c01bbd47fc00a2c39e90264f33305004495a9","hash":"6ba2ccf522e4a2df92703429a13a61f07e7f917d"}
,"C:\\Users\\ASUS\\Desktop\\ProjectReact Copy\\node-back\\models\\skills.js": {"path":"C:\\Users\\ASUS\\Desktop\\ProjectReact Copy\\node-back\\models\\skills.js","statementMap":{"0":{"start":{"line":1,"column":17},"end":{"line":1,"column":36}},"1":{"start":{"line":2,"column":13},"end":{"line":2,"column":28}},"2":{"start":{"line":4,"column":19},"end":{"line":41,"column":1}},"3":{"start":{"line":45,"column":0},"end":{"line":45,"column":56}}},"fnMap":{},"branchMap":{},"s":{"0":5,"1":5,"2":5,"3":5},"f":{},"b":{},"_coverageSchema":"1a1c01bbd47fc00a2c39e90264f33305004495a9","hash":"0c63d8466c5c47a73b71ec1512200724b4cd9c6c"}
,"C:\\Users\\ASUS\\Desktop\\ProjectReact Copy\\node-back\\models\\speciality.js": {"path":"C:\\Users\\ASUS\\Desktop\\ProjectReact Copy\\node-back\\models\\speciality.js","statementMap":{"0":{"start":{"line":1,"column":17},"end":{"line":1,"column":36}},"1":{"start":{"line":2,"column":13},"end":{"line":2,"column":28}},"2":{"start":{"line":4,"column":23},"end":{"line":20,"column":1}},"3":{"start":{"line":24,"column":0},"end":{"line":24,"column":64}}},"fnMap":{},"branchMap":{},"s":{"0":5,"1":5,"2":5,"3":5},"f":{},"b":{},"_coverageSchema":"1a1c01bbd47fc00a2c39e90264f33305004495a9","hash":"bf06d3c4af341d4b9d41e458ec6bae85cb41a501"}
,"C:\\Users\\ASUS\\Desktop\\ProjectReact Copy\\node-back\\models\\training_location.js": {"path":"C:\\Users\\ASUS\\Desktop\\ProjectReact Copy\\node-back\\models\\training_location.js","statementMap":{"0":{"start":{"line":1,"column":17},"end":{"line":1,"column":36}},"1":{"start":{"line":2,"column":13},"end":{"line":2,"column":28}},"2":{"start":{"line":4,"column":30},"end":{"line":23,"column":2}},"3":{"start":{"line":25,"column":0},"end":{"line":25,"column":69}}},"fnMap":{},"branchMap":{},"s":{"0":5,"1":5,"2":5,"3":5},"f":{},"b":{},"_coverageSchema":"1a1c01bbd47fc00a2c39e90264f33305004495a9","hash":"78e6e61d0234efed5b344fea30c64a3e11127e82"}
,"C:\\Users\\ASUS\\Desktop\\ProjectReact Copy\\node-back\\models\\type_statistic.js": {"path":"C:\\Users\\ASUS\\Desktop\\ProjectReact Copy\\node-back\\models\\type_statistic.js","statementMap":{"0":{"start":{"line":1,"column":17},"end":{"line":1,"column":36}},"1":{"start":{"line":2,"column":13},"end":{"line":2,"column":28}},"2":{"start":{"line":4,"column":14},"end":{"line":8,"column":2}},"3":{"start":{"line":10,"column":17},"end":{"line":15,"column":2}},"4":{"start":{"line":17,"column":16},"end":{"line":21,"column":2}},"5":{"start":{"line":23,"column":26},"end":{"line":74,"column":1}},"6":{"start":{"line":76,"column":0},"end":{"line":81,"column":3}},"7":{"start":{"line":84,"column":0},"end":{"line":84,"column":70}}},"fnMap":{},"branchMap":{},"s":{"0":5,"1":5,"2":5,"3":5,"4":5,"5":5,"6":5,"7":5},"f":{},"b":{},"_coverageSchema":"1a1c01bbd47fc00a2c39e90264f33305004495a9","hash":"2047f87f14d1e2187e2ae68e129b5404ef19950a"}
,"C:\\Users\\ASUS\\Desktop\\ProjectReact Copy\\node-back\\models\\user.js": {"path":"C:\\Users\\ASUS\\Desktop\\ProjectReact Copy\\node-back\\models\\user.js","statementMap":{"0":{"start":{"line":1,"column":17},"end":{"line":1,"column":36}},"1":{"start":{"line":2,"column":13},"end":{"line":2,"column":30}},"2":{"start":{"line":4,"column":13},"end":{"line":4,"column":28}},"3":{"start":{"line":5,"column":16},"end":{"line":8,"column":2}},"4":{"start":{"line":10,"column":21},"end":{"line":13,"column":2}},"5":{"start":{"line":15,"column":18},"end":{"line":18,"column":2}},"6":{"start":{"line":20,"column":27},"end":{"line":24,"column":2}},"7":{"start":{"line":26,"column":17},"end":{"line":105,"column":1}},"8":{"start":{"line":107,"column":0},"end":{"line":112,"column":3}},"9":{"start":{"line":114,"column":0},"end":{"line":120,"column":3}},"10":{"start":{"line":122,"column":0},"end":{"line":124,"column":2}},"11":{"start":{"line":123,"column":2},"end":{"line":123,"column":39}},"12":{"start":{"line":126,"column":0},"end":{"line":128,"column":2}},"13":{"start":{"line":127,"column":2},"end":{"line":127,"column":59}},"14":{"start":{"line":130,"column":0},"end":{"line":130,"column":52}}},"fnMap":{"0":{"name":"hashPassword","decl":{"start":{"line":122,"column":43},"end":{"line":122,"column":55}},"loc":{"start":{"line":122,"column":66},"end":{"line":124,"column":1}},"line":122},"1":{"name":"(anonymous_1)","decl":{"start":{"line":126,"column":29},"end":{"line":126,"column":30}},"loc":{"start":{"line":126,"column":55},"end":{"line":128,"column":1}},"line":126}},"branchMap":{},"s":{"0":5,"1":5,"2":5,"3":5,"4":5,"5":5,"6":5,"7":5,"8":5,"9":5,"10":5,"11":0,"12":5,"13":0,"14":5},"f":{"0":0,"1":0},"b":{},"_coverageSchema":"1a1c01bbd47fc00a2c39e90264f33305004495a9","hash":"20d99435beb3d43829991315c677d3aee653f15f"}
,"C:\\Users\\ASUS\\Desktop\\ProjectReact Copy\\node-back\\routes\\api.js": {"path":"C:\\Users\\ASUS\\Desktop\\ProjectReact Copy\\node-back\\routes\\api.js","statementMap":{"0":{"start":{"line":2,"column":14},"end":{"line":2,"column":32}},"1":{"start":{"line":3,"column":13},"end":{"line":3,"column":29}},"2":{"start":{"line":4,"column":17},"end":{"line":4,"column":39}},"3":{"start":{"line":6,"column":17},"end":{"line":6,"column":34}},"4":{"start":{"line":7,"column":29},"end":{"line":7,"column":77}},"5":{"start":{"line":8,"column":32},"end":{"line":8,"column":83}},"6":{"start":{"line":9,"column":29},"end":{"line":9,"column":82}},"7":{"start":{"line":10,"column":16},"end":{"line":10,"column":45}},"8":{"start":{"line":12,"column":0},"end":{"line":16,"column":2}},"9":{"start":{"line":17,"column":0},"end":{"line":17,"column":73}},"10":{"start":{"line":19,"column":0},"end":{"line":24,"column":2}},"11":{"start":{"line":25,"column":0},"end":{"line":25,"column":78}},"12":{"start":{"line":27,"column":0},"end":{"line":27,"column":24}}},"fnMap":{},"branchMap":{},"s":{"0":5,"1":5,"2":5,"3":5,"4":5,"5":5,"6":5,"7":5,"8":5,"9":5,"10":5,"11":5,"12":5},"f":{},"b":{},"_coverageSchema":"1a1c01bbd47fc00a2c39e90264f33305004495a9","hash":"a9fe1df4e5ab68481ecb9c19abb5742f220a4a91"}
,"C:\\Users\\ASUS\\Desktop\\ProjectReact Copy\\node-back\\routes\\coach.js": {"path":"C:\\Users\\ASUS\\Desktop\\ProjectReact Copy\\node-back\\routes\\coach.js","statementMap":{"0":{"start":{"line":1,"column":14},"end":{"line":1,"column":32}},"1":{"start":{"line":2,"column":13},"end":{"line":2,"column":29}},"2":{"start":{"line":3,"column":17},"end":{"line":3,"column":39}},"3":{"start":{"line":4,"column":14},"end":{"line":4,"column":43}},"4":{"start":{"line":5,"column":17},"end":{"line":5,"column":34}},"5":{"start":{"line":6,"column":32},"end":{"line":6,"column":83}},"6":{"start":{"line":7,"column":33},"end":{"line":7,"column":85}},"7":{"start":{"line":8,"column":31},"end":{"line":8,"column":81}},"8":{"start":{"line":9,"column":30},"end":{"line":9,"column":79}},"9":{"start":{"line":10,"column":31},"end":{"line":10,"column":81}},"10":{"start":{"line":11,"column":30},"end":{"line":11,"column":86}},"11":{"start":{"line":12,"column":33},"end":{"line":12,"column":85}},"12":{"start":{"line":13,"column":30},"end":{"line":13,"column":79}},"13":{"start":{"line":14,"column":31},"end":{"line":14,"column":81}},"14":{"start":{"line":17,"column":0},"end":{"line":22,"column":2}},"15":{"start":{"line":25,"column":0},"end":{"line":30,"column":2}},"16":{"start":{"line":33,"column":0},"end":{"line":38,"column":2}},"17":{"start":{"line":40,"column":0},"end":{"line":45,"column":2}},"18":{"start":{"line":48,"column":0},"end":{"line":53,"column":2}},"19":{"start":{"line":55,"column":0},"end":{"line":60,"column":2}},"20":{"start":{"line":62,"column":0},"end":{"line":67,"column":2}},"21":{"start":{"line":70,"column":0},"end":{"line":75,"column":2}},"22":{"start":{"line":78,"column":0},"end":{"line":83,"column":2}},"23":{"start":{"line":86,"column":0},"end":{"line":91,"column":2}},"24":{"start":{"line":93,"column":0},"end":{"line":98,"column":2}},"25":{"start":{"line":100,"column":0},"end":{"line":105,"column":2}},"26":{"start":{"line":107,"column":0},"end":{"line":112,"column":2}},"27":{"start":{"line":114,"column":0},"end":{"line":119,"column":2}},"28":{"start":{"line":121,"column":0},"end":{"line":126,"column":2}},"29":{"start":{"line":129,"column":0},"end":{"line":134,"column":2}},"30":{"start":{"line":136,"column":0},"end":{"line":141,"column":2}},"31":{"start":{"line":144,"column":0},"end":{"line":149,"column":2}},"32":{"start":{"line":152,"column":0},"end":{"line":157,"column":2}},"33":{"start":{"line":159,"column":0},"end":{"line":164,"column":2}},"34":{"start":{"line":167,"column":0},"end":{"line":172,"column":2}},"35":{"start":{"line":174,"column":0},"end":{"line":179,"column":2}},"36":{"start":{"line":182,"column":0},"end":{"line":187,"column":2}},"37":{"start":{"line":190,"column":0},"end":{"line":195,"column":2}},"38":{"start":{"line":211,"column":0},"end":{"line":216,"column":2}},"39":{"start":{"line":219,"column":0},"end":{"line":224,"column":2}},"40":{"start":{"line":227,"column":0},"end":{"line":232,"column":2}},"41":{"start":{"line":235,"column":0},"end":{"line":240,"column":2}},"42":{"start":{"line":243,"column":0},"end":{"line":248,"column":2}},"43":{"start":{"line":251,"column":0},"end":{"line":256,"column":2}},"44":{"start":{"line":259,"column":0},"end":{"line":264,"column":2}},"45":{"start":{"line":267,"column":0},"end":{"line":272,"column":2}},"46":{"start":{"line":276,"column":0},"end":{"line":281,"column":2}},"47":{"start":{"line":284,"column":0},"end":{"line":289,"column":2}},"48":{"start":{"line":291,"column":0},"end":{"line":296,"column":2}},"49":{"start":{"line":299,"column":0},"end":{"line":304,"column":2}},"50":{"start":{"line":309,"column":0},"end":{"line":314,"column":2}},"51":{"start":{"line":317,"column":0},"end":{"line":322,"column":2}},"52":{"start":{"line":326,"column":0},"end":{"line":331,"column":2}},"53":{"start":{"line":334,"column":0},"end":{"line":339,"column":2}},"54":{"start":{"line":341,"column":0},"end":{"line":346,"column":2}},"55":{"start":{"line":349,"column":0},"end":{"line":354,"column":2}},"56":{"start":{"line":358,"column":0},"end":{"line":358,"column":24}}},"fnMap":{},"branchMap":{},"s":{"0":5,"1":5,"2":5,"3":5,"4":5,"5":5,"6":5,"7":5,"8":5,"9":5,"10":5,"11":5,"12":5,"13":5,"14":5,"15":5,"16":5,"17":5,"18":5,"19":5,"20":5,"21":5,"22":5,"23":5,"24":5,"25":5,"26":5,"27":5,"28":5,"29":5,"30":5,"31":5,"32":5,"33":5,"34":5,"35":5,"36":5,"37":5,"38":5,"39":5,"40":5,"41":5,"42":5,"43":5,"44":5,"45":5,"46":5,"47":5,"48":5,"49":5,"50":5,"51":5,"52":5,"53":5,"54":5,"55":5,"56":5},"f":{},"b":{},"_coverageSchema":"1a1c01bbd47fc00a2c39e90264f33305004495a9","hash":"44dff704ef6fcbfcd9cfd7bf819d2f9ac6a8c19d"}
,"C:\\Users\\ASUS\\Desktop\\ProjectReact Copy\\node-back\\routes\\player.js": {"path":"C:\\Users\\ASUS\\Desktop\\ProjectReact Copy\\node-back\\routes\\player.js","statementMap":{"0":{"start":{"line":2,"column":14},"end":{"line":2,"column":32}},"1":{"start":{"line":3,"column":13},"end":{"line":3,"column":29}},"2":{"start":{"line":4,"column":17},"end":{"line":4,"column":39}},"3":{"start":{"line":5,"column":14},"end":{"line":5,"column":43}},"4":{"start":{"line":7,"column":17},"end":{"line":7,"column":34}},"5":{"start":{"line":8,"column":30},"end":{"line":8,"column":81}},"6":{"start":{"line":9,"column":34},"end":{"line":9,"column":87}},"7":{"start":{"line":10,"column":31},"end":{"line":10,"column":81}},"8":{"start":{"line":11,"column":31},"end":{"line":11,"column":80}},"9":{"start":{"line":12,"column":0},"end":{"line":17,"column":2}},"10":{"start":{"line":19,"column":0},"end":{"line":24,"column":2}},"11":{"start":{"line":25,"column":0},"end":{"line":30,"column":2}},"12":{"start":{"line":32,"column":0},"end":{"line":37,"column":2}},"13":{"start":{"line":39,"column":0},"end":{"line":44,"column":2}},"14":{"start":{"line":47,"column":0},"end":{"line":52,"column":2}},"15":{"start":{"line":54,"column":0},"end":{"line":59,"column":2}},"16":{"start":{"line":63,"column":0},"end":{"line":63,"column":24}}},"fnMap":{},"branchMap":{},"s":{"0":5,"1":5,"2":5,"3":5,"4":5,"5":5,"6":5,"7":5,"8":5,"9":5,"10":5,"11":5,"12":5,"13":5,"14":5,"15":5,"16":5},"f":{},"b":{},"_coverageSchema":"1a1c01bbd47fc00a2c39e90264f33305004495a9","hash":"5566d7db00c6b622b657caee93237a8b9596395a"}
,"C:\\Users\\ASUS\\Desktop\\ProjectReact Copy\\node-back\\utils\\serverUtils.js": {"path":"C:\\Users\\ASUS\\Desktop\\ProjectReact Copy\\node-back\\utils\\serverUtils.js","statementMap":{"0":{"start":{"line":1,"column":16},"end":{"line":1,"column":34}},"1":{"start":{"line":2,"column":13},"end":{"line":2,"column":17}},"2":{"start":{"line":3,"column":17},"end":{"line":3,"column":39}},"3":{"start":{"line":5,"column":21},"end":{"line":25,"column":1}},"4":{"start":{"line":7,"column":16},"end":{"line":7,"column":25}},"5":{"start":{"line":8,"column":15},"end":{"line":8,"column":30}},"6":{"start":{"line":10,"column":20},"end":{"line":10,"column":44}},"7":{"start":{"line":11,"column":23},"end":{"line":11,"column":50}},"8":{"start":{"line":12,"column":22},"end":{"line":12,"column":48}},"9":{"start":{"line":14,"column":4},"end":{"line":14,"column":20}},"10":{"start":{"line":15,"column":4},"end":{"line":15,"column":28}},"11":{"start":{"line":16,"column":4},"end":{"line":16,"column":37}},"12":{"start":{"line":17,"column":4},"end":{"line":17,"column":35}},"13":{"start":{"line":21,"column":4},"end":{"line":21,"column":55}},"14":{"start":{"line":24,"column":4},"end":{"line":24,"column":15}},"15":{"start":{"line":26,"column":0},"end":{"line":26,"column":34}}},"fnMap":{"0":{"name":"(anonymous_0)","decl":{"start":{"line":5,"column":21},"end":{"line":5,"column":22}},"loc":{"start":{"line":5,"column":27},"end":{"line":25,"column":1}},"line":5}},"branchMap":{},"s":{"0":5,"1":5,"2":5,"3":5,"4":5,"5":5,"6":5,"7":5,"8":5,"9":5,"10":5,"11":5,"12":5,"13":5,"14":5,"15":5},"f":{"0":5},"b":{},"_coverageSchema":"1a1c01bbd47fc00a2c39e90264f33305004495a9","hash":"abc0e0f483983da834e8ddabccb7fac02da63a59"}
}
