{"C:\\Users\\ASUS\\Desktop\\ProjectReact Copy\\node-back\\controllers\\coachcontrollers\\Location.js": {"path":"C:\\Users\\ASUS\\Desktop\\ProjectReact Copy\\node-back\\controllers\\coachcontrollers\\Location.js","statementMap":{"0":{"start":{"line":2,"column":11},"end":{"line":2,"column":39}},"1":{"start":{"line":3,"column":24},"end":{"line":3,"column":65}},"2":{"start":{"line":6,"column":0},"end":{"line":19,"column":2}},"3":{"start":{"line":7,"column":16},"end":{"line":7,"column":55}},"4":{"start":{"line":8,"column":17},"end":{"line":14,"column":4}},"5":{"start":{"line":15,"column":2},"end":{"line":15,"column":24}},"6":{"start":{"line":16,"column":2},"end":{"line":16,"column":40}},"7":{"start":{"line":17,"column":2},"end":{"line":17,"column":21}},"8":{"start":{"line":18,"column":2},"end":{"line":18,"column":42}},"9":{"start":{"line":22,"column":0},"end":{"line":30,"column":2}},"10":{"start":{"line":23,"column":2},"end":{"line":29,"column":5}},"11":{"start":{"line":24,"column":4},"end":{"line":28,"column":5}},"12":{"start":{"line":25,"column":6},"end":{"line":25,"column":41}},"13":{"start":{"line":27,"column":6},"end":{"line":27,"column":26}},"14":{"start":{"line":32,"column":0},"end":{"line":41,"column":2}},"15":{"start":{"line":33,"column":16},"end":{"line":33,"column":55}},"16":{"start":{"line":34,"column":2},"end":{"line":40,"column":5}},"17":{"start":{"line":35,"column":4},"end":{"line":39,"column":5}},"18":{"start":{"line":36,"column":6},"end":{"line":36,"column":41}},"19":{"start":{"line":38,"column":6},"end":{"line":38,"column":26}},"20":{"start":{"line":44,"column":0},"end":{"line":66,"column":2}},"21":{"start":{"line":47,"column":2},"end":{"line":65,"column":4}},"22":{"start":{"line":58,"column":6},"end":{"line":63,"column":7}},"23":{"start":{"line":59,"column":8},"end":{"line":59,"column":77}},"24":{"start":{"line":61,"column":8},"end":{"line":61,"column":31}},"25":{"start":{"line":62,"column":8},"end":{"line":62,"column":30}},"26":{"start":{"line":69,"column":0},"end":{"line":84,"column":2}},"27":{"start":{"line":70,"column":2},"end":{"line":83,"column":4}},"28":{"start":{"line":73,"column":6},"end":{"line":81,"column":7}},"29":{"start":{"line":74,"column":8},"end":{"line":76,"column":11}},"30":{"start":{"line":78,"column":8},"end":{"line":80,"column":11}},"31":{"start":{"line":87,"column":0},"end":{"line":95,"column":2}},"32":{"start":{"line":88,"column":2},"end":{"line":94,"column":3}},"33":{"start":{"line":89,"column":21},"end":{"line":89,"column":68}},"34":{"start":{"line":90,"column":4},"end":{"line":90,"column":37}},"35":{"start":{"line":93,"column":4},"end":{"line":93,"column":56}}},"fnMap":{"0":{"name":"(anonymous_0)","decl":{"start":{"line":6,"column":25},"end":{"line":6,"column":26}},"loc":{"start":{"line":6,"column":45},"end":{"line":19,"column":1}},"line":6},"1":{"name":"(anonymous_1)","decl":{"start":{"line":22,"column":23},"end":{"line":22,"column":24}},"loc":{"start":{"line":22,"column":43},"end":{"line":30,"column":1}},"line":22},"2":{"name":"(anonymous_2)","decl":{"start":{"line":23,"column":29},"end":{"line":23,"column":30}},"loc":{"start":{"line":23,"column":55},"end":{"line":29,"column":3}},"line":23},"3":{"name":"(anonymous_3)","decl":{"start":{"line":32,"column":30},"end":{"line":32,"column":31}},"loc":{"start":{"line":32,"column":50},"end":{"line":41,"column":1}},"line":32},"4":{"name":"(anonymous_4)","decl":{"start":{"line":34,"column":47},"end":{"line":34,"column":48}},"loc":{"start":{"line":34,"column":73},"end":{"line":40,"column":3}},"line":34},"5":{"name":"(anonymous_5)","decl":{"start":{"line":44,"column":25},"end":{"line":44,"column":26}},"loc":{"start":{"line":44,"column":39},"end":{"line":66,"column":1}},"line":44},"6":{"name":"(anonymous_6)","decl":{"start":{"line":57,"column":4},"end":{"line":57,"column":5}},"loc":{"start":{"line":57,"column":29},"end":{"line":64,"column":5}},"line":57},"7":{"name":"(anonymous_7)","decl":{"start":{"line":69,"column":25},"end":{"line":69,"column":26}},"loc":{"start":{"line":69,"column":39},"end":{"line":84,"column":1}},"line":69},"8":{"name":"(anonymous_8)","decl":{"start":{"line":72,"column":4},"end":{"line":72,"column":5}},"loc":{"start":{"line":72,"column":29},"end":{"line":82,"column":5}},"line":72},"9":{"name":"(anonymous_9)","decl":{"start":{"line":87,"column":26},"end":{"line":87,"column":27}},"loc":{"start":{"line":87,"column":46},"end":{"line":95,"column":1}},"line":87}},"branchMap":{"0":{"loc":{"start":{"line":24,"column":4},"end":{"line":28,"column":5}},"type":"if","locations":[{"start":{"line":24,"column":4},"end":{"line":28,"column":5}},{"start":{"line":26,"column":11},"end":{"line":28,"column":5}}],"line":24},"1":{"loc":{"start":{"line":35,"column":4},"end":{"line":39,"column":5}},"type":"if","locations":[{"start":{"line":35,"column":4},"end":{"line":39,"column":5}},{"start":{"line":37,"column":11},"end":{"line":39,"column":5}}],"line":35},"2":{"loc":{"start":{"line":58,"column":6},"end":{"line":63,"column":7}},"type":"if","locations":[{"start":{"line":58,"column":6},"end":{"line":63,"column":7}},{"start":{"line":60,"column":13},"end":{"line":63,"column":7}}],"line":58},"3":{"loc":{"start":{"line":73,"column":6},"end":{"line":81,"column":7}},"type":"if","locations":[{"start":{"line":73,"column":6},"end":{"line":81,"column":7}},{"start":{"line":77,"column":13},"end":{"line":81,"column":7}}],"line":73}},"s":{"0":2,"1":2,"2":2,"3":0,"4":0,"5":0,"6":0,"7":0,"8":0,"9":2,"10":0,"11":0,"12":0,"13":0,"14":2,"15":0,"16":0,"17":0,"18":0,"19":0,"20":2,"21":0,"22":0,"23":0,"24":0,"25":0,"26":2,"27":0,"28":0,"29":0,"30":0,"31":2,"32":0,"33":0,"34":0,"35":0},"f":{"0":0,"1":0,"2":0,"3":0,"4":0,"5":0,"6":0,"7":0,"8":0,"9":0},"b":{"0":[0,0],"1":[0,0],"2":[0,0],"3":[0,0]},"_coverageSchema":"1a1c01bbd47fc00a2c39e90264f33305004495a9","hash":"7ed10caf8e7949dd71087373b388a3582d45a543"}
,"C:\\Users\\ASUS\\Desktop\\ProjectReact Copy\\node-back\\controllers\\coachcontrollers\\challenge.js": {"path":"C:\\Users\\ASUS\\Desktop\\ProjectReact Copy\\node-back\\controllers\\coachcontrollers\\challenge.js","statementMap":{"0":{"start":{"line":1,"column":11},"end":{"line":1,"column":39}},"1":{"start":{"line":2,"column":16},"end":{"line":2,"column":49}},"2":{"start":{"line":3,"column":22},"end":{"line":3,"column":61}},"3":{"start":{"line":5,"column":0},"end":{"line":22,"column":2}},"4":{"start":{"line":6,"column":16},"end":{"line":6,"column":55}},"5":{"start":{"line":7,"column":17},"end":{"line":7,"column":61}},"6":{"start":{"line":8,"column":18},"end":{"line":15,"column":4}},"7":{"start":{"line":16,"column":2},"end":{"line":16,"column":25}},"8":{"start":{"line":17,"column":2},"end":{"line":17,"column":35}},"9":{"start":{"line":18,"column":2},"end":{"line":18,"column":21}},"10":{"start":{"line":19,"column":2},"end":{"line":19,"column":36}},"11":{"start":{"line":20,"column":2},"end":{"line":20,"column":22}},"12":{"start":{"line":21,"column":2},"end":{"line":21,"column":33}},"13":{"start":{"line":24,"column":0},"end":{"line":42,"column":2}},"14":{"start":{"line":25,"column":17},"end":{"line":25,"column":61}},"15":{"start":{"line":26,"column":16},"end":{"line":26,"column":55}},"16":{"start":{"line":27,"column":16},"end":{"line":27,"column":68}},"17":{"start":{"line":28,"column":24},"end":{"line":38,"column":4}},"18":{"start":{"line":39,"column":2},"end":{"line":39,"column":31}},"19":{"start":{"line":41,"column":2},"end":{"line":41,"column":39}},"20":{"start":{"line":44,"column":0},"end":{"line":51,"column":2}},"21":{"start":{"line":45,"column":2},"end":{"line":50,"column":7}},"22":{"start":{"line":49,"column":6},"end":{"line":49,"column":43}},"23":{"start":{"line":53,"column":0},"end":{"line":60,"column":2}},"24":{"start":{"line":54,"column":2},"end":{"line":59,"column":7}},"25":{"start":{"line":58,"column":6},"end":{"line":58,"column":43}},"26":{"start":{"line":62,"column":0},"end":{"line":74,"column":2}},"27":{"start":{"line":63,"column":2},"end":{"line":73,"column":5}},"28":{"start":{"line":64,"column":4},"end":{"line":72,"column":5}},"29":{"start":{"line":65,"column":6},"end":{"line":67,"column":9}},"30":{"start":{"line":69,"column":6},"end":{"line":71,"column":9}},"31":{"start":{"line":141,"column":0},"end":{"line":161,"column":2}},"32":{"start":{"line":142,"column":2},"end":{"line":160,"column":4}},"33":{"start":{"line":153,"column":6},"end":{"line":158,"column":7}},"34":{"start":{"line":154,"column":8},"end":{"line":154,"column":77}},"35":{"start":{"line":156,"column":8},"end":{"line":156,"column":32}},"36":{"start":{"line":157,"column":8},"end":{"line":157,"column":31}}},"fnMap":{"0":{"name":"(anonymous_0)","decl":{"start":{"line":5,"column":26},"end":{"line":5,"column":27}},"loc":{"start":{"line":5,"column":46},"end":{"line":22,"column":1}},"line":5},"1":{"name":"(anonymous_1)","decl":{"start":{"line":24,"column":26},"end":{"line":24,"column":27}},"loc":{"start":{"line":24,"column":46},"end":{"line":42,"column":1}},"line":24},"2":{"name":"(anonymous_2)","decl":{"start":{"line":44,"column":33},"end":{"line":44,"column":34}},"loc":{"start":{"line":44,"column":53},"end":{"line":51,"column":1}},"line":44},"3":{"name":"(anonymous_3)","decl":{"start":{"line":48,"column":10},"end":{"line":48,"column":11}},"loc":{"start":{"line":48,"column":31},"end":{"line":50,"column":5}},"line":48},"4":{"name":"(anonymous_4)","decl":{"start":{"line":53,"column":25},"end":{"line":53,"column":26}},"loc":{"start":{"line":53,"column":45},"end":{"line":60,"column":1}},"line":53},"5":{"name":"(anonymous_5)","decl":{"start":{"line":57,"column":10},"end":{"line":57,"column":11}},"loc":{"start":{"line":57,"column":31},"end":{"line":59,"column":5}},"line":57},"6":{"name":"(anonymous_6)","decl":{"start":{"line":62,"column":26},"end":{"line":62,"column":27}},"loc":{"start":{"line":62,"column":40},"end":{"line":74,"column":1}},"line":62},"7":{"name":"(anonymous_7)","decl":{"start":{"line":63,"column":53},"end":{"line":63,"column":54}},"loc":{"start":{"line":63,"column":79},"end":{"line":73,"column":3}},"line":63},"8":{"name":"(anonymous_8)","decl":{"start":{"line":141,"column":26},"end":{"line":141,"column":27}},"loc":{"start":{"line":141,"column":40},"end":{"line":161,"column":1}},"line":141},"9":{"name":"(anonymous_9)","decl":{"start":{"line":152,"column":4},"end":{"line":152,"column":5}},"loc":{"start":{"line":152,"column":30},"end":{"line":159,"column":5}},"line":152}},"branchMap":{"0":{"loc":{"start":{"line":64,"column":4},"end":{"line":72,"column":5}},"type":"if","locations":[{"start":{"line":64,"column":4},"end":{"line":72,"column":5}},{"start":{"line":68,"column":11},"end":{"line":72,"column":5}}],"line":64},"1":{"loc":{"start":{"line":153,"column":6},"end":{"line":158,"column":7}},"type":"if","locations":[{"start":{"line":153,"column":6},"end":{"line":158,"column":7}},{"start":{"line":155,"column":13},"end":{"line":158,"column":7}}],"line":153}},"s":{"0":2,"1":2,"2":2,"3":2,"4":0,"5":0,"6":0,"7":0,"8":0,"9":0,"10":0,"11":0,"12":0,"13":2,"14":0,"15":0,"16":0,"17":0,"18":0,"19":0,"20":2,"21":0,"22":0,"23":2,"24":0,"25":0,"26":2,"27":0,"28":0,"29":0,"30":0,"31":2,"32":0,"33":0,"34":0,"35":0,"36":0},"f":{"0":0,"1":0,"2":0,"3":0,"4":0,"5":0,"6":0,"7":0,"8":0,"9":0},"b":{"0":[0,0],"1":[0,0]},"_coverageSchema":"1a1c01bbd47fc00a2c39e90264f33305004495a9","hash":"b07fd809be09d72a5777b43ad4a9990c3c94397f"}
,"C:\\Users\\ASUS\\Desktop\\ProjectReact Copy\\node-back\\controllers\\coachcontrollers\\events.js": {"path":"C:\\Users\\ASUS\\Desktop\\ProjectReact Copy\\node-back\\controllers\\coachcontrollers\\events.js","statementMap":{"0":{"start":{"line":2,"column":11},"end":{"line":2,"column":39}},"1":{"start":{"line":3,"column":13},"end":{"line":3,"column":43}},"2":{"start":{"line":4,"column":15},"end":{"line":4,"column":57}},"3":{"start":{"line":7,"column":0},"end":{"line":28,"column":2}},"4":{"start":{"line":8,"column":18},"end":{"line":8,"column":49}},"5":{"start":{"line":9,"column":19},"end":{"line":9,"column":55}},"6":{"start":{"line":10,"column":21},"end":{"line":10,"column":63}},"7":{"start":{"line":11,"column":4},"end":{"line":11,"column":52}},"8":{"start":{"line":12,"column":4},"end":{"line":12,"column":41}},"9":{"start":{"line":13,"column":17},"end":{"line":23,"column":6}},"10":{"start":{"line":24,"column":4},"end":{"line":24,"column":24}},"11":{"start":{"line":25,"column":4},"end":{"line":25,"column":30}},"12":{"start":{"line":26,"column":4},"end":{"line":26,"column":23}},"13":{"start":{"line":27,"column":4},"end":{"line":27,"column":32}},"14":{"start":{"line":32,"column":0},"end":{"line":36,"column":4}},"15":{"start":{"line":33,"column":4},"end":{"line":35,"column":9}},"16":{"start":{"line":34,"column":8},"end":{"line":34,"column":37}},"17":{"start":{"line":39,"column":0},"end":{"line":54,"column":6}},"18":{"start":{"line":40,"column":4},"end":{"line":53,"column":8}},"19":{"start":{"line":43,"column":10},"end":{"line":51,"column":11}},"20":{"start":{"line":44,"column":12},"end":{"line":46,"column":15}},"21":{"start":{"line":48,"column":12},"end":{"line":50,"column":15}},"22":{"start":{"line":58,"column":2},"end":{"line":85,"column":4}},"23":{"start":{"line":59,"column":21},"end":{"line":59,"column":63}},"24":{"start":{"line":61,"column":4},"end":{"line":84,"column":6}},"25":{"start":{"line":75,"column":8},"end":{"line":82,"column":9}},"26":{"start":{"line":77,"column":10},"end":{"line":77,"column":79}},"27":{"start":{"line":79,"column":10},"end":{"line":79,"column":31}},"28":{"start":{"line":80,"column":10},"end":{"line":80,"column":30}},"29":{"start":{"line":81,"column":10},"end":{"line":81,"column":41}},"30":{"start":{"line":88,"column":6},"end":{"line":96,"column":8}},"31":{"start":{"line":89,"column":8},"end":{"line":95,"column":9}},"32":{"start":{"line":90,"column":25},"end":{"line":90,"column":61}},"33":{"start":{"line":91,"column":10},"end":{"line":91,"column":31}},"34":{"start":{"line":94,"column":10},"end":{"line":94,"column":62}},"35":{"start":{"line":99,"column":6},"end":{"line":107,"column":10}},"36":{"start":{"line":102,"column":9},"end":{"line":105,"column":11}},"37":{"start":{"line":104,"column":10},"end":{"line":104,"column":39}},"38":{"start":{"line":112,"column":6},"end":{"line":120,"column":9}},"39":{"start":{"line":115,"column":8},"end":{"line":118,"column":10}},"40":{"start":{"line":117,"column":9},"end":{"line":117,"column":38}},"41":{"start":{"line":122,"column":0},"end":{"line":139,"column":2}},"42":{"start":{"line":123,"column":2},"end":{"line":138,"column":2}},"43":{"start":{"line":131,"column":4},"end":{"line":136,"column":5}},"44":{"start":{"line":132,"column":6},"end":{"line":132,"column":75}},"45":{"start":{"line":134,"column":6},"end":{"line":134,"column":33}},"46":{"start":{"line":135,"column":6},"end":{"line":135,"column":32}}},"fnMap":{"0":{"name":"(anonymous_0)","decl":{"start":{"line":7,"column":23},"end":{"line":7,"column":24}},"loc":{"start":{"line":7,"column":39},"end":{"line":28,"column":1}},"line":7},"1":{"name":"(anonymous_1)","decl":{"start":{"line":32,"column":21},"end":{"line":32,"column":22}},"loc":{"start":{"line":32,"column":41},"end":{"line":36,"column":3}},"line":32},"2":{"name":"(anonymous_2)","decl":{"start":{"line":33,"column":39},"end":{"line":33,"column":40}},"loc":{"start":{"line":33,"column":62},"end":{"line":35,"column":7}},"line":33},"3":{"name":"(anonymous_3)","decl":{"start":{"line":39,"column":23},"end":{"line":39,"column":24}},"loc":{"start":{"line":39,"column":37},"end":{"line":54,"column":5}},"line":39},"4":{"name":"(anonymous_4)","decl":{"start":{"line":42,"column":8},"end":{"line":42,"column":9}},"loc":{"start":{"line":42,"column":31},"end":{"line":52,"column":9}},"line":42},"5":{"name":"(anonymous_5)","decl":{"start":{"line":58,"column":26},"end":{"line":58,"column":27}},"loc":{"start":{"line":58,"column":46},"end":{"line":85,"column":3}},"line":58},"6":{"name":"(anonymous_6)","decl":{"start":{"line":74,"column":6},"end":{"line":74,"column":7}},"loc":{"start":{"line":74,"column":29},"end":{"line":83,"column":7}},"line":74},"7":{"name":"(anonymous_7)","decl":{"start":{"line":88,"column":30},"end":{"line":88,"column":31}},"loc":{"start":{"line":88,"column":50},"end":{"line":96,"column":7}},"line":88},"8":{"name":"(anonymous_8)","decl":{"start":{"line":99,"column":35},"end":{"line":99,"column":36}},"loc":{"start":{"line":99,"column":55},"end":{"line":107,"column":9}},"line":99},"9":{"name":"(anonymous_9)","decl":{"start":{"line":103,"column":73},"end":{"line":103,"column":74}},"loc":{"start":{"line":103,"column":90},"end":{"line":105,"column":10}},"line":103},"10":{"name":"(anonymous_10)","decl":{"start":{"line":112,"column":32},"end":{"line":112,"column":33}},"loc":{"start":{"line":112,"column":52},"end":{"line":120,"column":8}},"line":112},"11":{"name":"(anonymous_11)","decl":{"start":{"line":116,"column":87},"end":{"line":116,"column":88}},"loc":{"start":{"line":116,"column":104},"end":{"line":118,"column":9}},"line":116},"12":{"name":"(anonymous_12)","decl":{"start":{"line":122,"column":30},"end":{"line":122,"column":31}},"loc":{"start":{"line":122,"column":44},"end":{"line":139,"column":1}},"line":122},"13":{"name":"(anonymous_13)","decl":{"start":{"line":130,"column":2},"end":{"line":130,"column":3}},"loc":{"start":{"line":130,"column":31},"end":{"line":137,"column":3}},"line":130}},"branchMap":{"0":{"loc":{"start":{"line":16,"column":15},"end":{"line":16,"column":71}},"type":"cond-expr","locations":[{"start":{"line":16,"column":49},"end":{"line":16,"column":51}},{"start":{"line":16,"column":52},"end":{"line":16,"column":71}}],"line":16},"1":{"loc":{"start":{"line":17,"column":15},"end":{"line":17,"column":71}},"type":"cond-expr","locations":[{"start":{"line":17,"column":49},"end":{"line":17,"column":51}},{"start":{"line":17,"column":52},"end":{"line":17,"column":71}}],"line":17},"2":{"loc":{"start":{"line":43,"column":10},"end":{"line":51,"column":11}},"type":"if","locations":[{"start":{"line":43,"column":10},"end":{"line":51,"column":11}},{"start":{"line":47,"column":17},"end":{"line":51,"column":11}}],"line":43},"3":{"loc":{"start":{"line":75,"column":8},"end":{"line":82,"column":9}},"type":"if","locations":[{"start":{"line":75,"column":8},"end":{"line":82,"column":9}},{"start":{"line":78,"column":15},"end":{"line":82,"column":9}}],"line":75},"4":{"loc":{"start":{"line":131,"column":4},"end":{"line":136,"column":5}},"type":"if","locations":[{"start":{"line":131,"column":4},"end":{"line":136,"column":5}},{"start":{"line":133,"column":11},"end":{"line":136,"column":5}}],"line":131}},"s":{"0":2,"1":2,"2":2,"3":2,"4":1,"5":1,"6":1,"7":1,"8":1,"9":1,"10":0,"11":0,"12":0,"13":0,"14":2,"15":1,"16":1,"17":2,"18":0,"19":0,"20":0,"21":0,"22":2,"23":0,"24":0,"25":0,"26":0,"27":0,"28":0,"29":0,"30":2,"31":0,"32":0,"33":0,"34":0,"35":2,"36":0,"37":0,"38":2,"39":0,"40":0,"41":2,"42":0,"43":0,"44":0,"45":0,"46":0},"f":{"0":1,"1":1,"2":1,"3":0,"4":0,"5":0,"6":0,"7":0,"8":0,"9":0,"10":0,"11":0,"12":0,"13":0},"b":{"0":[0,0],"1":[0,0],"2":[0,0],"3":[0,0],"4":[0,0]},"_coverageSchema":"1a1c01bbd47fc00a2c39e90264f33305004495a9","hash":"3c27f5136768b0da52a063ebf1dffa99d622fbd3"}
,"C:\\Users\\ASUS\\Desktop\\ProjectReact Copy\\node-back\\controllers\\coachcontrollers\\login.js": {"path":"C:\\Users\\ASUS\\Desktop\\ProjectReact Copy\\node-back\\controllers\\coachcontrollers\\login.js","statementMap":{"0":{"start":{"line":2,"column":12},"end":{"line":2,"column":35}},"1":{"start":{"line":3,"column":11},"end":{"line":3,"column":39}},"2":{"start":{"line":4,"column":13},"end":{"line":4,"column":30}},"3":{"start":{"line":6,"column":0},"end":{"line":45,"column":2}},"4":{"start":{"line":7,"column":2},"end":{"line":44,"column":5}},"5":{"start":{"line":8,"column":4},"end":{"line":43,"column":5}},"6":{"start":{"line":9,"column":6},"end":{"line":9,"column":23}},"7":{"start":{"line":10,"column":6},"end":{"line":10,"column":59}},"8":{"start":{"line":12,"column":6},"end":{"line":42,"column":7}},"9":{"start":{"line":13,"column":8},"end":{"line":15,"column":70}},"10":{"start":{"line":17,"column":8},"end":{"line":41,"column":13}},"11":{"start":{"line":21,"column":12},"end":{"line":36,"column":13}},"12":{"start":{"line":22,"column":14},"end":{"line":22,"column":45}},"13":{"start":{"line":23,"column":28},"end":{"line":27,"column":15}},"14":{"start":{"line":28,"column":26},"end":{"line":28,"column":56}},"15":{"start":{"line":29,"column":14},"end":{"line":32,"column":17}},"16":{"start":{"line":34,"column":14},"end":{"line":34,"column":46}},"17":{"start":{"line":35,"column":14},"end":{"line":35,"column":77}},"18":{"start":{"line":39,"column":12},"end":{"line":39,"column":29}},"19":{"start":{"line":40,"column":12},"end":{"line":40,"column":70}},"20":{"start":{"line":47,"column":0},"end":{"line":55,"column":2}},"21":{"start":{"line":48,"column":2},"end":{"line":54,"column":3}},"22":{"start":{"line":49,"column":17},"end":{"line":49,"column":48}},"23":{"start":{"line":50,"column":4},"end":{"line":50,"column":29}},"24":{"start":{"line":53,"column":4},"end":{"line":53,"column":40}}},"fnMap":{"0":{"name":"(anonymous_0)","decl":{"start":{"line":6,"column":21},"end":{"line":6,"column":22}},"loc":{"start":{"line":6,"column":35},"end":{"line":45,"column":1}},"line":6},"1":{"name":"(anonymous_1)","decl":{"start":{"line":7,"column":42},"end":{"line":7,"column":43}},"loc":{"start":{"line":7,"column":57},"end":{"line":44,"column":3}},"line":7},"2":{"name":"(anonymous_2)","decl":{"start":{"line":20,"column":16},"end":{"line":20,"column":17}},"loc":{"start":{"line":20,"column":27},"end":{"line":37,"column":11}},"line":20},"3":{"name":"(anonymous_3)","decl":{"start":{"line":38,"column":17},"end":{"line":38,"column":18}},"loc":{"start":{"line":38,"column":26},"end":{"line":41,"column":11}},"line":38},"4":{"name":"(anonymous_4)","decl":{"start":{"line":47,"column":22},"end":{"line":47,"column":23}},"loc":{"start":{"line":47,"column":42},"end":{"line":55,"column":1}},"line":47}},"branchMap":{"0":{"loc":{"start":{"line":8,"column":4},"end":{"line":43,"column":5}},"type":"if","locations":[{"start":{"line":8,"column":4},"end":{"line":43,"column":5}},{"start":{"line":11,"column":11},"end":{"line":43,"column":5}}],"line":8},"1":{"loc":{"start":{"line":12,"column":6},"end":{"line":42,"column":7}},"type":"if","locations":[{"start":{"line":12,"column":6},"end":{"line":42,"column":7}},{"start":{"line":16,"column":13},"end":{"line":42,"column":7}}],"line":12},"2":{"loc":{"start":{"line":21,"column":12},"end":{"line":36,"column":13}},"type":"if","locations":[{"start":{"line":21,"column":12},"end":{"line":36,"column":13}},{"start":{"line":33,"column":19},"end":{"line":36,"column":13}}],"line":21}},"s":{"0":2,"1":2,"2":2,"3":2,"4":4,"5":4,"6":0,"7":0,"8":4,"9":1,"10":3,"11":3,"12":2,"13":2,"14":2,"15":2,"16":1,"17":1,"18":0,"19":0,"20":2,"21":0,"22":0,"23":0,"24":0},"f":{"0":4,"1":4,"2":3,"3":0,"4":0},"b":{"0":[0,4],"1":[1,3],"2":[2,1]},"_coverageSchema":"1a1c01bbd47fc00a2c39e90264f33305004495a9","hash":"7def881e13935fef21c89798ba44b951462cc338"}
,"C:\\Users\\ASUS\\Desktop\\ProjectReact Copy\\node-back\\controllers\\coachcontrollers\\playerProfile.js": {"path":"C:\\Users\\ASUS\\Desktop\\ProjectReact Copy\\node-back\\controllers\\coachcontrollers\\playerProfile.js","statementMap":{"0":{"start":{"line":1,"column":11},"end":{"line":1,"column":39}},"1":{"start":{"line":4,"column":0},"end":{"line":31,"column":8}},"2":{"start":{"line":5,"column":2},"end":{"line":30,"column":10}},"3":{"start":{"line":22,"column":9},"end":{"line":24,"column":12}},"4":{"start":{"line":27,"column":9},"end":{"line":29,"column":12}}},"fnMap":{"0":{"name":"(anonymous_0)","decl":{"start":{"line":4,"column":23},"end":{"line":4,"column":24}},"loc":{"start":{"line":4,"column":39},"end":{"line":31,"column":7}},"line":4},"1":{"name":"(anonymous_1)","decl":{"start":{"line":21,"column":13},"end":{"line":21,"column":14}},"loc":{"start":{"line":21,"column":19},"end":{"line":25,"column":8}},"line":21},"2":{"name":"(anonymous_2)","decl":{"start":{"line":26,"column":14},"end":{"line":26,"column":15}},"loc":{"start":{"line":26,"column":25},"end":{"line":30,"column":8}},"line":26}},"branchMap":{},"s":{"0":2,"1":2,"2":0,"3":0,"4":0},"f":{"0":0,"1":0,"2":0},"b":{},"_coverageSchema":"1a1c01bbd47fc00a2c39e90264f33305004495a9","hash":"72d6e246d2f1ab6d88e3e9b7bd96f8edbc358be9"}
,"C:\\Users\\ASUS\\Desktop\\ProjectReact Copy\\node-back\\controllers\\coachcontrollers\\players.js": {"path":"C:\\Users\\ASUS\\Desktop\\ProjectReact Copy\\node-back\\controllers\\coachcontrollers\\players.js","statementMap":{"0":{"start":{"line":1,"column":11},"end":{"line":1,"column":39}},"1":{"start":{"line":3,"column":0},"end":{"line":15,"column":2}},"2":{"start":{"line":4,"column":17},"end":{"line":4,"column":76}},"3":{"start":{"line":5,"column":2},"end":{"line":14,"column":3}},"4":{"start":{"line":6,"column":4},"end":{"line":8,"column":7}},"5":{"start":{"line":10,"column":4},"end":{"line":13,"column":7}},"6":{"start":{"line":17,"column":0},"end":{"line":21,"column":2}},"7":{"start":{"line":18,"column":2},"end":{"line":20,"column":5}},"8":{"start":{"line":19,"column":4},"end":{"line":19,"column":35}}},"fnMap":{"0":{"name":"(anonymous_0)","decl":{"start":{"line":3,"column":18},"end":{"line":3,"column":19}},"loc":{"start":{"line":3,"column":38},"end":{"line":15,"column":1}},"line":3},"1":{"name":"(anonymous_1)","decl":{"start":{"line":17,"column":22},"end":{"line":17,"column":23}},"loc":{"start":{"line":17,"column":42},"end":{"line":21,"column":1}},"line":17},"2":{"name":"(anonymous_2)","decl":{"start":{"line":18,"column":32},"end":{"line":18,"column":33}},"loc":{"start":{"line":18,"column":56},"end":{"line":20,"column":3}},"line":18}},"branchMap":{"0":{"loc":{"start":{"line":5,"column":2},"end":{"line":14,"column":3}},"type":"if","locations":[{"start":{"line":5,"column":2},"end":{"line":14,"column":3}},{"start":{"line":9,"column":9},"end":{"line":14,"column":3}}],"line":5}},"s":{"0":2,"1":2,"2":0,"3":0,"4":0,"5":0,"6":2,"7":0,"8":0},"f":{"0":0,"1":0,"2":0},"b":{"0":[0,0]},"_coverageSchema":"1a1c01bbd47fc00a2c39e90264f33305004495a9","hash":"e09d36a7178ef90fb745715ed6a65ef46eb68d14"}
,"C:\\Users\\ASUS\\Desktop\\ProjectReact Copy\\node-back\\controllers\\coachcontrollers\\program.js": {"path":"C:\\Users\\ASUS\\Desktop\\ProjectReact Copy\\node-back\\controllers\\coachcontrollers\\program.js","statementMap":{"0":{"start":{"line":5,"column":14},"end":{"line":5,"column":45}},"1":{"start":{"line":15,"column":2},"end":{"line":23,"column":5}},"2":{"start":{"line":18,"column":4},"end":{"line":21,"column":6}},"3":{"start":{"line":20,"column":5},"end":{"line":20,"column":36}}},"fnMap":{"0":{"name":"(anonymous_0)","decl":{"start":{"line":15,"column":23},"end":{"line":15,"column":24}},"loc":{"start":{"line":15,"column":43},"end":{"line":23,"column":4}},"line":15},"1":{"name":"(anonymous_1)","decl":{"start":{"line":19,"column":10},"end":{"line":19,"column":11}},"loc":{"start":{"line":19,"column":28},"end":{"line":21,"column":5}},"line":19}},"branchMap":{},"s":{"0":2,"1":2,"2":0,"3":0},"f":{"0":0,"1":0},"b":{},"_coverageSchema":"1a1c01bbd47fc00a2c39e90264f33305004495a9","hash":"cd1a42a73c863da6a4458120516ab695e740de96"}
,"C:\\Users\\ASUS\\Desktop\\ProjectReact Copy\\node-back\\controllers\\coachcontrollers\\register.js": {"path":"C:\\Users\\ASUS\\Desktop\\ProjectReact Copy\\node-back\\controllers\\coachcontrollers\\register.js","statementMap":{"0":{"start":{"line":1,"column":12},"end":{"line":1,"column":35}},"1":{"start":{"line":2,"column":11},"end":{"line":2,"column":39}},"2":{"start":{"line":3,"column":13},"end":{"line":3,"column":30}},"3":{"start":{"line":5,"column":0},"end":{"line":41,"column":2}},"4":{"start":{"line":6,"column":2},"end":{"line":40,"column":5}},"5":{"start":{"line":7,"column":18},"end":{"line":13,"column":6}},"6":{"start":{"line":15,"column":4},"end":{"line":39,"column":7}},"7":{"start":{"line":16,"column":6},"end":{"line":19,"column":7}},"8":{"start":{"line":17,"column":8},"end":{"line":17,"column":45}},"9":{"start":{"line":18,"column":8},"end":{"line":18,"column":53}},"10":{"start":{"line":20,"column":6},"end":{"line":38,"column":7}},"11":{"start":{"line":21,"column":8},"end":{"line":21,"column":52}},"12":{"start":{"line":22,"column":8},"end":{"line":22,"column":70}},"13":{"start":{"line":24,"column":8},"end":{"line":37,"column":11}},"14":{"start":{"line":25,"column":10},"end":{"line":36,"column":11}},"15":{"start":{"line":26,"column":12},"end":{"line":26,"column":31}},"16":{"start":{"line":27,"column":12},"end":{"line":27,"column":57}},"17":{"start":{"line":29,"column":26},"end":{"line":32,"column":13}},"18":{"start":{"line":33,"column":24},"end":{"line":33,"column":54}},"19":{"start":{"line":34,"column":12},"end":{"line":34,"column":31}},"20":{"start":{"line":35,"column":12},"end":{"line":35,"column":51}}},"fnMap":{"0":{"name":"(anonymous_0)","decl":{"start":{"line":5,"column":24},"end":{"line":5,"column":25}},"loc":{"start":{"line":5,"column":44},"end":{"line":41,"column":1}},"line":5},"1":{"name":"(anonymous_1)","decl":{"start":{"line":6,"column":42},"end":{"line":6,"column":43}},"loc":{"start":{"line":6,"column":52},"end":{"line":40,"column":3}},"line":6},"2":{"name":"(anonymous_2)","decl":{"start":{"line":15,"column":41},"end":{"line":15,"column":42}},"loc":{"start":{"line":15,"column":57},"end":{"line":39,"column":5}},"line":15},"3":{"name":"(anonymous_3)","decl":{"start":{"line":24,"column":19},"end":{"line":24,"column":20}},"loc":{"start":{"line":24,"column":46},"end":{"line":37,"column":9}},"line":24}},"branchMap":{"0":{"loc":{"start":{"line":16,"column":6},"end":{"line":19,"column":7}},"type":"if","locations":[{"start":{"line":16,"column":6},"end":{"line":19,"column":7}},{"start":{},"end":{}}],"line":16},"1":{"loc":{"start":{"line":20,"column":6},"end":{"line":38,"column":7}},"type":"if","locations":[{"start":{"line":20,"column":6},"end":{"line":38,"column":7}},{"start":{"line":23,"column":13},"end":{"line":38,"column":7}}],"line":20},"2":{"loc":{"start":{"line":25,"column":10},"end":{"line":36,"column":11}},"type":"if","locations":[{"start":{"line":25,"column":10},"end":{"line":36,"column":11}},{"start":{"line":28,"column":17},"end":{"line":36,"column":11}}],"line":25}},"s":{"0":2,"1":2,"2":2,"3":2,"4":2,"5":2,"6":2,"7":2,"8":0,"9":0,"10":2,"11":0,"12":0,"13":2,"14":2,"15":0,"16":0,"17":2,"18":2,"19":2,"20":2},"f":{"0":2,"1":2,"2":2,"3":2},"b":{"0":[0,2],"1":[0,2],"2":[0,2]},"_coverageSchema":"1a1c01bbd47fc00a2c39e90264f33305004495a9","hash":"6ee875296a5e6afd03ce3145ba6f84c0e1e4225e"}
,"C:\\Users\\ASUS\\Desktop\\ProjectReact Copy\\node-back\\controllers\\coachcontrollers\\session.js": {"path":"C:\\Users\\ASUS\\Desktop\\ProjectReact Copy\\node-back\\controllers\\coachcontrollers\\session.js","statementMap":{"0":{"start":{"line":1,"column":30},"end":{"line":1,"column":49}},"1":{"start":{"line":2,"column":15},"end":{"line":2,"column":45}},"2":{"start":{"line":3,"column":14},"end":{"line":3,"column":45}},"3":{"start":{"line":4,"column":11},"end":{"line":4,"column":39}},"4":{"start":{"line":5,"column":15},"end":{"line":5,"column":57}},"5":{"start":{"line":6,"column":14},"end":{"line":6,"column":46}},"6":{"start":{"line":13,"column":0},"end":{"line":35,"column":2}},"7":{"start":{"line":14,"column":16},"end":{"line":14,"column":47}},"8":{"start":{"line":16,"column":17},"end":{"line":16,"column":61}},"9":{"start":{"line":17,"column":19},"end":{"line":17,"column":61}},"10":{"start":{"line":18,"column":19},"end":{"line":18,"column":59}},"11":{"start":{"line":19,"column":2},"end":{"line":19,"column":50}},"12":{"start":{"line":20,"column":2},"end":{"line":20,"column":39}},"13":{"start":{"line":21,"column":16},"end":{"line":30,"column":4}},"14":{"start":{"line":31,"column":2},"end":{"line":31,"column":23}},"15":{"start":{"line":32,"column":2},"end":{"line":32,"column":31}},"16":{"start":{"line":33,"column":2},"end":{"line":33,"column":21}},"17":{"start":{"line":34,"column":2},"end":{"line":34,"column":31}},"18":{"start":{"line":51,"column":0},"end":{"line":58,"column":2}},"19":{"start":{"line":52,"column":2},"end":{"line":52,"column":42}},"20":{"start":{"line":53,"column":2},"end":{"line":57,"column":7}},"21":{"start":{"line":56,"column":6},"end":{"line":56,"column":37}},"22":{"start":{"line":64,"column":0},"end":{"line":79,"column":4}},"23":{"start":{"line":65,"column":2},"end":{"line":78,"column":6}},"24":{"start":{"line":68,"column":8},"end":{"line":76,"column":9}},"25":{"start":{"line":69,"column":10},"end":{"line":71,"column":13}},"26":{"start":{"line":73,"column":10},"end":{"line":75,"column":13}},"27":{"start":{"line":82,"column":1},"end":{"line":111,"column":2}},"28":{"start":{"line":83,"column":19},"end":{"line":83,"column":61}},"29":{"start":{"line":86,"column":2},"end":{"line":110,"column":4}},"30":{"start":{"line":100,"column":6},"end":{"line":108,"column":7}},"31":{"start":{"line":102,"column":8},"end":{"line":102,"column":77}},"32":{"start":{"line":104,"column":8},"end":{"line":104,"column":30}},"33":{"start":{"line":105,"column":8},"end":{"line":105,"column":29}},"34":{"start":{"line":106,"column":8},"end":{"line":106,"column":39}},"35":{"start":{"line":113,"column":0},"end":{"line":121,"column":2}},"36":{"start":{"line":114,"column":2},"end":{"line":120,"column":3}},"37":{"start":{"line":115,"column":20},"end":{"line":115,"column":57}},"38":{"start":{"line":116,"column":4},"end":{"line":116,"column":26}},"39":{"start":{"line":119,"column":4},"end":{"line":119,"column":56}},"40":{"start":{"line":125,"column":0},"end":{"line":133,"column":3}},"41":{"start":{"line":128,"column":2},"end":{"line":131,"column":4}},"42":{"start":{"line":130,"column":3},"end":{"line":130,"column":34}},"43":{"start":{"line":151,"column":0},"end":{"line":155,"column":2}},"44":{"start":{"line":152,"column":2},"end":{"line":154,"column":5}},"45":{"start":{"line":153,"column":4},"end":{"line":153,"column":35}},"46":{"start":{"line":158,"column":0},"end":{"line":162,"column":2}},"47":{"start":{"line":159,"column":2},"end":{"line":161,"column":5}},"48":{"start":{"line":160,"column":4},"end":{"line":160,"column":32}},"49":{"start":{"line":164,"column":0},"end":{"line":168,"column":2}},"50":{"start":{"line":165,"column":2},"end":{"line":167,"column":5}},"51":{"start":{"line":166,"column":4},"end":{"line":166,"column":32}},"52":{"start":{"line":170,"column":0},"end":{"line":188,"column":2}},"53":{"start":{"line":171,"column":2},"end":{"line":187,"column":4}},"54":{"start":{"line":180,"column":6},"end":{"line":185,"column":7}},"55":{"start":{"line":181,"column":8},"end":{"line":181,"column":77}},"56":{"start":{"line":183,"column":8},"end":{"line":183,"column":30}},"57":{"start":{"line":184,"column":8},"end":{"line":184,"column":29}},"58":{"start":{"line":191,"column":0},"end":{"line":213,"column":2}},"59":{"start":{"line":192,"column":17},"end":{"line":194,"column":4}},"60":{"start":{"line":195,"column":2},"end":{"line":212,"column":4}},"61":{"start":{"line":205,"column":6},"end":{"line":210,"column":7}},"62":{"start":{"line":206,"column":8},"end":{"line":206,"column":77}},"63":{"start":{"line":208,"column":8},"end":{"line":208,"column":30}},"64":{"start":{"line":209,"column":8},"end":{"line":209,"column":29}}},"fnMap":{"0":{"name":"(anonymous_0)","decl":{"start":{"line":13,"column":24},"end":{"line":13,"column":25}},"loc":{"start":{"line":13,"column":40},"end":{"line":35,"column":1}},"line":13},"1":{"name":"(anonymous_1)","decl":{"start":{"line":51,"column":22},"end":{"line":51,"column":23}},"loc":{"start":{"line":51,"column":42},"end":{"line":58,"column":1}},"line":51},"2":{"name":"(anonymous_2)","decl":{"start":{"line":55,"column":10},"end":{"line":55,"column":11}},"loc":{"start":{"line":55,"column":28},"end":{"line":57,"column":5}},"line":55},"3":{"name":"(anonymous_3)","decl":{"start":{"line":64,"column":24},"end":{"line":64,"column":25}},"loc":{"start":{"line":64,"column":38},"end":{"line":79,"column":3}},"line":64},"4":{"name":"(anonymous_4)","decl":{"start":{"line":67,"column":6},"end":{"line":67,"column":7}},"loc":{"start":{"line":67,"column":30},"end":{"line":77,"column":7}},"line":67},"5":{"name":"(anonymous_5)","decl":{"start":{"line":82,"column":26},"end":{"line":82,"column":27}},"loc":{"start":{"line":82,"column":46},"end":{"line":111,"column":1}},"line":82},"6":{"name":"(anonymous_6)","decl":{"start":{"line":99,"column":4},"end":{"line":99,"column":5}},"loc":{"start":{"line":99,"column":28},"end":{"line":109,"column":5}},"line":99},"7":{"name":"(anonymous_7)","decl":{"start":{"line":113,"column":25},"end":{"line":113,"column":26}},"loc":{"start":{"line":113,"column":45},"end":{"line":121,"column":1}},"line":113},"8":{"name":"(anonymous_8)","decl":{"start":{"line":125,"column":30},"end":{"line":125,"column":31}},"loc":{"start":{"line":125,"column":50},"end":{"line":133,"column":2}},"line":125},"9":{"name":"(anonymous_9)","decl":{"start":{"line":129,"column":48},"end":{"line":129,"column":49}},"loc":{"start":{"line":129,"column":66},"end":{"line":131,"column":3}},"line":129},"10":{"name":"(anonymous_10)","decl":{"start":{"line":151,"column":25},"end":{"line":151,"column":26}},"loc":{"start":{"line":151,"column":45},"end":{"line":155,"column":1}},"line":151},"11":{"name":"(anonymous_11)","decl":{"start":{"line":152,"column":43},"end":{"line":152,"column":44}},"loc":{"start":{"line":152,"column":61},"end":{"line":154,"column":4}},"line":152},"12":{"name":"(anonymous_12)","decl":{"start":{"line":158,"column":25},"end":{"line":158,"column":26}},"loc":{"start":{"line":158,"column":45},"end":{"line":162,"column":1}},"line":158},"13":{"name":"(anonymous_13)","decl":{"start":{"line":159,"column":18},"end":{"line":159,"column":19}},"loc":{"start":{"line":159,"column":39},"end":{"line":161,"column":3}},"line":159},"14":{"name":"(anonymous_14)","decl":{"start":{"line":164,"column":33},"end":{"line":164,"column":34}},"loc":{"start":{"line":164,"column":53},"end":{"line":168,"column":1}},"line":164},"15":{"name":"(anonymous_15)","decl":{"start":{"line":165,"column":57},"end":{"line":165,"column":58}},"loc":{"start":{"line":165,"column":78},"end":{"line":167,"column":3}},"line":165},"16":{"name":"(anonymous_16)","decl":{"start":{"line":170,"column":19},"end":{"line":170,"column":20}},"loc":{"start":{"line":170,"column":33},"end":{"line":188,"column":1}},"line":170},"17":{"name":"(anonymous_17)","decl":{"start":{"line":179,"column":4},"end":{"line":179,"column":5}},"loc":{"start":{"line":179,"column":28},"end":{"line":186,"column":5}},"line":179},"18":{"name":"(anonymous_18)","decl":{"start":{"line":191,"column":24},"end":{"line":191,"column":25}},"loc":{"start":{"line":191,"column":44},"end":{"line":213,"column":1}},"line":191},"19":{"name":"(anonymous_19)","decl":{"start":{"line":204,"column":4},"end":{"line":204,"column":5}},"loc":{"start":{"line":204,"column":28},"end":{"line":211,"column":5}},"line":204}},"branchMap":{"0":{"loc":{"start":{"line":22,"column":11},"end":{"line":22,"column":54}},"type":"cond-expr","locations":[{"start":{"line":22,"column":33},"end":{"line":22,"column":42}},{"start":{"line":22,"column":44},"end":{"line":22,"column":54}}],"line":22},"1":{"loc":{"start":{"line":68,"column":8},"end":{"line":76,"column":9}},"type":"if","locations":[{"start":{"line":68,"column":8},"end":{"line":76,"column":9}},{"start":{"line":72,"column":15},"end":{"line":76,"column":9}}],"line":68},"2":{"loc":{"start":{"line":100,"column":6},"end":{"line":108,"column":7}},"type":"if","locations":[{"start":{"line":100,"column":6},"end":{"line":108,"column":7}},{"start":{"line":103,"column":13},"end":{"line":108,"column":7}}],"line":100},"3":{"loc":{"start":{"line":180,"column":6},"end":{"line":185,"column":7}},"type":"if","locations":[{"start":{"line":180,"column":6},"end":{"line":185,"column":7}},{"start":{"line":182,"column":13},"end":{"line":185,"column":7}}],"line":180},"4":{"loc":{"start":{"line":205,"column":6},"end":{"line":210,"column":7}},"type":"if","locations":[{"start":{"line":205,"column":6},"end":{"line":210,"column":7}},{"start":{"line":207,"column":13},"end":{"line":210,"column":7}}],"line":205}},"s":{"0":2,"1":2,"2":2,"3":2,"4":2,"5":2,"6":2,"7":0,"8":0,"9":0,"10":0,"11":0,"12":0,"13":0,"14":0,"15":0,"16":0,"17":0,"18":2,"19":0,"20":0,"21":0,"22":2,"23":0,"24":0,"25":0,"26":0,"27":2,"28":0,"29":0,"30":0,"31":0,"32":0,"33":0,"34":0,"35":2,"36":0,"37":0,"38":0,"39":0,"40":2,"41":0,"42":0,"43":2,"44":0,"45":0,"46":2,"47":0,"48":0,"49":2,"50":0,"51":0,"52":2,"53":0,"54":0,"55":0,"56":0,"57":0,"58":2,"59":0,"60":0,"61":0,"62":0,"63":0,"64":0},"f":{"0":0,"1":0,"2":0,"3":0,"4":0,"5":0,"6":0,"7":0,"8":0,"9":0,"10":0,"11":0,"12":0,"13":0,"14":0,"15":0,"16":0,"17":0,"18":0,"19":0},"b":{"0":[0,0],"1":[0,0],"2":[0,0],"3":[0,0],"4":[0,0]},"_coverageSchema":"1a1c01bbd47fc00a2c39e90264f33305004495a9","hash":"6fc871539a59ca596e80c414450ef9d4a6cf41b4"}
,"C:\\Users\\ASUS\\Desktop\\ProjectReact Copy\\node-back\\controllers\\coachcontrollers\\skills.js": {"path":"C:\\Users\\ASUS\\Desktop\\ProjectReact Copy\\node-back\\controllers\\coachcontrollers\\skills.js","statementMap":{"0":{"start":{"line":1,"column":13},"end":{"line":1,"column":43}},"1":{"start":{"line":2,"column":11},"end":{"line":2,"column":39}},"2":{"start":{"line":3,"column":17},"end":{"line":3,"column":51}},"3":{"start":{"line":6,"column":0},"end":{"line":22,"column":2}},"4":{"start":{"line":7,"column":16},"end":{"line":7,"column":47}},"5":{"start":{"line":8,"column":21},"end":{"line":8,"column":74}},"6":{"start":{"line":9,"column":15},"end":{"line":17,"column":4}},"7":{"start":{"line":18,"column":2},"end":{"line":18,"column":22}},"8":{"start":{"line":19,"column":2},"end":{"line":19,"column":28}},"9":{"start":{"line":20,"column":2},"end":{"line":20,"column":21}},"10":{"start":{"line":21,"column":2},"end":{"line":21,"column":30}},"11":{"start":{"line":26,"column":0},"end":{"line":31,"column":2}},"12":{"start":{"line":27,"column":16},"end":{"line":27,"column":55}},"13":{"start":{"line":28,"column":2},"end":{"line":30,"column":5}},"14":{"start":{"line":29,"column":4},"end":{"line":29,"column":20}},"15":{"start":{"line":35,"column":0},"end":{"line":47,"column":2}},"16":{"start":{"line":36,"column":2},"end":{"line":46,"column":7}},"17":{"start":{"line":38,"column":6},"end":{"line":40,"column":9}},"18":{"start":{"line":43,"column":6},"end":{"line":45,"column":9}},"19":{"start":{"line":50,"column":0},"end":{"line":71,"column":2}},"20":{"start":{"line":52,"column":17},"end":{"line":52,"column":59}},"21":{"start":{"line":53,"column":21},"end":{"line":53,"column":74}},"22":{"start":{"line":56,"column":14},"end":{"line":64,"column":4}},"23":{"start":{"line":65,"column":2},"end":{"line":65,"column":21}},"24":{"start":{"line":66,"column":2},"end":{"line":66,"column":21}},"25":{"start":{"line":67,"column":2},"end":{"line":67,"column":28}},"26":{"start":{"line":68,"column":2},"end":{"line":68,"column":22}},"27":{"start":{"line":70,"column":2},"end":{"line":70,"column":29}},"28":{"start":{"line":75,"column":0},"end":{"line":101,"column":2}},"29":{"start":{"line":76,"column":21},"end":{"line":76,"column":74}},"30":{"start":{"line":78,"column":2},"end":{"line":100,"column":7}},"31":{"start":{"line":92,"column":6},"end":{"line":94,"column":9}},"32":{"start":{"line":97,"column":6},"end":{"line":99,"column":9}},"33":{"start":{"line":106,"column":0},"end":{"line":135,"column":2}},"34":{"start":{"line":107,"column":21},"end":{"line":107,"column":74}},"35":{"start":{"line":108,"column":17},"end":{"line":108,"column":59}},"36":{"start":{"line":111,"column":2},"end":{"line":134,"column":7}},"37":{"start":{"line":126,"column":6},"end":{"line":128,"column":9}},"38":{"start":{"line":131,"column":6},"end":{"line":133,"column":9}}},"fnMap":{"0":{"name":"(anonymous_0)","decl":{"start":{"line":6,"column":23},"end":{"line":6,"column":24}},"loc":{"start":{"line":6,"column":43},"end":{"line":22,"column":1}},"line":6},"1":{"name":"(anonymous_1)","decl":{"start":{"line":26,"column":17},"end":{"line":26,"column":18}},"loc":{"start":{"line":26,"column":37},"end":{"line":31,"column":1}},"line":26},"2":{"name":"(anonymous_2)","decl":{"start":{"line":28,"column":36},"end":{"line":28,"column":37}},"loc":{"start":{"line":28,"column":58},"end":{"line":30,"column":3}},"line":28},"3":{"name":"(anonymous_3)","decl":{"start":{"line":35,"column":23},"end":{"line":35,"column":24}},"loc":{"start":{"line":35,"column":37},"end":{"line":47,"column":1}},"line":35},"4":{"name":"(anonymous_4)","decl":{"start":{"line":37,"column":10},"end":{"line":37,"column":11}},"loc":{"start":{"line":37,"column":16},"end":{"line":41,"column":5}},"line":37},"5":{"name":"(anonymous_5)","decl":{"start":{"line":42,"column":11},"end":{"line":42,"column":12}},"loc":{"start":{"line":42,"column":22},"end":{"line":46,"column":5}},"line":42},"6":{"name":"(anonymous_6)","decl":{"start":{"line":50,"column":23},"end":{"line":50,"column":24}},"loc":{"start":{"line":50,"column":49},"end":{"line":71,"column":1}},"line":50},"7":{"name":"(anonymous_7)","decl":{"start":{"line":75,"column":24},"end":{"line":75,"column":25}},"loc":{"start":{"line":75,"column":44},"end":{"line":101,"column":1}},"line":75},"8":{"name":"(anonymous_8)","decl":{"start":{"line":91,"column":10},"end":{"line":91,"column":11}},"loc":{"start":{"line":91,"column":16},"end":{"line":95,"column":5}},"line":91},"9":{"name":"(anonymous_9)","decl":{"start":{"line":96,"column":11},"end":{"line":96,"column":12}},"loc":{"start":{"line":96,"column":22},"end":{"line":100,"column":5}},"line":96},"10":{"name":"(anonymous_10)","decl":{"start":{"line":106,"column":25},"end":{"line":106,"column":26}},"loc":{"start":{"line":106,"column":45},"end":{"line":135,"column":1}},"line":106},"11":{"name":"(anonymous_11)","decl":{"start":{"line":125,"column":10},"end":{"line":125,"column":11}},"loc":{"start":{"line":125,"column":16},"end":{"line":129,"column":5}},"line":125},"12":{"name":"(anonymous_12)","decl":{"start":{"line":130,"column":11},"end":{"line":130,"column":12}},"loc":{"start":{"line":130,"column":22},"end":{"line":134,"column":5}},"line":130}},"branchMap":{},"s":{"0":2,"1":2,"2":2,"3":2,"4":0,"5":0,"6":0,"7":0,"8":0,"9":0,"10":0,"11":2,"12":0,"13":0,"14":0,"15":2,"16":0,"17":0,"18":0,"19":2,"20":0,"21":0,"22":0,"23":0,"24":0,"25":0,"26":0,"27":0,"28":2,"29":0,"30":0,"31":0,"32":0,"33":2,"34":0,"35":0,"36":0,"37":0,"38":0},"f":{"0":0,"1":0,"2":0,"3":0,"4":0,"5":0,"6":0,"7":0,"8":0,"9":0,"10":0,"11":0,"12":0},"b":{},"_coverageSchema":"1a1c01bbd47fc00a2c39e90264f33305004495a9","hash":"72f0d9a19b6263a6bc57bf389f8942e008aaae1f"}
,"C:\\Users\\ASUS\\Desktop\\ProjectReact Copy\\node-back\\controllers\\coachcontrollers\\speciality.js": {"path":"C:\\Users\\ASUS\\Desktop\\ProjectReact Copy\\node-back\\controllers\\coachcontrollers\\speciality.js","statementMap":{"0":{"start":{"line":1,"column":17},"end":{"line":1,"column":51}},"1":{"start":{"line":4,"column":0},"end":{"line":13,"column":4}},"2":{"start":{"line":5,"column":21},"end":{"line":9,"column":6}},"3":{"start":{"line":10,"column":4},"end":{"line":10,"column":28}},"4":{"start":{"line":12,"column":4},"end":{"line":12,"column":36}}},"fnMap":{"0":{"name":"(anonymous_0)","decl":{"start":{"line":4,"column":27},"end":{"line":4,"column":28}},"loc":{"start":{"line":4,"column":47},"end":{"line":13,"column":3}},"line":4}},"branchMap":{},"s":{"0":2,"1":2,"2":0,"3":0,"4":0},"f":{"0":0},"b":{},"_coverageSchema":"1a1c01bbd47fc00a2c39e90264f33305004495a9","hash":"ab6ffa530af3773b67575fe5dd076a26049f7537"}
,"C:\\Users\\ASUS\\Desktop\\ProjectReact Copy\\node-back\\controllers\\coachcontrollers\\statistic.js": {"path":"C:\\Users\\ASUS\\Desktop\\ProjectReact Copy\\node-back\\controllers\\coachcontrollers\\statistic.js","statementMap":{"0":{"start":{"line":1,"column":17},"end":{"line":1,"column":55}},"1":{"start":{"line":2,"column":11},"end":{"line":2,"column":39}},"2":{"start":{"line":3,"column":17},"end":{"line":3,"column":51}},"3":{"start":{"line":7,"column":0},"end":{"line":26,"column":2}},"4":{"start":{"line":8,"column":16},"end":{"line":8,"column":47}},"5":{"start":{"line":9,"column":21},"end":{"line":9,"column":74}},"6":{"start":{"line":10,"column":18},"end":{"line":20,"column":4}},"7":{"start":{"line":21,"column":2},"end":{"line":21,"column":25}},"8":{"start":{"line":22,"column":2},"end":{"line":23,"column":21}},"9":{"start":{"line":25,"column":2},"end":{"line":25,"column":33}},"10":{"start":{"line":29,"column":0},"end":{"line":57,"column":2}},"11":{"start":{"line":30,"column":21},"end":{"line":30,"column":74}},"12":{"start":{"line":32,"column":2},"end":{"line":56,"column":7}},"13":{"start":{"line":48,"column":6},"end":{"line":50,"column":9}},"14":{"start":{"line":53,"column":6},"end":{"line":55,"column":9}},"15":{"start":{"line":61,"column":0},"end":{"line":73,"column":2}},"16":{"start":{"line":62,"column":2},"end":{"line":72,"column":7}},"17":{"start":{"line":64,"column":6},"end":{"line":66,"column":9}},"18":{"start":{"line":69,"column":6},"end":{"line":71,"column":9}},"19":{"start":{"line":78,"column":0},"end":{"line":97,"column":2}},"20":{"start":{"line":79,"column":16},"end":{"line":79,"column":47}},"21":{"start":{"line":80,"column":21},"end":{"line":80,"column":74}},"22":{"start":{"line":81,"column":18},"end":{"line":91,"column":4}},"23":{"start":{"line":92,"column":2},"end":{"line":92,"column":25}},"24":{"start":{"line":93,"column":2},"end":{"line":94,"column":22}},"25":{"start":{"line":96,"column":2},"end":{"line":96,"column":33}},"26":{"start":{"line":100,"column":0},"end":{"line":129,"column":2}},"27":{"start":{"line":101,"column":21},"end":{"line":101,"column":74}},"28":{"start":{"line":102,"column":17},"end":{"line":102,"column":59}},"29":{"start":{"line":103,"column":2},"end":{"line":128,"column":7}},"30":{"start":{"line":120,"column":6},"end":{"line":122,"column":9}},"31":{"start":{"line":125,"column":6},"end":{"line":127,"column":9}}},"fnMap":{"0":{"name":"(anonymous_0)","decl":{"start":{"line":7,"column":26},"end":{"line":7,"column":27}},"loc":{"start":{"line":7,"column":46},"end":{"line":26,"column":1}},"line":7},"1":{"name":"(anonymous_1)","decl":{"start":{"line":29,"column":27},"end":{"line":29,"column":28}},"loc":{"start":{"line":29,"column":47},"end":{"line":57,"column":1}},"line":29},"2":{"name":"(anonymous_2)","decl":{"start":{"line":47,"column":10},"end":{"line":47,"column":11}},"loc":{"start":{"line":47,"column":16},"end":{"line":51,"column":5}},"line":47},"3":{"name":"(anonymous_3)","decl":{"start":{"line":52,"column":11},"end":{"line":52,"column":12}},"loc":{"start":{"line":52,"column":22},"end":{"line":56,"column":5}},"line":52},"4":{"name":"(anonymous_4)","decl":{"start":{"line":61,"column":26},"end":{"line":61,"column":27}},"loc":{"start":{"line":61,"column":40},"end":{"line":73,"column":1}},"line":61},"5":{"name":"(anonymous_5)","decl":{"start":{"line":63,"column":10},"end":{"line":63,"column":11}},"loc":{"start":{"line":63,"column":16},"end":{"line":67,"column":5}},"line":63},"6":{"name":"(anonymous_6)","decl":{"start":{"line":68,"column":11},"end":{"line":68,"column":12}},"loc":{"start":{"line":68,"column":22},"end":{"line":72,"column":5}},"line":68},"7":{"name":"(anonymous_7)","decl":{"start":{"line":78,"column":27},"end":{"line":78,"column":28}},"loc":{"start":{"line":78,"column":47},"end":{"line":97,"column":1}},"line":78},"8":{"name":"(anonymous_8)","decl":{"start":{"line":100,"column":28},"end":{"line":100,"column":29}},"loc":{"start":{"line":100,"column":48},"end":{"line":129,"column":1}},"line":100},"9":{"name":"(anonymous_9)","decl":{"start":{"line":119,"column":10},"end":{"line":119,"column":11}},"loc":{"start":{"line":119,"column":16},"end":{"line":123,"column":5}},"line":119},"10":{"name":"(anonymous_10)","decl":{"start":{"line":124,"column":11},"end":{"line":124,"column":12}},"loc":{"start":{"line":124,"column":22},"end":{"line":128,"column":5}},"line":124}},"branchMap":{},"s":{"0":2,"1":2,"2":2,"3":2,"4":0,"5":0,"6":0,"7":0,"8":0,"9":0,"10":2,"11":0,"12":0,"13":0,"14":0,"15":2,"16":0,"17":0,"18":0,"19":2,"20":0,"21":0,"22":0,"23":0,"24":0,"25":0,"26":2,"27":0,"28":0,"29":0,"30":0,"31":0},"f":{"0":0,"1":0,"2":0,"3":0,"4":0,"5":0,"6":0,"7":0,"8":0,"9":0,"10":0},"b":{},"_coverageSchema":"1a1c01bbd47fc00a2c39e90264f33305004495a9","hash":"0a9c58b1d5f0ba1f8058c7c1b62d29b62f6812e8"}
,"C:\\Users\\ASUS\\Desktop\\ProjectReact Copy\\node-back\\controllers\\playercontrollers\\challenge.js": {"path":"C:\\Users\\ASUS\\Desktop\\ProjectReact Copy\\node-back\\controllers\\playercontrollers\\challenge.js","statementMap":{"0":{"start":{"line":1,"column":18},"end":{"line":1,"column":51}},"1":{"start":{"line":2,"column":24},"end":{"line":2,"column":63}},"2":{"start":{"line":3,"column":13},"end":{"line":3,"column":41}},"3":{"start":{"line":5,"column":0},"end":{"line":10,"column":2}},"4":{"start":{"line":6,"column":17},"end":{"line":6,"column":56}},"5":{"start":{"line":7,"column":2},"end":{"line":9,"column":5}},"6":{"start":{"line":8,"column":4},"end":{"line":8,"column":34}},"7":{"start":{"line":13,"column":0},"end":{"line":30,"column":2}},"8":{"start":{"line":14,"column":2},"end":{"line":29,"column":4}},"9":{"start":{"line":22,"column":6},"end":{"line":27,"column":7}},"10":{"start":{"line":23,"column":8},"end":{"line":23,"column":77}},"11":{"start":{"line":25,"column":8},"end":{"line":25,"column":38}},"12":{"start":{"line":26,"column":8},"end":{"line":26,"column":37}}},"fnMap":{"0":{"name":"(anonymous_0)","decl":{"start":{"line":5,"column":30},"end":{"line":5,"column":31}},"loc":{"start":{"line":5,"column":50},"end":{"line":10,"column":1}},"line":5},"1":{"name":"(anonymous_1)","decl":{"start":{"line":7,"column":47},"end":{"line":7,"column":48}},"loc":{"start":{"line":7,"column":79},"end":{"line":9,"column":3}},"line":7},"2":{"name":"(anonymous_2)","decl":{"start":{"line":13,"column":24},"end":{"line":13,"column":25}},"loc":{"start":{"line":13,"column":38},"end":{"line":30,"column":1}},"line":13},"3":{"name":"(anonymous_3)","decl":{"start":{"line":21,"column":4},"end":{"line":21,"column":5}},"loc":{"start":{"line":21,"column":36},"end":{"line":28,"column":5}},"line":21}},"branchMap":{"0":{"loc":{"start":{"line":22,"column":6},"end":{"line":27,"column":7}},"type":"if","locations":[{"start":{"line":22,"column":6},"end":{"line":27,"column":7}},{"start":{"line":24,"column":13},"end":{"line":27,"column":7}}],"line":22}},"s":{"0":2,"1":2,"2":2,"3":2,"4":0,"5":0,"6":0,"7":2,"8":0,"9":0,"10":0,"11":0,"12":0},"f":{"0":0,"1":0,"2":0,"3":0},"b":{"0":[0,0]},"_coverageSchema":"1a1c01bbd47fc00a2c39e90264f33305004495a9","hash":"41bd0b002a364f23d3d23093766dceff46904bd3"}
,"C:\\Users\\ASUS\\Desktop\\ProjectReact Copy\\node-back\\controllers\\playercontrollers\\events.js": {"path":"C:\\Users\\ASUS\\Desktop\\ProjectReact Copy\\node-back\\controllers\\playercontrollers\\events.js","statementMap":{"0":{"start":{"line":1,"column":15},"end":{"line":1,"column":45}},"1":{"start":{"line":3,"column":13},"end":{"line":3,"column":41}},"2":{"start":{"line":4,"column":17},"end":{"line":4,"column":58}}},"fnMap":{},"branchMap":{},"s":{"0":2,"1":2,"2":2},"f":{},"b":{},"_coverageSchema":"1a1c01bbd47fc00a2c39e90264f33305004495a9","hash":"63e0fbf8e0bc29fabe0f75676c1f42ff85396bb6"}
,"C:\\Users\\ASUS\\Desktop\\ProjectReact Copy\\node-back\\controllers\\playercontrollers\\profile.js": {"path":"C:\\Users\\ASUS\\Desktop\\ProjectReact Copy\\node-back\\controllers\\playercontrollers\\profile.js","statementMap":{"0":{"start":{"line":1,"column":11},"end":{"line":1,"column":39}},"1":{"start":{"line":2,"column":13},"end":{"line":2,"column":30}},"2":{"start":{"line":4,"column":0},"end":{"line":36,"column":8}},"3":{"start":{"line":6,"column":4},"end":{"line":36,"column":6}},"4":{"start":{"line":8,"column":5},"end":{"line":35,"column":11}},"5":{"start":{"line":27,"column":10},"end":{"line":29,"column":13}},"6":{"start":{"line":32,"column":10},"end":{"line":34,"column":13}},"7":{"start":{"line":38,"column":4},"end":{"line":52,"column":8}},"8":{"start":{"line":39,"column":23},"end":{"line":39,"column":56}},"9":{"start":{"line":40,"column":8},"end":{"line":49,"column":11}},"10":{"start":{"line":41,"column":10},"end":{"line":43,"column":12}},"11":{"start":{"line":45,"column":12},"end":{"line":48,"column":14}}},"fnMap":{"0":{"name":"(anonymous_0)","decl":{"start":{"line":4,"column":24},"end":{"line":4,"column":25}},"loc":{"start":{"line":4,"column":40},"end":{"line":36,"column":7}},"line":4},"1":{"name":"(anonymous_1)","decl":{"start":{"line":6,"column":44},"end":{"line":6,"column":45}},"loc":{"start":{"line":6,"column":54},"end":{"line":36,"column":5}},"line":6},"2":{"name":"(anonymous_2)","decl":{"start":{"line":24,"column":14},"end":{"line":24,"column":15}},"loc":{"start":{"line":24,"column":20},"end":{"line":30,"column":9}},"line":24},"3":{"name":"(anonymous_3)","decl":{"start":{"line":31,"column":15},"end":{"line":31,"column":16}},"loc":{"start":{"line":31,"column":26},"end":{"line":35,"column":9}},"line":31},"4":{"name":"(anonymous_4)","decl":{"start":{"line":38,"column":22},"end":{"line":38,"column":23}},"loc":{"start":{"line":38,"column":42},"end":{"line":52,"column":7}},"line":38}},"branchMap":{"0":{"loc":{"start":{"line":40,"column":8},"end":{"line":49,"column":11}},"type":"if","locations":[{"start":{"line":40,"column":8},"end":{"line":49,"column":11}},{"start":{"line":44,"column":14},"end":{"line":49,"column":11}}],"line":40}},"s":{"0":2,"1":2,"2":2,"3":0,"4":0,"5":0,"6":0,"7":2,"8":0,"9":0,"10":0,"11":0},"f":{"0":0,"1":0,"2":0,"3":0,"4":0},"b":{"0":[0,0]},"_coverageSchema":"1a1c01bbd47fc00a2c39e90264f33305004495a9","hash":"a07187b68487a2dc8eff9b36e95f5a8869d705ca"}
,"C:\\Users\\ASUS\\Desktop\\ProjectReact Copy\\node-back\\middleware\\auth.js": {"path":"C:\\Users\\ASUS\\Desktop\\ProjectReact Copy\\node-back\\middleware\\auth.js","statementMap":{"0":{"start":{"line":1,"column":12},"end":{"line":1,"column":35}},"1":{"start":{"line":2,"column":13},"end":{"line":2,"column":38}},"2":{"start":{"line":4,"column":0},"end":{"line":23,"column":2}},"3":{"start":{"line":5,"column":2},"end":{"line":7,"column":3}},"4":{"start":{"line":6,"column":4},"end":{"line":6,"column":52}},"5":{"start":{"line":8,"column":14},"end":{"line":8,"column":53}},"6":{"start":{"line":10,"column":2},"end":{"line":12,"column":3}},"7":{"start":{"line":11,"column":4},"end":{"line":11,"column":55}},"8":{"start":{"line":14,"column":2},"end":{"line":22,"column":5}},"9":{"start":{"line":15,"column":4},"end":{"line":21,"column":5}},"10":{"start":{"line":16,"column":6},"end":{"line":16,"column":54}},"11":{"start":{"line":19,"column":6},"end":{"line":19,"column":35}},"12":{"start":{"line":20,"column":6},"end":{"line":20,"column":13}},"13":{"start":{"line":25,"column":0},"end":{"line":40,"column":2}},"14":{"start":{"line":26,"column":2},"end":{"line":39,"column":5}},"15":{"start":{"line":27,"column":4},"end":{"line":30,"column":5}},"16":{"start":{"line":28,"column":6},"end":{"line":28,"column":45}},"17":{"start":{"line":29,"column":6},"end":{"line":29,"column":13}},"18":{"start":{"line":31,"column":4},"end":{"line":31,"column":22}},"19":{"start":{"line":32,"column":4},"end":{"line":38,"column":5}},"20":{"start":{"line":33,"column":6},"end":{"line":33,"column":13}},"21":{"start":{"line":34,"column":6},"end":{"line":34,"column":13}},"22":{"start":{"line":36,"column":6},"end":{"line":36,"column":63}},"23":{"start":{"line":37,"column":6},"end":{"line":37,"column":13}},"24":{"start":{"line":41,"column":0},"end":{"line":56,"column":2}},"25":{"start":{"line":42,"column":2},"end":{"line":55,"column":5}},"26":{"start":{"line":43,"column":4},"end":{"line":46,"column":5}},"27":{"start":{"line":44,"column":6},"end":{"line":44,"column":45}},"28":{"start":{"line":45,"column":6},"end":{"line":45,"column":13}},"29":{"start":{"line":47,"column":4},"end":{"line":47,"column":22}},"30":{"start":{"line":48,"column":4},"end":{"line":54,"column":5}},"31":{"start":{"line":49,"column":6},"end":{"line":49,"column":13}},"32":{"start":{"line":50,"column":6},"end":{"line":50,"column":13}},"33":{"start":{"line":52,"column":6},"end":{"line":52,"column":64}},"34":{"start":{"line":53,"column":6},"end":{"line":53,"column":13}},"35":{"start":{"line":57,"column":16},"end":{"line":61,"column":1}},"36":{"start":{"line":62,"column":0},"end":{"line":62,"column":25}}},"fnMap":{"0":{"name":"(anonymous_0)","decl":{"start":{"line":4,"column":14},"end":{"line":4,"column":15}},"loc":{"start":{"line":4,"column":34},"end":{"line":23,"column":1}},"line":4},"1":{"name":"(anonymous_1)","decl":{"start":{"line":14,"column":33},"end":{"line":14,"column":34}},"loc":{"start":{"line":14,"column":62},"end":{"line":22,"column":3}},"line":14},"2":{"name":"(anonymous_2)","decl":{"start":{"line":25,"column":10},"end":{"line":25,"column":11}},"loc":{"start":{"line":25,"column":30},"end":{"line":40,"column":1}},"line":25},"3":{"name":"(anonymous_3)","decl":{"start":{"line":26,"column":33},"end":{"line":26,"column":34}},"loc":{"start":{"line":26,"column":48},"end":{"line":39,"column":3}},"line":26},"4":{"name":"(anonymous_4)","decl":{"start":{"line":41,"column":11},"end":{"line":41,"column":12}},"loc":{"start":{"line":41,"column":31},"end":{"line":56,"column":1}},"line":41},"5":{"name":"(anonymous_5)","decl":{"start":{"line":42,"column":33},"end":{"line":42,"column":34}},"loc":{"start":{"line":42,"column":48},"end":{"line":55,"column":3}},"line":42}},"branchMap":{"0":{"loc":{"start":{"line":5,"column":2},"end":{"line":7,"column":3}},"type":"if","locations":[{"start":{"line":5,"column":2},"end":{"line":7,"column":3}},{"start":{},"end":{}}],"line":5},"1":{"loc":{"start":{"line":10,"column":2},"end":{"line":12,"column":3}},"type":"if","locations":[{"start":{"line":10,"column":2},"end":{"line":12,"column":3}},{"start":{},"end":{}}],"line":10},"2":{"loc":{"start":{"line":15,"column":4},"end":{"line":21,"column":5}},"type":"if","locations":[{"start":{"line":15,"column":4},"end":{"line":21,"column":5}},{"start":{"line":17,"column":11},"end":{"line":21,"column":5}}],"line":15},"3":{"loc":{"start":{"line":27,"column":4},"end":{"line":30,"column":5}},"type":"if","locations":[{"start":{"line":27,"column":4},"end":{"line":30,"column":5}},{"start":{},"end":{}}],"line":27},"4":{"loc":{"start":{"line":32,"column":4},"end":{"line":38,"column":5}},"type":"if","locations":[{"start":{"line":32,"column":4},"end":{"line":38,"column":5}},{"start":{"line":35,"column":11},"end":{"line":38,"column":5}}],"line":32},"5":{"loc":{"start":{"line":43,"column":4},"end":{"line":46,"column":5}},"type":"if","locations":[{"start":{"line":43,"column":4},"end":{"line":46,"column":5}},{"start":{},"end":{}}],"line":43},"6":{"loc":{"start":{"line":48,"column":4},"end":{"line":54,"column":5}},"type":"if","locations":[{"start":{"line":48,"column":4},"end":{"line":54,"column":5}},{"start":{"line":51,"column":11},"end":{"line":54,"column":5}}],"line":48}},"s":{"0":2,"1":2,"2":2,"3":2,"4":0,"5":2,"6":2,"7":0,"8":2,"9":2,"10":0,"11":2,"12":2,"13":2,"14":2,"15":2,"16":0,"17":0,"18":2,"19":2,"20":2,"21":2,"22":0,"23":0,"24":2,"25":0,"26":0,"27":0,"28":0,"29":0,"30":0,"31":0,"32":0,"33":0,"34":0,"35":2,"36":2},"f":{"0":2,"1":2,"2":2,"3":2,"4":0,"5":0},"b":{"0":[0,2],"1":[0,2],"2":[0,2],"3":[0,2],"4":[2,0],"5":[0,0],"6":[0,0]},"_coverageSchema":"1a1c01bbd47fc00a2c39e90264f33305004495a9","hash":"541366a9078be165cde978b502410fac8f1d3bb7"}
,"C:\\Users\\ASUS\\Desktop\\ProjectReact Copy\\node-back\\models\\challenge.js": {"path":"C:\\Users\\ASUS\\Desktop\\ProjectReact Copy\\node-back\\models\\challenge.js","statementMap":{"0":{"start":{"line":1,"column":17},"end":{"line":1,"column":36}},"1":{"start":{"line":2,"column":13},"end":{"line":2,"column":28}},"2":{"start":{"line":4,"column":22},"end":{"line":24,"column":2}},"3":{"start":{"line":26,"column":0},"end":{"line":26,"column":62}}},"fnMap":{},"branchMap":{},"s":{"0":2,"1":2,"2":2,"3":2},"f":{},"b":{},"_coverageSchema":"1a1c01bbd47fc00a2c39e90264f33305004495a9","hash":"40003ab758fc8807e1e8adba78574ea8eb2b0fc2"}
,"C:\\Users\\ASUS\\Desktop\\ProjectReact Copy\\node-back\\models\\challengeplayer.js": {"path":"C:\\Users\\ASUS\\Desktop\\ProjectReact Copy\\node-back\\models\\challengeplayer.js","statementMap":{"0":{"start":{"line":1,"column":17},"end":{"line":1,"column":36}},"1":{"start":{"line":2,"column":13},"end":{"line":2,"column":28}},"2":{"start":{"line":4,"column":28},"end":{"line":23,"column":2}},"3":{"start":{"line":25,"column":0},"end":{"line":25,"column":74}}},"fnMap":{},"branchMap":{},"s":{"0":2,"1":2,"2":2,"3":2},"f":{},"b":{},"_coverageSchema":"1a1c01bbd47fc00a2c39e90264f33305004495a9","hash":"69e1864df2c4737c0570e1d59e43098a435ac921"}
,"C:\\Users\\ASUS\\Desktop\\ProjectReact Copy\\node-back\\models\\events.js": {"path":"C:\\Users\\ASUS\\Desktop\\ProjectReact Copy\\node-back\\models\\events.js","statementMap":{"0":{"start":{"line":1,"column":17},"end":{"line":1,"column":36}},"1":{"start":{"line":2,"column":13},"end":{"line":2,"column":28}},"2":{"start":{"line":6,"column":19},"end":{"line":46,"column":2}},"3":{"start":{"line":50,"column":0},"end":{"line":50,"column":56}}},"fnMap":{},"branchMap":{},"s":{"0":2,"1":2,"2":2,"3":2},"f":{},"b":{},"_coverageSchema":"1a1c01bbd47fc00a2c39e90264f33305004495a9","hash":"e2b2953dafd4bd03e72aac6bc8557d49ce92bfcd"}
,"C:\\Users\\ASUS\\Desktop\\ProjectReact Copy\\node-back\\models\\program.js": {"path":"C:\\Users\\ASUS\\Desktop\\ProjectReact Copy\\node-back\\models\\program.js","statementMap":{"0":{"start":{"line":1,"column":17},"end":{"line":1,"column":36}},"1":{"start":{"line":2,"column":13},"end":{"line":2,"column":28}},"2":{"start":{"line":4,"column":20},"end":{"line":29,"column":2}},"3":{"start":{"line":31,"column":0},"end":{"line":31,"column":58}}},"fnMap":{},"branchMap":{},"s":{"0":2,"1":2,"2":2,"3":2},"f":{},"b":{},"_coverageSchema":"1a1c01bbd47fc00a2c39e90264f33305004495a9","hash":"8eb2bbe5dee6fbc327b3685ccb8f90c9aa2a39b1"}
,"C:\\Users\\ASUS\\Desktop\\ProjectReact Copy\\node-back\\models\\reason.js": {"path":"C:\\Users\\ASUS\\Desktop\\ProjectReact Copy\\node-back\\models\\reason.js","statementMap":{"0":{"start":{"line":1,"column":17},"end":{"line":1,"column":36}},"1":{"start":{"line":2,"column":13},"end":{"line":2,"column":28}},"2":{"start":{"line":10,"column":19},"end":{"line":15,"column":2}},"3":{"start":{"line":17,"column":0},"end":{"line":17,"column":56}}},"fnMap":{},"branchMap":{},"s":{"0":2,"1":2,"2":2,"3":2},"f":{},"b":{},"_coverageSchema":"1a1c01bbd47fc00a2c39e90264f33305004495a9","hash":"6baf3f2736827f5c580b7c89794e7f93c475c37d"}
,"C:\\Users\\ASUS\\Desktop\\ProjectReact Copy\\node-back\\models\\session.js": {"path":"C:\\Users\\ASUS\\Desktop\\ProjectReact Copy\\node-back\\models\\session.js","statementMap":{"0":{"start":{"line":1,"column":17},"end":{"line":1,"column":36}},"1":{"start":{"line":2,"column":13},"end":{"line":2,"column":28}},"2":{"start":{"line":4,"column":20},"end":{"line":43,"column":1}},"3":{"start":{"line":45,"column":0},"end":{"line":45,"column":58}}},"fnMap":{},"branchMap":{},"s":{"0":2,"1":2,"2":2,"3":2},"f":{},"b":{},"_coverageSchema":"1a1c01bbd47fc00a2c39e90264f33305004495a9","hash":"6ba2ccf522e4a2df92703429a13a61f07e7f917d"}
,"C:\\Users\\ASUS\\Desktop\\ProjectReact Copy\\node-back\\models\\skills.js": {"path":"C:\\Users\\ASUS\\Desktop\\ProjectReact Copy\\node-back\\models\\skills.js","statementMap":{"0":{"start":{"line":1,"column":17},"end":{"line":1,"column":36}},"1":{"start":{"line":2,"column":13},"end":{"line":2,"column":28}},"2":{"start":{"line":4,"column":19},"end":{"line":41,"column":1}},"3":{"start":{"line":45,"column":0},"end":{"line":45,"column":56}}},"fnMap":{},"branchMap":{},"s":{"0":2,"1":2,"2":2,"3":2},"f":{},"b":{},"_coverageSchema":"1a1c01bbd47fc00a2c39e90264f33305004495a9","hash":"0c63d8466c5c47a73b71ec1512200724b4cd9c6c"}
,"C:\\Users\\ASUS\\Desktop\\ProjectReact Copy\\node-back\\models\\speciality.js": {"path":"C:\\Users\\ASUS\\Desktop\\ProjectReact Copy\\node-back\\models\\speciality.js","statementMap":{"0":{"start":{"line":1,"column":17},"end":{"line":1,"column":36}},"1":{"start":{"line":2,"column":13},"end":{"line":2,"column":28}},"2":{"start":{"line":4,"column":23},"end":{"line":20,"column":1}},"3":{"start":{"line":24,"column":0},"end":{"line":24,"column":64}}},"fnMap":{},"branchMap":{},"s":{"0":2,"1":2,"2":2,"3":2},"f":{},"b":{},"_coverageSchema":"1a1c01bbd47fc00a2c39e90264f33305004495a9","hash":"bf06d3c4af341d4b9d41e458ec6bae85cb41a501"}
,"C:\\Users\\ASUS\\Desktop\\ProjectReact Copy\\node-back\\models\\training_location.js": {"path":"C:\\Users\\ASUS\\Desktop\\ProjectReact Copy\\node-back\\models\\training_location.js","statementMap":{"0":{"start":{"line":1,"column":17},"end":{"line":1,"column":36}},"1":{"start":{"line":2,"column":13},"end":{"line":2,"column":28}},"2":{"start":{"line":4,"column":30},"end":{"line":23,"column":2}},"3":{"start":{"line":25,"column":0},"end":{"line":25,"column":69}}},"fnMap":{},"branchMap":{},"s":{"0":2,"1":2,"2":2,"3":2},"f":{},"b":{},"_coverageSchema":"1a1c01bbd47fc00a2c39e90264f33305004495a9","hash":"78e6e61d0234efed5b344fea30c64a3e11127e82"}
,"C:\\Users\\ASUS\\Desktop\\ProjectReact Copy\\node-back\\models\\type_statistic.js": {"path":"C:\\Users\\ASUS\\Desktop\\ProjectReact Copy\\node-back\\models\\type_statistic.js","statementMap":{"0":{"start":{"line":1,"column":17},"end":{"line":1,"column":36}},"1":{"start":{"line":2,"column":13},"end":{"line":2,"column":28}},"2":{"start":{"line":4,"column":14},"end":{"line":8,"column":2}},"3":{"start":{"line":10,"column":17},"end":{"line":15,"column":2}},"4":{"start":{"line":17,"column":16},"end":{"line":21,"column":2}},"5":{"start":{"line":23,"column":26},"end":{"line":74,"column":1}},"6":{"start":{"line":76,"column":0},"end":{"line":81,"column":3}},"7":{"start":{"line":84,"column":0},"end":{"line":84,"column":70}}},"fnMap":{},"branchMap":{},"s":{"0":2,"1":2,"2":2,"3":2,"4":2,"5":2,"6":2,"7":2},"f":{},"b":{},"_coverageSchema":"1a1c01bbd47fc00a2c39e90264f33305004495a9","hash":"2047f87f14d1e2187e2ae68e129b5404ef19950a"}
,"C:\\Users\\ASUS\\Desktop\\ProjectReact Copy\\node-back\\models\\user.js": {"path":"C:\\Users\\ASUS\\Desktop\\ProjectReact Copy\\node-back\\models\\user.js","statementMap":{"0":{"start":{"line":1,"column":17},"end":{"line":1,"column":36}},"1":{"start":{"line":2,"column":13},"end":{"line":2,"column":30}},"2":{"start":{"line":4,"column":13},"end":{"line":4,"column":28}},"3":{"start":{"line":5,"column":16},"end":{"line":8,"column":2}},"4":{"start":{"line":10,"column":21},"end":{"line":13,"column":2}},"5":{"start":{"line":15,"column":18},"end":{"line":18,"column":2}},"6":{"start":{"line":20,"column":27},"end":{"line":24,"column":2}},"7":{"start":{"line":26,"column":17},"end":{"line":105,"column":1}},"8":{"start":{"line":107,"column":0},"end":{"line":112,"column":3}},"9":{"start":{"line":114,"column":0},"end":{"line":120,"column":3}},"10":{"start":{"line":122,"column":0},"end":{"line":124,"column":2}},"11":{"start":{"line":123,"column":2},"end":{"line":123,"column":39}},"12":{"start":{"line":126,"column":0},"end":{"line":128,"column":2}},"13":{"start":{"line":127,"column":2},"end":{"line":127,"column":59}},"14":{"start":{"line":130,"column":0},"end":{"line":130,"column":52}}},"fnMap":{"0":{"name":"hashPassword","decl":{"start":{"line":122,"column":43},"end":{"line":122,"column":55}},"loc":{"start":{"line":122,"column":66},"end":{"line":124,"column":1}},"line":122},"1":{"name":"(anonymous_1)","decl":{"start":{"line":126,"column":29},"end":{"line":126,"column":30}},"loc":{"start":{"line":126,"column":55},"end":{"line":128,"column":1}},"line":126}},"branchMap":{},"s":{"0":2,"1":2,"2":2,"3":2,"4":2,"5":2,"6":2,"7":2,"8":2,"9":2,"10":2,"11":0,"12":2,"13":0,"14":2},"f":{"0":0,"1":0},"b":{},"_coverageSchema":"1a1c01bbd47fc00a2c39e90264f33305004495a9","hash":"20d99435beb3d43829991315c677d3aee653f15f"}
,"C:\\Users\\ASUS\\Desktop\\ProjectReact Copy\\node-back\\routes\\api.js": {"path":"C:\\Users\\ASUS\\Desktop\\ProjectReact Copy\\node-back\\routes\\api.js","statementMap":{"0":{"start":{"line":2,"column":14},"end":{"line":2,"column":32}},"1":{"start":{"line":3,"column":13},"end":{"line":3,"column":29}},"2":{"start":{"line":4,"column":17},"end":{"line":4,"column":39}},"3":{"start":{"line":6,"column":17},"end":{"line":6,"column":34}},"4":{"start":{"line":7,"column":29},"end":{"line":7,"column":77}},"5":{"start":{"line":8,"column":32},"end":{"line":8,"column":83}},"6":{"start":{"line":9,"column":29},"end":{"line":9,"column":82}},"7":{"start":{"line":10,"column":16},"end":{"line":10,"column":45}},"8":{"start":{"line":12,"column":0},"end":{"line":16,"column":2}},"9":{"start":{"line":17,"column":0},"end":{"line":17,"column":73}},"10":{"start":{"line":19,"column":0},"end":{"line":24,"column":2}},"11":{"start":{"line":25,"column":0},"end":{"line":25,"column":78}},"12":{"start":{"line":27,"column":0},"end":{"line":27,"column":24}}},"fnMap":{},"branchMap":{},"s":{"0":2,"1":2,"2":2,"3":2,"4":2,"5":2,"6":2,"7":2,"8":2,"9":2,"10":2,"11":2,"12":2},"f":{},"b":{},"_coverageSchema":"1a1c01bbd47fc00a2c39e90264f33305004495a9","hash":"a9fe1df4e5ab68481ecb9c19abb5742f220a4a91"}
,"C:\\Users\\ASUS\\Desktop\\ProjectReact Copy\\node-back\\routes\\coach.js": {"path":"C:\\Users\\ASUS\\Desktop\\ProjectReact Copy\\node-back\\routes\\coach.js","statementMap":{"0":{"start":{"line":1,"column":14},"end":{"line":1,"column":32}},"1":{"start":{"line":2,"column":13},"end":{"line":2,"column":29}},"2":{"start":{"line":3,"column":17},"end":{"line":3,"column":39}},"3":{"start":{"line":4,"column":14},"end":{"line":4,"column":43}},"4":{"start":{"line":5,"column":17},"end":{"line":5,"column":34}},"5":{"start":{"line":6,"column":32},"end":{"line":6,"column":83}},"6":{"start":{"line":7,"column":33},"end":{"line":7,"column":85}},"7":{"start":{"line":8,"column":31},"end":{"line":8,"column":81}},"8":{"start":{"line":9,"column":30},"end":{"line":9,"column":79}},"9":{"start":{"line":10,"column":31},"end":{"line":10,"column":81}},"10":{"start":{"line":11,"column":30},"end":{"line":11,"column":86}},"11":{"start":{"line":12,"column":33},"end":{"line":12,"column":85}},"12":{"start":{"line":13,"column":30},"end":{"line":13,"column":79}},"13":{"start":{"line":14,"column":31},"end":{"line":14,"column":81}},"14":{"start":{"line":17,"column":0},"end":{"line":22,"column":2}},"15":{"start":{"line":25,"column":0},"end":{"line":30,"column":2}},"16":{"start":{"line":33,"column":0},"end":{"line":38,"column":2}},"17":{"start":{"line":40,"column":0},"end":{"line":45,"column":2}},"18":{"start":{"line":48,"column":0},"end":{"line":53,"column":2}},"19":{"start":{"line":55,"column":0},"end":{"line":60,"column":2}},"20":{"start":{"line":62,"column":0},"end":{"line":67,"column":2}},"21":{"start":{"line":70,"column":0},"end":{"line":75,"column":2}},"22":{"start":{"line":78,"column":0},"end":{"line":83,"column":2}},"23":{"start":{"line":86,"column":0},"end":{"line":91,"column":2}},"24":{"start":{"line":93,"column":0},"end":{"line":98,"column":2}},"25":{"start":{"line":100,"column":0},"end":{"line":105,"column":2}},"26":{"start":{"line":107,"column":0},"end":{"line":112,"column":2}},"27":{"start":{"line":114,"column":0},"end":{"line":119,"column":2}},"28":{"start":{"line":121,"column":0},"end":{"line":126,"column":2}},"29":{"start":{"line":129,"column":0},"end":{"line":134,"column":2}},"30":{"start":{"line":136,"column":0},"end":{"line":141,"column":2}},"31":{"start":{"line":144,"column":0},"end":{"line":149,"column":2}},"32":{"start":{"line":152,"column":0},"end":{"line":157,"column":2}},"33":{"start":{"line":159,"column":0},"end":{"line":164,"column":2}},"34":{"start":{"line":167,"column":0},"end":{"line":172,"column":2}},"35":{"start":{"line":174,"column":0},"end":{"line":179,"column":2}},"36":{"start":{"line":182,"column":0},"end":{"line":187,"column":2}},"37":{"start":{"line":190,"column":0},"end":{"line":195,"column":2}},"38":{"start":{"line":203,"column":0},"end":{"line":208,"column":2}},"39":{"start":{"line":210,"column":0},"end":{"line":215,"column":2}},"40":{"start":{"line":218,"column":0},"end":{"line":223,"column":2}},"41":{"start":{"line":226,"column":0},"end":{"line":231,"column":2}},"42":{"start":{"line":234,"column":0},"end":{"line":239,"column":2}},"43":{"start":{"line":242,"column":0},"end":{"line":247,"column":2}},"44":{"start":{"line":250,"column":0},"end":{"line":255,"column":2}},"45":{"start":{"line":258,"column":0},"end":{"line":263,"column":2}},"46":{"start":{"line":266,"column":0},"end":{"line":271,"column":2}},"47":{"start":{"line":275,"column":0},"end":{"line":280,"column":2}},"48":{"start":{"line":283,"column":0},"end":{"line":288,"column":2}},"49":{"start":{"line":290,"column":0},"end":{"line":295,"column":2}},"50":{"start":{"line":298,"column":0},"end":{"line":303,"column":2}},"51":{"start":{"line":308,"column":0},"end":{"line":313,"column":2}},"52":{"start":{"line":316,"column":0},"end":{"line":321,"column":2}},"53":{"start":{"line":325,"column":0},"end":{"line":330,"column":2}},"54":{"start":{"line":333,"column":0},"end":{"line":338,"column":2}},"55":{"start":{"line":340,"column":0},"end":{"line":345,"column":2}},"56":{"start":{"line":348,"column":0},"end":{"line":353,"column":2}},"57":{"start":{"line":357,"column":0},"end":{"line":357,"column":24}}},"fnMap":{},"branchMap":{},"s":{"0":2,"1":2,"2":2,"3":2,"4":2,"5":2,"6":2,"7":2,"8":2,"9":2,"10":2,"11":2,"12":2,"13":2,"14":2,"15":2,"16":2,"17":2,"18":2,"19":2,"20":2,"21":2,"22":2,"23":2,"24":2,"25":2,"26":2,"27":2,"28":2,"29":2,"30":2,"31":2,"32":2,"33":2,"34":2,"35":2,"36":2,"37":2,"38":2,"39":2,"40":2,"41":2,"42":2,"43":2,"44":2,"45":2,"46":2,"47":2,"48":2,"49":2,"50":2,"51":2,"52":2,"53":2,"54":2,"55":2,"56":2,"57":2},"f":{},"b":{},"_coverageSchema":"1a1c01bbd47fc00a2c39e90264f33305004495a9","hash":"23ce029a12d8cee3fef99b451b0194d17fc135b8"}
,"C:\\Users\\ASUS\\Desktop\\ProjectReact Copy\\node-back\\routes\\player.js": {"path":"C:\\Users\\ASUS\\Desktop\\ProjectReact Copy\\node-back\\routes\\player.js","statementMap":{"0":{"start":{"line":2,"column":14},"end":{"line":2,"column":32}},"1":{"start":{"line":3,"column":13},"end":{"line":3,"column":29}},"2":{"start":{"line":4,"column":17},"end":{"line":4,"column":39}},"3":{"start":{"line":5,"column":14},"end":{"line":5,"column":43}},"4":{"start":{"line":7,"column":17},"end":{"line":7,"column":34}},"5":{"start":{"line":8,"column":30},"end":{"line":8,"column":81}},"6":{"start":{"line":9,"column":34},"end":{"line":9,"column":87}},"7":{"start":{"line":10,"column":31},"end":{"line":10,"column":81}},"8":{"start":{"line":11,"column":31},"end":{"line":11,"column":80}},"9":{"start":{"line":12,"column":0},"end":{"line":17,"column":2}},"10":{"start":{"line":19,"column":0},"end":{"line":24,"column":2}},"11":{"start":{"line":25,"column":0},"end":{"line":30,"column":2}},"12":{"start":{"line":32,"column":0},"end":{"line":37,"column":2}},"13":{"start":{"line":39,"column":0},"end":{"line":44,"column":2}},"14":{"start":{"line":47,"column":0},"end":{"line":52,"column":2}},"15":{"start":{"line":54,"column":0},"end":{"line":59,"column":2}},"16":{"start":{"line":63,"column":0},"end":{"line":63,"column":24}}},"fnMap":{},"branchMap":{},"s":{"0":2,"1":2,"2":2,"3":2,"4":2,"5":2,"6":2,"7":2,"8":2,"9":2,"10":2,"11":2,"12":2,"13":2,"14":2,"15":2,"16":2},"f":{},"b":{},"_coverageSchema":"1a1c01bbd47fc00a2c39e90264f33305004495a9","hash":"5566d7db00c6b622b657caee93237a8b9596395a"}
,"C:\\Users\\ASUS\\Desktop\\ProjectReact Copy\\node-back\\utils\\serverUtils.js": {"path":"C:\\Users\\ASUS\\Desktop\\ProjectReact Copy\\node-back\\utils\\serverUtils.js","statementMap":{"0":{"start":{"line":1,"column":16},"end":{"line":1,"column":34}},"1":{"start":{"line":2,"column":13},"end":{"line":2,"column":17}},"2":{"start":{"line":3,"column":17},"end":{"line":3,"column":39}},"3":{"start":{"line":5,"column":21},"end":{"line":24,"column":1}},"4":{"start":{"line":7,"column":16},"end":{"line":7,"column":25}},"5":{"start":{"line":8,"column":15},"end":{"line":8,"column":30}},"6":{"start":{"line":10,"column":20},"end":{"line":10,"column":44}},"7":{"start":{"line":11,"column":23},"end":{"line":11,"column":50}},"8":{"start":{"line":12,"column":22},"end":{"line":12,"column":48}},"9":{"start":{"line":13,"column":4},"end":{"line":13,"column":20}},"10":{"start":{"line":14,"column":4},"end":{"line":14,"column":28}},"11":{"start":{"line":15,"column":4},"end":{"line":15,"column":37}},"12":{"start":{"line":16,"column":4},"end":{"line":16,"column":35}},"13":{"start":{"line":20,"column":4},"end":{"line":20,"column":55}},"14":{"start":{"line":23,"column":4},"end":{"line":23,"column":15}},"15":{"start":{"line":25,"column":0},"end":{"line":25,"column":34}}},"fnMap":{"0":{"name":"(anonymous_0)","decl":{"start":{"line":5,"column":21},"end":{"line":5,"column":22}},"loc":{"start":{"line":5,"column":27},"end":{"line":24,"column":1}},"line":5}},"branchMap":{},"s":{"0":2,"1":2,"2":2,"3":2,"4":2,"5":2,"6":2,"7":2,"8":2,"9":2,"10":2,"11":2,"12":2,"13":2,"14":2,"15":2},"f":{"0":2},"b":{},"_coverageSchema":"1a1c01bbd47fc00a2c39e90264f33305004495a9","hash":"d978cb1b3692a3bd29068321938c927631440dd9"}
}
