TN:
SF:controllers\coachcontrollers\Location.js
FN:6,(anonymous_0)
FN:22,(anonymous_1)
FN:23,(anonymous_2)
FN:32,(anonymous_3)
FN:34,(anonymous_4)
FN:44,(anonymous_5)
FN:57,(anonymous_6)
FN:69,(anonymous_7)
FN:72,(anonymous_8)
FN:87,(anonymous_9)
FNF:10
FNH:1
FNDA:3,(anonymous_0)
FNDA:0,(anonymous_1)
FNDA:0,(anonymous_2)
FNDA:0,(anonymous_3)
FNDA:0,(anonymous_4)
FNDA:0,(anonymous_5)
FNDA:0,(anonymous_6)
FNDA:0,(anonymous_7)
FNDA:0,(anonymous_8)
FNDA:0,(anonymous_9)
DA:2,5
DA:3,5
DA:6,5
DA:7,3
DA:8,3
DA:15,3
DA:16,3
DA:17,3
DA:18,3
DA:22,5
DA:23,0
DA:24,0
DA:25,0
DA:27,0
DA:32,5
DA:33,0
DA:34,0
DA:35,0
DA:36,0
DA:38,0
DA:44,5
DA:47,0
DA:58,0
DA:59,0
DA:61,0
DA:62,0
DA:69,5
DA:70,0
DA:73,0
DA:74,0
DA:78,0
DA:87,5
DA:88,0
DA:89,0
DA:90,0
DA:93,0
LF:36
LH:14
BRDA:24,0,0,0
BRDA:24,0,1,0
BRDA:35,1,0,0
BRDA:35,1,1,0
BRDA:58,2,0,0
BRDA:58,2,1,0
BRDA:73,3,0,0
BRDA:73,3,1,0
BRF:8
BRH:0
end_of_record
TN:
SF:controllers\coachcontrollers\challenge.js
FN:5,(anonymous_0)
FN:29,(anonymous_1)
FN:49,(anonymous_2)
FN:66,(anonymous_3)
FN:70,(anonymous_4)
FN:75,(anonymous_5)
FN:76,(anonymous_6)
FN:154,(anonymous_7)
FN:165,(anonymous_8)
FNF:9
FNH:8
FNDA:1,(anonymous_0)
FNDA:0,(anonymous_1)
FNDA:2,(anonymous_2)
FNDA:1,(anonymous_3)
FNDA:1,(anonymous_4)
FNDA:1,(anonymous_5)
FNDA:1,(anonymous_6)
FNDA:1,(anonymous_7)
FNDA:1,(anonymous_8)
DA:1,5
DA:2,5
DA:3,5
DA:5,5
DA:7,1
DA:8,1
DA:9,1
DA:20,1
DA:21,1
DA:22,1
DA:24,1
DA:25,1
DA:26,1
DA:29,5
DA:30,0
DA:31,0
DA:32,0
DA:33,0
DA:44,0
DA:46,0
DA:49,5
DA:51,2
DA:52,2
DA:55,1
DA:56,1
DA:58,0
DA:62,1
DA:66,5
DA:67,1
DA:71,1
DA:75,5
DA:76,1
DA:77,1
DA:78,0
DA:82,1
DA:154,5
DA:155,1
DA:166,1
DA:167,0
DA:169,1
DA:170,1
LF:41
LH:32
BRDA:55,0,0,1
BRDA:55,0,1,0
BRDA:77,1,0,0
BRDA:77,1,1,1
BRDA:166,2,0,0
BRDA:166,2,1,1
BRF:6
BRH:3
end_of_record
TN:
SF:controllers\coachcontrollers\events.js
FN:7,(anonymous_0)
FN:25,(anonymous_1)
FN:26,(anonymous_2)
FN:32,(anonymous_3)
FN:35,(anonymous_4)
FN:51,(anonymous_5)
FN:67,(anonymous_6)
FN:81,(anonymous_7)
FN:92,(anonymous_8)
FN:96,(anonymous_9)
FN:105,(anonymous_10)
FN:109,(anonymous_11)
FN:115,(anonymous_12)
FN:126,(anonymous_13)
FNF:14
FNH:10
FNDA:2,(anonymous_0)
FNDA:1,(anonymous_1)
FNDA:1,(anonymous_2)
FNDA:1,(anonymous_3)
FNDA:1,(anonymous_4)
FNDA:1,(anonymous_5)
FNDA:1,(anonymous_6)
FNDA:2,(anonymous_7)
FNDA:0,(anonymous_8)
FNDA:0,(anonymous_9)
FNDA:0,(anonymous_10)
FNDA:0,(anonymous_11)
FNDA:1,(anonymous_12)
FNDA:1,(anonymous_13)
DA:2,5
DA:3,5
DA:4,5
DA:7,5
DA:8,2
DA:13,2
DA:14,2
DA:15,2
DA:16,2
DA:17,2
DA:20,2
DA:25,5
DA:26,1
DA:27,1
DA:32,5
DA:33,1
DA:36,1
DA:37,0
DA:41,1
DA:51,5
DA:52,1
DA:54,1
DA:68,1
DA:70,0
DA:72,1
DA:73,1
DA:74,1
DA:81,5
DA:82,2
DA:83,2
DA:84,2
DA:87,0
DA:92,5
DA:95,0
DA:97,0
DA:105,5
DA:108,0
DA:110,0
DA:115,5
DA:116,1
DA:127,1
DA:128,0
DA:130,1
DA:131,1
LF:44
LH:36
BRDA:36,0,0,0
BRDA:36,0,1,1
BRDA:68,1,0,0
BRDA:68,1,1,1
BRDA:127,2,0,0
BRDA:127,2,1,1
BRF:6
BRH:3
end_of_record
TN:
SF:controllers\coachcontrollers\login.js
FN:6,(anonymous_0)
FN:7,(anonymous_1)
FN:20,(anonymous_2)
FN:38,(anonymous_3)
FN:47,(anonymous_4)
FNF:5
FNH:3
FNDA:8,(anonymous_0)
FNDA:8,(anonymous_1)
FNDA:7,(anonymous_2)
FNDA:0,(anonymous_3)
FNDA:0,(anonymous_4)
DA:2,5
DA:3,5
DA:4,5
DA:6,5
DA:7,8
DA:8,8
DA:9,0
DA:10,0
DA:12,8
DA:13,1
DA:17,7
DA:21,7
DA:22,6
DA:23,6
DA:28,6
DA:29,6
DA:34,1
DA:35,1
DA:39,0
DA:40,0
DA:47,5
DA:48,0
DA:49,0
DA:50,0
DA:53,0
LF:25
LH:17
BRDA:8,0,0,0
BRDA:8,0,1,8
BRDA:12,1,0,1
BRDA:12,1,1,7
BRDA:21,2,0,6
BRDA:21,2,1,1
BRF:6
BRH:5
end_of_record
TN:
SF:controllers\coachcontrollers\playerProfile.js
FN:4,(anonymous_0)
FN:21,(anonymous_1)
FN:26,(anonymous_2)
FNF:3
FNH:0
FNDA:0,(anonymous_0)
FNDA:0,(anonymous_1)
FNDA:0,(anonymous_2)
DA:1,5
DA:4,5
DA:5,0
DA:22,0
DA:27,0
LF:5
LH:2
BRF:0
BRH:0
end_of_record
TN:
SF:controllers\coachcontrollers\players.js
FN:3,(anonymous_0)
FN:17,(anonymous_1)
FN:18,(anonymous_2)
FNF:3
FNH:0
FNDA:0,(anonymous_0)
FNDA:0,(anonymous_1)
FNDA:0,(anonymous_2)
DA:1,5
DA:3,5
DA:4,0
DA:5,0
DA:6,0
DA:10,0
DA:17,5
DA:18,0
DA:19,0
LF:9
LH:3
BRDA:5,0,0,0
BRDA:5,0,1,0
BRF:2
BRH:0
end_of_record
TN:
SF:controllers\coachcontrollers\program.js
FN:15,(anonymous_0)
FN:19,(anonymous_1)
FNF:2
FNH:0
FNDA:0,(anonymous_0)
FNDA:0,(anonymous_1)
DA:5,5
DA:15,5
DA:18,0
DA:20,0
LF:4
LH:2
BRF:0
BRH:0
end_of_record
TN:
SF:controllers\coachcontrollers\register.js
FN:5,(anonymous_0)
FN:6,(anonymous_1)
FN:16,(anonymous_2)
FN:25,(anonymous_3)
FNF:4
FNH:4
FNDA:7,(anonymous_0)
FNDA:7,(anonymous_1)
FNDA:7,(anonymous_2)
FNDA:7,(anonymous_3)
DA:1,5
DA:2,5
DA:3,5
DA:5,5
DA:6,7
DA:7,7
DA:16,7
DA:17,7
DA:18,0
DA:19,0
DA:21,7
DA:22,0
DA:23,0
DA:25,7
DA:26,7
DA:27,0
DA:28,0
DA:30,7
DA:34,7
DA:35,7
DA:36,7
LF:21
LH:15
BRDA:17,0,0,0
BRDA:17,0,1,7
BRDA:21,1,0,0
BRDA:21,1,1,7
BRDA:26,2,0,0
BRDA:26,2,1,7
BRF:6
BRH:3
end_of_record
TN:
SF:controllers\coachcontrollers\session.js
FN:11,(anonymous_0)
FN:49,(anonymous_1)
FN:55,(anonymous_2)
FN:61,(anonymous_3)
FN:62,(anonymous_4)
FN:76,(anonymous_5)
FN:93,(anonymous_6)
FN:106,(anonymous_7)
FN:117,(anonymous_8)
FN:121,(anonymous_9)
FN:140,(anonymous_10)
FN:141,(anonymous_11)
FN:146,(anonymous_12)
FN:155,(anonymous_13)
FN:167,(anonymous_14)
FN:180,(anonymous_15)
FNF:16
FNH:8
FNDA:1,(anonymous_0)
FNDA:1,(anonymous_1)
FNDA:1,(anonymous_2)
FNDA:2,(anonymous_3)
FNDA:2,(anonymous_4)
FNDA:1,(anonymous_5)
FNDA:1,(anonymous_6)
FNDA:2,(anonymous_7)
FNDA:0,(anonymous_8)
FNDA:0,(anonymous_9)
FNDA:0,(anonymous_10)
FNDA:0,(anonymous_11)
FNDA:0,(anonymous_12)
FNDA:0,(anonymous_13)
FNDA:0,(anonymous_14)
FNDA:0,(anonymous_15)
DA:1,5
DA:2,5
DA:3,5
DA:4,5
DA:5,5
DA:6,5
DA:11,5
DA:12,1
DA:14,1
DA:15,1
DA:16,1
DA:17,1
DA:18,1
DA:19,1
DA:29,1
DA:30,1
DA:31,1
DA:32,1
DA:49,5
DA:50,1
DA:51,1
DA:56,1
DA:61,5
DA:62,2
DA:63,2
DA:64,1
DA:68,1
DA:76,5
DA:77,1
DA:80,1
DA:94,1
DA:95,0
DA:97,1
DA:98,1
DA:99,1
DA:106,5
DA:107,2
DA:108,2
DA:109,2
DA:112,0
DA:117,5
DA:118,0
DA:122,0
DA:140,5
DA:141,0
DA:142,0
DA:146,5
DA:147,0
DA:156,0
DA:157,0
DA:159,0
DA:160,0
DA:167,5
DA:168,0
DA:171,0
DA:181,0
DA:182,0
DA:184,0
DA:185,0
LF:59
LH:42
BRDA:20,0,0,1
BRDA:20,0,1,0
BRDA:63,1,0,1
BRDA:63,1,1,1
BRDA:94,2,0,0
BRDA:94,2,1,1
BRDA:156,3,0,0
BRDA:156,3,1,0
BRDA:181,4,0,0
BRDA:181,4,1,0
BRF:10
BRH:4
end_of_record
TN:
SF:controllers\coachcontrollers\skills.js
FN:6,(anonymous_0)
FN:26,(anonymous_1)
FN:28,(anonymous_2)
FN:35,(anonymous_3)
FN:37,(anonymous_4)
FN:42,(anonymous_5)
FN:50,(anonymous_6)
FN:75,(anonymous_7)
FN:91,(anonymous_8)
FN:96,(anonymous_9)
FN:106,(anonymous_10)
FN:125,(anonymous_11)
FN:130,(anonymous_12)
FNF:13
FNH:0
FNDA:0,(anonymous_0)
FNDA:0,(anonymous_1)
FNDA:0,(anonymous_2)
FNDA:0,(anonymous_3)
FNDA:0,(anonymous_4)
FNDA:0,(anonymous_5)
FNDA:0,(anonymous_6)
FNDA:0,(anonymous_7)
FNDA:0,(anonymous_8)
FNDA:0,(anonymous_9)
FNDA:0,(anonymous_10)
FNDA:0,(anonymous_11)
FNDA:0,(anonymous_12)
DA:1,5
DA:2,5
DA:3,5
DA:6,5
DA:7,0
DA:8,0
DA:9,0
DA:18,0
DA:19,0
DA:20,0
DA:21,0
DA:26,5
DA:27,0
DA:28,0
DA:29,0
DA:35,5
DA:36,0
DA:38,0
DA:43,0
DA:50,5
DA:52,0
DA:53,0
DA:56,0
DA:65,0
DA:66,0
DA:67,0
DA:68,0
DA:70,0
DA:75,5
DA:76,0
DA:78,0
DA:92,0
DA:97,0
DA:106,5
DA:107,0
DA:108,0
DA:111,0
DA:126,0
DA:131,0
LF:39
LH:9
BRF:0
BRH:0
end_of_record
TN:
SF:controllers\coachcontrollers\speciality.js
FN:4,(anonymous_0)
FNF:1
FNH:0
FNDA:0,(anonymous_0)
DA:1,5
DA:4,5
DA:5,0
DA:10,0
DA:12,0
LF:5
LH:2
BRF:0
BRH:0
end_of_record
TN:
SF:controllers\coachcontrollers\statistic.js
FN:7,(anonymous_0)
FN:29,(anonymous_1)
FN:47,(anonymous_2)
FN:52,(anonymous_3)
FN:61,(anonymous_4)
FN:63,(anonymous_5)
FN:68,(anonymous_6)
FN:78,(anonymous_7)
FN:100,(anonymous_8)
FN:119,(anonymous_9)
FN:124,(anonymous_10)
FNF:11
FNH:0
FNDA:0,(anonymous_0)
FNDA:0,(anonymous_1)
FNDA:0,(anonymous_2)
FNDA:0,(anonymous_3)
FNDA:0,(anonymous_4)
FNDA:0,(anonymous_5)
FNDA:0,(anonymous_6)
FNDA:0,(anonymous_7)
FNDA:0,(anonymous_8)
FNDA:0,(anonymous_9)
FNDA:0,(anonymous_10)
DA:1,5
DA:2,5
DA:3,5
DA:7,5
DA:8,0
DA:9,0
DA:10,0
DA:21,0
DA:22,0
DA:25,0
DA:29,5
DA:30,0
DA:32,0
DA:48,0
DA:53,0
DA:61,5
DA:62,0
DA:64,0
DA:69,0
DA:78,5
DA:79,0
DA:80,0
DA:81,0
DA:92,0
DA:93,0
DA:96,0
DA:100,5
DA:101,0
DA:102,0
DA:103,0
DA:120,0
DA:125,0
LF:32
LH:8
BRF:0
BRH:0
end_of_record
TN:
SF:controllers\playercontrollers\challenge.js
FN:5,(anonymous_0)
FN:7,(anonymous_1)
FN:13,(anonymous_2)
FN:21,(anonymous_3)
FNF:4
FNH:0
FNDA:0,(anonymous_0)
FNDA:0,(anonymous_1)
FNDA:0,(anonymous_2)
FNDA:0,(anonymous_3)
DA:1,5
DA:2,5
DA:3,5
DA:5,5
DA:6,0
DA:7,0
DA:8,0
DA:13,5
DA:14,0
DA:22,0
DA:23,0
DA:25,0
DA:26,0
LF:13
LH:5
BRDA:22,0,0,0
BRDA:22,0,1,0
BRF:2
BRH:0
end_of_record
TN:
SF:controllers\playercontrollers\events.js
FNF:0
FNH:0
DA:1,5
DA:3,5
DA:4,5
LF:3
LH:3
BRF:0
BRH:0
end_of_record
TN:
SF:controllers\playercontrollers\profile.js
FN:4,(anonymous_0)
FN:6,(anonymous_1)
FN:24,(anonymous_2)
FN:31,(anonymous_3)
FN:38,(anonymous_4)
FNF:5
FNH:0
FNDA:0,(anonymous_0)
FNDA:0,(anonymous_1)
FNDA:0,(anonymous_2)
FNDA:0,(anonymous_3)
FNDA:0,(anonymous_4)
DA:1,5
DA:2,5
DA:4,5
DA:6,0
DA:8,0
DA:27,0
DA:32,0
DA:38,5
DA:39,0
DA:40,0
DA:41,0
DA:45,0
LF:12
LH:4
BRDA:40,0,0,0
BRDA:40,0,1,0
BRF:2
BRH:0
end_of_record
TN:
SF:middleware\auth.js
FN:4,(anonymous_0)
FN:14,(anonymous_1)
FN:25,(anonymous_2)
FN:26,(anonymous_3)
FN:41,(anonymous_4)
FN:42,(anonymous_5)
FNF:6
FNH:6
FNDA:24,(anonymous_0)
FNDA:24,(anonymous_1)
FNDA:23,(anonymous_2)
FNDA:23,(anonymous_3)
FNDA:1,(anonymous_4)
FNDA:1,(anonymous_5)
DA:1,5
DA:2,5
DA:4,5
DA:5,24
DA:6,0
DA:8,24
DA:10,24
DA:11,0
DA:14,24
DA:15,24
DA:16,0
DA:19,24
DA:20,24
DA:25,5
DA:26,23
DA:27,23
DA:28,0
DA:29,0
DA:31,23
DA:32,23
DA:33,23
DA:34,23
DA:36,0
DA:37,0
DA:41,5
DA:42,1
DA:43,1
DA:44,0
DA:45,0
DA:47,1
DA:48,1
DA:49,1
DA:50,1
DA:52,0
DA:53,0
DA:57,5
DA:62,5
LF:37
LH:26
BRDA:5,0,0,0
BRDA:5,0,1,24
BRDA:10,1,0,0
BRDA:10,1,1,24
BRDA:15,2,0,0
BRDA:15,2,1,24
BRDA:27,3,0,0
BRDA:27,3,1,23
BRDA:32,4,0,23
BRDA:32,4,1,0
BRDA:43,5,0,0
BRDA:43,5,1,1
BRDA:48,6,0,1
BRDA:48,6,1,0
BRF:14
BRH:7
end_of_record
TN:
SF:models\challenge.js
FNF:0
FNH:0
DA:1,5
DA:2,5
DA:4,5
DA:26,5
LF:4
LH:4
BRF:0
BRH:0
end_of_record
TN:
SF:models\challengeplayer.js
FNF:0
FNH:0
DA:1,5
DA:2,5
DA:4,5
DA:25,5
LF:4
LH:4
BRF:0
BRH:0
end_of_record
TN:
SF:models\events.js
FNF:0
FNH:0
DA:1,5
DA:2,5
DA:6,5
DA:50,5
LF:4
LH:4
BRF:0
BRH:0
end_of_record
TN:
SF:models\program.js
FNF:0
FNH:0
DA:1,5
DA:2,5
DA:4,5
DA:31,5
LF:4
LH:4
BRF:0
BRH:0
end_of_record
TN:
SF:models\reason.js
FNF:0
FNH:0
DA:1,5
DA:2,5
DA:10,5
DA:17,5
LF:4
LH:4
BRF:0
BRH:0
end_of_record
TN:
SF:models\session.js
FNF:0
FNH:0
DA:1,5
DA:2,5
DA:4,5
DA:45,5
LF:4
LH:4
BRF:0
BRH:0
end_of_record
TN:
SF:models\skills.js
FNF:0
FNH:0
DA:1,5
DA:2,5
DA:4,5
DA:45,5
LF:4
LH:4
BRF:0
BRH:0
end_of_record
TN:
SF:models\speciality.js
FNF:0
FNH:0
DA:1,5
DA:2,5
DA:4,5
DA:24,5
LF:4
LH:4
BRF:0
BRH:0
end_of_record
TN:
SF:models\training_location.js
FNF:0
FNH:0
DA:1,5
DA:2,5
DA:4,5
DA:25,5
LF:4
LH:4
BRF:0
BRH:0
end_of_record
TN:
SF:models\type_statistic.js
FNF:0
FNH:0
DA:1,5
DA:2,5
DA:4,5
DA:10,5
DA:17,5
DA:23,5
DA:76,5
DA:84,5
LF:8
LH:8
BRF:0
BRH:0
end_of_record
TN:
SF:models\user.js
FN:122,hashPassword
FN:126,(anonymous_1)
FNF:2
FNH:0
FNDA:0,hashPassword
FNDA:0,(anonymous_1)
DA:1,5
DA:2,5
DA:4,5
DA:5,5
DA:10,5
DA:15,5
DA:20,5
DA:26,5
DA:107,5
DA:114,5
DA:122,5
DA:123,0
DA:126,5
DA:127,0
DA:130,5
LF:15
LH:13
BRF:0
BRH:0
end_of_record
TN:
SF:routes\api.js
FNF:0
FNH:0
DA:2,5
DA:3,5
DA:4,5
DA:6,5
DA:7,5
DA:8,5
DA:9,5
DA:10,5
DA:12,5
DA:17,5
DA:19,5
DA:25,5
DA:27,5
LF:13
LH:13
BRF:0
BRH:0
end_of_record
TN:
SF:routes\coach.js
FNF:0
FNH:0
DA:1,5
DA:2,5
DA:3,5
DA:4,5
DA:5,5
DA:6,5
DA:7,5
DA:8,5
DA:9,5
DA:10,5
DA:11,5
DA:12,5
DA:13,5
DA:14,5
DA:17,5
DA:25,5
DA:33,5
DA:40,5
DA:48,5
DA:55,5
DA:62,5
DA:70,5
DA:78,5
DA:86,5
DA:93,5
DA:100,5
DA:107,5
DA:114,5
DA:121,5
DA:129,5
DA:136,5
DA:144,5
DA:152,5
DA:159,5
DA:167,5
DA:174,5
DA:182,5
DA:190,5
DA:211,5
DA:219,5
DA:227,5
DA:235,5
DA:243,5
DA:251,5
DA:259,5
DA:267,5
DA:276,5
DA:284,5
DA:291,5
DA:299,5
DA:309,5
DA:317,5
DA:326,5
DA:334,5
DA:341,5
DA:349,5
DA:358,5
LF:57
LH:57
BRF:0
BRH:0
end_of_record
TN:
SF:routes\player.js
FNF:0
FNH:0
DA:2,5
DA:3,5
DA:4,5
DA:5,5
DA:7,5
DA:8,5
DA:9,5
DA:10,5
DA:11,5
DA:12,5
DA:19,5
DA:25,5
DA:32,5
DA:39,5
DA:47,5
DA:54,5
DA:63,5
LF:17
LH:17
BRF:0
BRH:0
end_of_record
TN:
SF:utils\serverUtils.js
FN:5,(anonymous_0)
FNF:1
FNH:1
FNDA:5,(anonymous_0)
DA:1,5
DA:2,5
DA:3,5
DA:5,5
DA:7,5
DA:8,5
DA:10,5
DA:11,5
DA:12,5
DA:14,5
DA:15,5
DA:16,5
DA:17,5
DA:21,5
DA:24,5
DA:26,5
LF:16
LH:16
BRF:0
BRH:0
end_of_record
